#
# There is insufficient memory for the Java Runtime Environment to continue.
# Native memory allocation (malloc) failed to allocate 65552 bytes for Chunk::new
# Possible reasons:
#   The system is out of physical RAM or swap space
#   The process is running with CompressedOops enabled, and the Java Heap may be blocking the growth of the native heap
# Possible solutions:
#   Reduce memory load on the system
#   Increase physical memory or swap space
#   Check if swap backing store is full
#   Decrease Java heap size (-Xmx/-Xms)
#   Decrease number of Java threads
#   Decrease Java thread stack sizes (-Xss)
#   Set larger code cache with -XX:ReservedCodeCacheSize=
#   JVM is running with Unscaled Compressed Oops mode in which the Java heap is
#     placed in the first 4GB address space. The Java Heap base address is the
#     maximum limit for the native heap growth. Please use -XX:HeapBaseMinAddress
#     to set the Java Heap base and to place the Java Heap above 4GB virtual address.
# This output file may be truncated or incomplete.
#
#  Out of Memory Error (arena.cpp:189), pid=9236, tid=11568
#
# JRE version: Java(TM) SE Runtime Environment (17.0.6+9) (build 17.0.6+9-LTS-190)
# Java VM: Java HotSpot(TM) 64-Bit Server VM (17.0.6+9-LTS-190, mixed mode, sharing, tiered, compressed oops, compressed class ptrs, g1 gc, windows-amd64)
# No core dump will be written. Minidumps are not enabled by default on client versions of Windows
#

---------------  S U M M A R Y ------------

Command Line: -Dallure.results.directory=D:\QA\projects\Apteka\build\allure-results -Djunit.jupiter.extensions.autodetection.enabled=true -Dorg.gradle.internal.worker.tmpdir=D:\QA\projects\Apteka\build\tmp\test\work -Dorg.gradle.native=false -javaagent:C:\Users\aemcm\.gradle\caches\modules-2\files-2.1\org.aspectj\aspectjweaver\1.9.5\1740dc9140103b796d1722668805fd4cf852780c\aspectjweaver-1.9.5.jar -Xmx512m -Dfile.encoding=UTF-8 -Duser.country=RU -Duser.language=ru -Duser.variant -ea worker.org.gradle.process.internal.worker.GradleWorkerMain 'Gradle Test Executor 5'

Host: Intel(R) Core(TM) i5-3470 CPU @ 3.20GHz, 4 cores, 15G,  Windows 11 , 64 bit Build 22000 (10.0.22000.2003)
Time: Wed Jun 28 17:46:37 2023 RTZ 2 (s 11 , 64 bit Build 22000 (10.0.22000.2003) elapsed time: 8.365631 seconds (0d 0h 0m 8s)

---------------  T H R E A D  ---------------

Current thread (0x000001aad34769d0):  JavaThread "C2 CompilerThread0" daemon [_thread_in_native, id=11568, stack(0x0000009bfdd00000,0x0000009bfde00000)]


Current CompileTask:
C2:   8365 4218       4       org.aspectj.apache.bcel.generic.Type::getTypeInternal (274 bytes)

Stack: [0x0000009bfdd00000,0x0000009bfde00000]
Native frames: (J=compiled Java code, j=interpreted, Vv=VM code, C=native code)
V  [jvm.dll+0x6734ea]
V  [jvm.dll+0x7d18f4]
V  [jvm.dll+0x7d309e]
V  [jvm.dll+0x7d3703]
V  [jvm.dll+0x2433c5]
V  [jvm.dll+0xaa46b]
V  [jvm.dll+0xaaa0c]
V  [jvm.dll+0xaa584]
V  [jvm.dll+0x651e3c]
V  [jvm.dll+0x57bbdd]
V  [jvm.dll+0x21e142]
V  [jvm.dll+0x217500]
V  [jvm.dll+0x215109]
V  [jvm.dll+0x1a1730]
V  [jvm.dll+0x224b6e]
V  [jvm.dll+0x222f15]
V  [jvm.dll+0x78753c]
V  [jvm.dll+0x781a7a]
V  [jvm.dll+0x672375]
C  [ucrtbase.dll+0x26c0c]
C  [KERNEL32.DLL+0x155a0]
C  [ntdll.dll+0x485b]


---------------  P R O C E S S  ---------------

Threads class SMR info:
_java_thread_list=0x000001aad754a4d0, length=29, elements={
0x000001aab9422470, 0x000001aad34541c0, 0x000001aad3454c80, 0x000001aad346d270,
0x000001aad346ff40, 0x000001aad3471810, 0x000001aad34728e0, 0x000001aad34769d0,
0x000001aad34817b0, 0x000001aad348a880, 0x000001aad343e350, 0x000001aad4647b20,
0x000001aad4c8ff60, 0x000001aad4649800, 0x000001aad4647ff0, 0x000001aad464a670,
0x000001aad46484c0, 0x000001aad4648990, 0x000001aad4649330, 0x000001aad4e1fa40,
0x000001aad4e1ca20, 0x000001aad4e1ebd0, 0x000001aad4e1e700, 0x000001aad4e220c0,
0x000001aad4e1f0a0, 0x000001aad4e21720, 0x000001aad4e1f570, 0x000001aad4e1ff10,
0x000001aad4e203e0
}

Java Threads: ( => current thread )
  0x000001aab9422470 JavaThread "Test worker" [_thread_in_vm, id=15772, stack(0x0000009bfd000000,0x0000009bfd100000)]
  0x000001aad34541c0 JavaThread "Reference Handler" daemon [_thread_blocked, id=12180, stack(0x0000009bfd700000,0x0000009bfd800000)]
  0x000001aad3454c80 JavaThread "Finalizer" daemon [_thread_blocked, id=16296, stack(0x0000009bfd800000,0x0000009bfd900000)]
  0x000001aad346d270 JavaThread "Signal Dispatcher" daemon [_thread_blocked, id=13736, stack(0x0000009bfd900000,0x0000009bfda00000)]
  0x000001aad346ff40 JavaThread "Attach Listener" daemon [_thread_blocked, id=14072, stack(0x0000009bfda00000,0x0000009bfdb00000)]
  0x000001aad3471810 JavaThread "Service Thread" daemon [_thread_blocked, id=17756, stack(0x0000009bfdb00000,0x0000009bfdc00000)]
  0x000001aad34728e0 JavaThread "Monitor Deflation Thread" daemon [_thread_blocked, id=11860, stack(0x0000009bfdc00000,0x0000009bfdd00000)]
=>0x000001aad34769d0 JavaThread "C2 CompilerThread0" daemon [_thread_in_native, id=11568, stack(0x0000009bfdd00000,0x0000009bfde00000)]
  0x000001aad34817b0 JavaThread "C1 CompilerThread0" daemon [_thread_blocked, id=12044, stack(0x0000009bfde00000,0x0000009bfdf00000)]
  0x000001aad348a880 JavaThread "Sweeper thread" daemon [_thread_blocked, id=15088, stack(0x0000009bfdf00000,0x0000009bfe000000)]
  0x000001aad343e350 JavaThread "Common-Cleaner" daemon [_thread_blocked, id=13992, stack(0x0000009bfe000000,0x0000009bfe100000)]
  0x000001aad4647b20 JavaThread "Notification Thread" daemon [_thread_blocked, id=3852, stack(0x0000009bfe100000,0x0000009bfe200000)]
  0x000001aad4c8ff60 JavaThread "C2 CompilerThread1" daemon [_thread_blocked, id=18740, stack(0x0000009bfe300000,0x0000009bfe400000)]
  0x000001aad4649800 JavaThread "/127.0.0.1:12852 to /127.0.0.1:12850 workers" [_thread_blocked, id=8964, stack(0x0000009bfe800000,0x0000009bfe900000)]
  0x000001aad4647ff0 JavaThread "/127.0.0.1:12852 to /127.0.0.1:12850 workers Thread 2" [_thread_blocked, id=8536, stack(0x0000009bfe900000,0x0000009bfea00000)]
  0x000001aad464a670 JavaThread "/127.0.0.1:12852 to /127.0.0.1:12850 workers Thread 3" [_thread_in_native, id=9904, stack(0x0000009bfea00000,0x0000009bfeb00000)]
  0x000001aad46484c0 JavaThread "ForkJoinPool.commonPool-worker-1" daemon [_thread_blocked, id=10104, stack(0x0000009bfed00000,0x0000009bfee00000)]
  0x000001aad4648990 JavaThread "AsyncHttpClient-1-1" daemon [_thread_blocked, id=19020, stack(0x0000009bfee00000,0x0000009bfef00000)]
  0x000001aad4649330 JavaThread "Exec Default Executor" daemon [_thread_in_native, id=7868, stack(0x0000009bfef00000,0x0000009bff000000)]
  0x000001aad4e1fa40 JavaThread "Exec Stream Pumper" daemon [_thread_in_native, id=8768, stack(0x0000009bff000000,0x0000009bff100000)]
  0x000001aad4e1ca20 JavaThread "Exec Stream Pumper" daemon [_thread_in_native, id=2024, stack(0x0000009bff100000,0x0000009bff200000)]
  0x000001aad4e1ebd0 JavaThread "Driver Service Executor" daemon [_thread_blocked, id=9832, stack(0x0000009bff200000,0x0000009bff300000)]
  0x000001aad4e1e700 JavaThread "Driver Service Executor" daemon [_thread_blocked, id=16908, stack(0x0000009bff300000,0x0000009bff400000)]
  0x000001aad4e220c0 JavaThread "UrlChecker-2" daemon [_thread_blocked, id=2664, stack(0x0000009bff400000,0x0000009bff500000)]
  0x000001aad4e1f0a0 JavaThread "Keep-Alive-Timer" daemon [_thread_blocked, id=11072, stack(0x0000009bff500000,0x0000009bff600000)]
  0x000001aad4e21720 JavaThread "AsyncHttpClient-1-2" daemon [_thread_in_native, id=8824, stack(0x0000009bff600000,0x0000009bff700000)]
  0x000001aad4e1f570 JavaThread "AsyncHttpClient-1-3" daemon [_thread_in_native, id=10132, stack(0x0000009bff700000,0x0000009bff800000)]
  0x000001aad4e1ff10 JavaThread "AsyncHttpClient-1-4" daemon [_thread_in_native, id=15008, stack(0x0000009bff800000,0x0000009bff900000)]
  0x000001aad4e203e0 JavaThread "Dead threads watchdog" daemon [_thread_blocked, id=14692, stack(0x0000009bff900000,0x0000009bffa00000)]

Other Threads:
  0x000001aad344b3f0 VMThread "VM Thread" [stack: 0x0000009bfd600000,0x0000009bfd700000] [id=11584]
  0x000001aab9456e50 WatcherThread [stack: 0x0000009bfe200000,0x0000009bfe300000] [id=15756]
  0x000001aab728c6c0 GCTaskThread "GC Thread#0" [stack: 0x0000009bfd100000,0x0000009bfd200000] [id=7692]
  0x000001aad4a0d6c0 GCTaskThread "GC Thread#1" [stack: 0x0000009bfe400000,0x0000009bfe500000] [id=17904]
  0x000001aad46c3d00 GCTaskThread "GC Thread#2" [stack: 0x0000009bfe500000,0x0000009bfe600000] [id=3748]
  0x000001aad49dc110 GCTaskThread "GC Thread#3" [stack: 0x0000009bfe600000,0x0000009bfe700000] [id=19216]
  0x000001aab728e1b0 ConcurrentGCThread "G1 Main Marker" [stack: 0x0000009bfd200000,0x0000009bfd300000] [id=18712]
  0x000001aab728ead0 ConcurrentGCThread "G1 Conc#0" [stack: 0x0000009bfd300000,0x0000009bfd400000] [id=5368]
  0x000001aad33120c0 ConcurrentGCThread "G1 Refine#0" [stack: 0x0000009bfd400000,0x0000009bfd500000] [id=6316]
  0x000001aad4ffcab0 ConcurrentGCThread "G1 Refine#1" [stack: 0x0000009bfeb00000,0x0000009bfec00000] [id=8200]
  0x000001aad587c510 ConcurrentGCThread "G1 Refine#2" [stack: 0x0000009bfec00000,0x0000009bfed00000] [id=9944]
  0x000001aad33129f0 ConcurrentGCThread "G1 Service" [stack: 0x0000009bfd500000,0x0000009bfd600000] [id=4692]

Threads with active compile tasks:
C2 CompilerThread0     8392 4218       4       org.aspectj.apache.bcel.generic.Type::getTypeInternal (274 bytes)

VM state: not at safepoint (normal execution)

VM Mutex/Monitor currently owned by a thread: None

Heap address: 0x00000000e0000000, size: 512 MB, Compressed Oops mode: 32-bit

CDS archive(s) mapped at: [0x0000000800000000-0x0000000800bd0000-0x0000000800bd0000), size 12386304, SharedBaseAddress: 0x0000000800000000, ArchiveRelocationMode: 0.
Compressed class space mapped at: 0x0000000800c00000-0x0000000840c00000, reserved size: 1073741824
Narrow klass base: 0x0000000800000000, Narrow klass shift: 0, Narrow klass range: 0x100000000

GC Precious Log:
 CPUs: 4 total, 4 available
 Memory: 16328M
 Large Page Support: Disabled
 NUMA Support: Disabled
 Compressed Oops: Enabled (32-bit)
 Heap Region Size: 1M
 Heap Min Capacity: 8M
 Heap Initial Capacity: 256M
 Heap Max Capacity: 512M
 Pre-touch: Disabled
 Parallel Workers: 4
 Concurrent Workers: 1
 Concurrent Refinement Workers: 4
 Periodic GC: Disabled

Heap:
 garbage-first heap   total 122880K, used 67450K [0x00000000e0000000, 0x0000000100000000)
  region size 1024K, 4 young (4096K), 1 survivors (1024K)
 Metaspace       used 39548K, committed 39872K, reserved 1089536K
  class space    used 4756K, committed 4928K, reserved 1048576K

Heap Regions: E=young(eden), S=young(survivor), O=old, HS=humongous(starts), HC=humongous(continues), CS=collection set, F=free, OA=open archive, CA=closed archive, TAMS=top-at-mark-start (previous, next)
|   0|0x00000000e0000000, 0x00000000e0100000, 0x00000000e0100000|100%| O|  |TAMS 0x00000000e0100000, 0x00000000e0000000| Untracked 
|   1|0x00000000e0100000, 0x00000000e0200000, 0x00000000e0200000|100%| O|  |TAMS 0x00000000e0200000, 0x00000000e0100000| Untracked 
|   2|0x00000000e0200000, 0x00000000e0300000, 0x00000000e0300000|100%| O|  |TAMS 0x00000000e0300000, 0x00000000e0200000| Untracked 
|   3|0x00000000e0300000, 0x00000000e0400000, 0x00000000e0400000|100%| O|  |TAMS 0x00000000e0400000, 0x00000000e0300000| Untracked 
|   4|0x00000000e0400000, 0x00000000e0500000, 0x00000000e0500000|100%| O|  |TAMS 0x00000000e0500000, 0x00000000e0400000| Untracked 
|   5|0x00000000e0500000, 0x00000000e0600000, 0x00000000e0600000|100%| O|  |TAMS 0x00000000e0600000, 0x00000000e0500000| Untracked 
|   6|0x00000000e0600000, 0x00000000e0700000, 0x00000000e0700000|100%| O|  |TAMS 0x00000000e0700000, 0x00000000e0600000| Untracked 
|   7|0x00000000e0700000, 0x00000000e0800000, 0x00000000e0800000|100%| O|  |TAMS 0x00000000e0800000, 0x00000000e0700000| Untracked 
|   8|0x00000000e0800000, 0x00000000e0800000, 0x00000000e0900000|  0%| F|  |TAMS 0x00000000e0800000, 0x00000000e0800000| Untracked 
|   9|0x00000000e0900000, 0x00000000e0a00000, 0x00000000e0a00000|100%| O|  |TAMS 0x00000000e0a00000, 0x00000000e0900000| Untracked 
|  10|0x00000000e0a00000, 0x00000000e0b00000, 0x00000000e0b00000|100%| O|  |TAMS 0x00000000e0b00000, 0x00000000e0a00000| Untracked 
|  11|0x00000000e0b00000, 0x00000000e0c00000, 0x00000000e0c00000|100%| O|  |TAMS 0x00000000e0c00000, 0x00000000e0b00000| Untracked 
|  12|0x00000000e0c00000, 0x00000000e0d00000, 0x00000000e0d00000|100%| O|  |TAMS 0x00000000e0d00000, 0x00000000e0c00000| Untracked 
|  13|0x00000000e0d00000, 0x00000000e0e00000, 0x00000000e0e00000|100%| O|  |TAMS 0x00000000e0e00000, 0x00000000e0d00000| Untracked 
|  14|0x00000000e0e00000, 0x00000000e0f00000, 0x00000000e0f00000|100%| O|  |TAMS 0x00000000e0f00000, 0x00000000e0e00000| Untracked 
|  15|0x00000000e0f00000, 0x00000000e1000000, 0x00000000e1000000|100%| O|  |TAMS 0x00000000e1000000, 0x00000000e0f00000| Untracked 
|  16|0x00000000e1000000, 0x00000000e1100000, 0x00000000e1100000|100%| O|  |TAMS 0x00000000e1100000, 0x00000000e1000000| Untracked 
|  17|0x00000000e1100000, 0x00000000e1200000, 0x00000000e1200000|100%| O|  |TAMS 0x00000000e1200000, 0x00000000e1100000| Untracked 
|  18|0x00000000e1200000, 0x00000000e1300000, 0x00000000e1300000|100%| O|  |TAMS 0x00000000e1300000, 0x00000000e1200000| Untracked 
|  19|0x00000000e1300000, 0x00000000e1400000, 0x00000000e1400000|100%| O|  |TAMS 0x00000000e1400000, 0x00000000e1300000| Untracked 
|  20|0x00000000e1400000, 0x00000000e1500000, 0x00000000e1500000|100%| O|  |TAMS 0x00000000e1500000, 0x00000000e1400000| Untracked 
|  21|0x00000000e1500000, 0x00000000e1600000, 0x00000000e1600000|100%| O|  |TAMS 0x00000000e1600000, 0x00000000e1500000| Untracked 
|  22|0x00000000e1600000, 0x00000000e1600000, 0x00000000e1700000|  0%| F|  |TAMS 0x00000000e1600000, 0x00000000e1600000| Untracked 
|  23|0x00000000e1700000, 0x00000000e1800000, 0x00000000e1800000|100%| O|  |TAMS 0x00000000e1800000, 0x00000000e1700000| Untracked 
|  24|0x00000000e1800000, 0x00000000e1900000, 0x00000000e1900000|100%| O|  |TAMS 0x00000000e1900000, 0x00000000e1800000| Untracked 
|  25|0x00000000e1900000, 0x00000000e1a00000, 0x00000000e1a00000|100%| O|  |TAMS 0x00000000e1a00000, 0x00000000e1900000| Untracked 
|  26|0x00000000e1a00000, 0x00000000e1b00000, 0x00000000e1b00000|100%| O|  |TAMS 0x00000000e1b00000, 0x00000000e1a00000| Untracked 
|  27|0x00000000e1b00000, 0x00000000e1b00000, 0x00000000e1c00000|  0%| F|  |TAMS 0x00000000e1b00000, 0x00000000e1b00000| Untracked 
|  28|0x00000000e1c00000, 0x00000000e1d00000, 0x00000000e1d00000|100%| O|  |TAMS 0x00000000e1d00000, 0x00000000e1c00000| Untracked 
|  29|0x00000000e1d00000, 0x00000000e1e00000, 0x00000000e1e00000|100%| O|  |TAMS 0x00000000e1e00000, 0x00000000e1d00000| Untracked 
|  30|0x00000000e1e00000, 0x00000000e1f00000, 0x00000000e1f00000|100%| O|  |TAMS 0x00000000e1f00000, 0x00000000e1e00000| Untracked 
|  31|0x00000000e1f00000, 0x00000000e2000000, 0x00000000e2000000|100%| O|  |TAMS 0x00000000e2000000, 0x00000000e1f00000| Untracked 
|  32|0x00000000e2000000, 0x00000000e2100000, 0x00000000e2100000|100%| O|  |TAMS 0x00000000e2100000, 0x00000000e2000000| Untracked 
|  33|0x00000000e2100000, 0x00000000e2200000, 0x00000000e2200000|100%| O|  |TAMS 0x00000000e2200000, 0x00000000e2100000| Untracked 
|  34|0x00000000e2200000, 0x00000000e2300000, 0x00000000e2300000|100%| O|  |TAMS 0x00000000e2300000, 0x00000000e2200000| Untracked 
|  35|0x00000000e2300000, 0x00000000e2400000, 0x00000000e2400000|100%| O|  |TAMS 0x00000000e2400000, 0x00000000e2300000| Untracked 
|  36|0x00000000e2400000, 0x00000000e2500000, 0x00000000e2500000|100%| O|  |TAMS 0x00000000e2500000, 0x00000000e2400000| Untracked 
|  37|0x00000000e2500000, 0x00000000e2600000, 0x00000000e2600000|100%| O|  |TAMS 0x00000000e2600000, 0x00000000e2500000| Untracked 
|  38|0x00000000e2600000, 0x00000000e2700000, 0x00000000e2700000|100%| O|  |TAMS 0x00000000e2700000, 0x00000000e2600000| Untracked 
|  39|0x00000000e2700000, 0x00000000e2800000, 0x00000000e2800000|100%| O|  |TAMS 0x00000000e2800000, 0x00000000e2700000| Untracked 
|  40|0x00000000e2800000, 0x00000000e2900000, 0x00000000e2900000|100%| O|  |TAMS 0x00000000e2900000, 0x00000000e2800000| Untracked 
|  41|0x00000000e2900000, 0x00000000e2a00000, 0x00000000e2a00000|100%| O|  |TAMS 0x00000000e2a00000, 0x00000000e2900000| Untracked 
|  42|0x00000000e2a00000, 0x00000000e2a00000, 0x00000000e2b00000|  0%| F|  |TAMS 0x00000000e2a00000, 0x00000000e2a00000| Untracked 
|  43|0x00000000e2b00000, 0x00000000e2c00000, 0x00000000e2c00000|100%| O|  |TAMS 0x00000000e2c00000, 0x00000000e2b00000| Untracked 
|  44|0x00000000e2c00000, 0x00000000e2d00000, 0x00000000e2d00000|100%| O|  |TAMS 0x00000000e2d00000, 0x00000000e2c00000| Untracked 
|  45|0x00000000e2d00000, 0x00000000e2e00000, 0x00000000e2e00000|100%| O|  |TAMS 0x00000000e2e00000, 0x00000000e2d00000| Untracked 
|  46|0x00000000e2e00000, 0x00000000e2f00000, 0x00000000e2f00000|100%| O|  |TAMS 0x00000000e2f00000, 0x00000000e2e00000| Untracked 
|  47|0x00000000e2f00000, 0x00000000e3000000, 0x00000000e3000000|100%| O|  |TAMS 0x00000000e3000000, 0x00000000e2f00000| Untracked 
|  48|0x00000000e3000000, 0x00000000e3100000, 0x00000000e3100000|100%| O|  |TAMS 0x00000000e3100000, 0x00000000e3000000| Untracked 
|  49|0x00000000e3100000, 0x00000000e3200000, 0x00000000e3200000|100%| O|  |TAMS 0x00000000e3200000, 0x00000000e3100000| Untracked 
|  50|0x00000000e3200000, 0x00000000e3300000, 0x00000000e3300000|100%| O|  |TAMS 0x00000000e3300000, 0x00000000e3200000| Untracked 
|  51|0x00000000e3300000, 0x00000000e3400000, 0x00000000e3400000|100%| O|  |TAMS 0x00000000e3400000, 0x00000000e3300000| Untracked 
|  52|0x00000000e3400000, 0x00000000e3500000, 0x00000000e3500000|100%| O|  |TAMS 0x00000000e3500000, 0x00000000e3400000| Untracked 
|  53|0x00000000e3500000, 0x00000000e3600000, 0x00000000e3600000|100%| O|  |TAMS 0x00000000e3600000, 0x00000000e3500000| Untracked 
|  54|0x00000000e3600000, 0x00000000e3700000, 0x00000000e3700000|100%| O|  |TAMS 0x00000000e3700000, 0x00000000e3600000| Untracked 
|  55|0x00000000e3700000, 0x00000000e3800000, 0x00000000e3800000|100%| O|  |TAMS 0x00000000e3700000, 0x00000000e3700000| Untracked 
|  56|0x00000000e3800000, 0x00000000e3900000, 0x00000000e3900000|100%| O|  |TAMS 0x00000000e3800000, 0x00000000e3800000| Untracked 
|  57|0x00000000e3900000, 0x00000000e3a00000, 0x00000000e3a00000|100%| O|  |TAMS 0x00000000e3900000, 0x00000000e3900000| Untracked 
|  58|0x00000000e3a00000, 0x00000000e3b00000, 0x00000000e3b00000|100%| O|  |TAMS 0x00000000e3a00000, 0x00000000e3a00000| Untracked 
|  59|0x00000000e3b00000, 0x00000000e3c00000, 0x00000000e3c00000|100%|HS|  |TAMS 0x00000000e3b00000, 0x00000000e3b00000| Complete 
|  60|0x00000000e3c00000, 0x00000000e3d00000, 0x00000000e3d00000|100%|HC|  |TAMS 0x00000000e3c00000, 0x00000000e3c00000| Complete 
|  61|0x00000000e3d00000, 0x00000000e3e00000, 0x00000000e3e00000|100%|HC|  |TAMS 0x00000000e3d00000, 0x00000000e3d00000| Complete 
|  62|0x00000000e3e00000, 0x00000000e3f00000, 0x00000000e3f00000|100%|HC|  |TAMS 0x00000000e3e00000, 0x00000000e3e00000| Complete 
|  63|0x00000000e3f00000, 0x00000000e4000000, 0x00000000e4000000|100%|HC|  |TAMS 0x00000000e3f00000, 0x00000000e3f00000| Complete 
|  64|0x00000000e4000000, 0x00000000e4100000, 0x00000000e4100000|100%| O|  |TAMS 0x00000000e4000000, 0x00000000e4000000| Untracked 
|  65|0x00000000e4100000, 0x00000000e4200000, 0x00000000e4200000|100%| O|  |TAMS 0x00000000e4100000, 0x00000000e4100000| Untracked 
|  66|0x00000000e4200000, 0x00000000e4300000, 0x00000000e4300000|100%| O|  |TAMS 0x00000000e4200000, 0x00000000e4200000| Untracked 
|  67|0x00000000e4300000, 0x00000000e436c200, 0x00000000e4400000| 42%| O|  |TAMS 0x00000000e4300000, 0x00000000e4300000| Untracked 
|  68|0x00000000e4400000, 0x00000000e4400000, 0x00000000e4500000|  0%| F|  |TAMS 0x00000000e4400000, 0x00000000e4400000| Untracked 
|  69|0x00000000e4500000, 0x00000000e4500000, 0x00000000e4600000|  0%| F|  |TAMS 0x00000000e4500000, 0x00000000e4500000| Untracked 
|  70|0x00000000e4600000, 0x00000000e4600000, 0x00000000e4700000|  0%| F|  |TAMS 0x00000000e4600000, 0x00000000e4600000| Untracked 
|  71|0x00000000e4700000, 0x00000000e4700000, 0x00000000e4800000|  0%| F|  |TAMS 0x00000000e4700000, 0x00000000e4700000| Untracked 
|  72|0x00000000e4800000, 0x00000000e4800000, 0x00000000e4900000|  0%| F|  |TAMS 0x00000000e4800000, 0x00000000e4800000| Untracked 
|  73|0x00000000e4900000, 0x00000000e4900000, 0x00000000e4a00000|  0%| F|  |TAMS 0x00000000e4900000, 0x00000000e4900000| Untracked 
|  74|0x00000000e4a00000, 0x00000000e4a00000, 0x00000000e4b00000|  0%| F|  |TAMS 0x00000000e4a00000, 0x00000000e4a00000| Untracked 
|  75|0x00000000e4b00000, 0x00000000e4b00000, 0x00000000e4c00000|  0%| F|  |TAMS 0x00000000e4b00000, 0x00000000e4b00000| Untracked 
|  76|0x00000000e4c00000, 0x00000000e4c00000, 0x00000000e4d00000|  0%| F|  |TAMS 0x00000000e4c00000, 0x00000000e4c00000| Untracked 
|  77|0x00000000e4d00000, 0x00000000e4d00000, 0x00000000e4e00000|  0%| F|  |TAMS 0x00000000e4d00000, 0x00000000e4d00000| Untracked 
|  78|0x00000000e4e00000, 0x00000000e4e00000, 0x00000000e4f00000|  0%| F|  |TAMS 0x00000000e4e00000, 0x00000000e4e00000| Untracked 
|  79|0x00000000e4f00000, 0x00000000e4f00000, 0x00000000e5000000|  0%| F|  |TAMS 0x00000000e4f00000, 0x00000000e4f00000| Untracked 
|  80|0x00000000e5000000, 0x00000000e5000000, 0x00000000e5100000|  0%| F|  |TAMS 0x00000000e5000000, 0x00000000e5000000| Untracked 
|  81|0x00000000e5100000, 0x00000000e5100000, 0x00000000e5200000|  0%| F|  |TAMS 0x00000000e5100000, 0x00000000e5100000| Untracked 
|  82|0x00000000e5200000, 0x00000000e5200000, 0x00000000e5300000|  0%| F|  |TAMS 0x00000000e5200000, 0x00000000e5200000| Untracked 
|  83|0x00000000e5300000, 0x00000000e5300000, 0x00000000e5400000|  0%| F|  |TAMS 0x00000000e5300000, 0x00000000e5300000| Untracked 
|  84|0x00000000e5400000, 0x00000000e5400000, 0x00000000e5500000|  0%| F|  |TAMS 0x00000000e5400000, 0x00000000e5400000| Untracked 
|  85|0x00000000e5500000, 0x00000000e5500000, 0x00000000e5600000|  0%| F|  |TAMS 0x00000000e5500000, 0x00000000e5500000| Untracked 
|  86|0x00000000e5600000, 0x00000000e5600000, 0x00000000e5700000|  0%| F|  |TAMS 0x00000000e5600000, 0x00000000e5600000| Untracked 
|  87|0x00000000e5700000, 0x00000000e5700000, 0x00000000e5800000|  0%| F|  |TAMS 0x00000000e5700000, 0x00000000e5700000| Untracked 
|  88|0x00000000e5800000, 0x00000000e5800000, 0x00000000e5900000|  0%| F|  |TAMS 0x00000000e5800000, 0x00000000e5800000| Untracked 
|  89|0x00000000e5900000, 0x00000000e5900000, 0x00000000e5a00000|  0%| F|  |TAMS 0x00000000e5900000, 0x00000000e5900000| Untracked 
|  90|0x00000000e5a00000, 0x00000000e5a00000, 0x00000000e5b00000|  0%| F|  |TAMS 0x00000000e5a00000, 0x00000000e5a00000| Untracked 
|  91|0x00000000e5b00000, 0x00000000e5b00000, 0x00000000e5c00000|  0%| F|  |TAMS 0x00000000e5b00000, 0x00000000e5b00000| Untracked 
|  92|0x00000000e5c00000, 0x00000000e5c00000, 0x00000000e5d00000|  0%| F|  |TAMS 0x00000000e5c00000, 0x00000000e5c00000| Untracked 
|  93|0x00000000e5d00000, 0x00000000e5d00000, 0x00000000e5e00000|  0%| F|  |TAMS 0x00000000e5d00000, 0x00000000e5d00000| Untracked 
|  94|0x00000000e5e00000, 0x00000000e5e00000, 0x00000000e5f00000|  0%| F|  |TAMS 0x00000000e5e00000, 0x00000000e5e00000| Untracked 
|  95|0x00000000e5f00000, 0x00000000e5f00000, 0x00000000e6000000|  0%| F|  |TAMS 0x00000000e5f00000, 0x00000000e5f00000| Untracked 
|  96|0x00000000e6000000, 0x00000000e6000000, 0x00000000e6100000|  0%| F|  |TAMS 0x00000000e6000000, 0x00000000e6000000| Untracked 
|  97|0x00000000e6100000, 0x00000000e6100000, 0x00000000e6200000|  0%| F|  |TAMS 0x00000000e6100000, 0x00000000e6100000| Untracked 
|  98|0x00000000e6200000, 0x00000000e6200000, 0x00000000e6300000|  0%| F|  |TAMS 0x00000000e6200000, 0x00000000e6200000| Untracked 
|  99|0x00000000e6300000, 0x00000000e6300000, 0x00000000e6400000|  0%| F|  |TAMS 0x00000000e6300000, 0x00000000e6300000| Untracked 
| 100|0x00000000e6400000, 0x00000000e6400000, 0x00000000e6500000|  0%| F|  |TAMS 0x00000000e6400000, 0x00000000e6400000| Untracked 
| 101|0x00000000e6500000, 0x00000000e6500000, 0x00000000e6600000|  0%| F|  |TAMS 0x00000000e6500000, 0x00000000e6500000| Untracked 
| 102|0x00000000e6600000, 0x00000000e6600000, 0x00000000e6700000|  0%| F|  |TAMS 0x00000000e6600000, 0x00000000e6600000| Untracked 
| 103|0x00000000e6700000, 0x00000000e6700000, 0x00000000e6800000|  0%| F|  |TAMS 0x00000000e6700000, 0x00000000e6700000| Untracked 
| 104|0x00000000e6800000, 0x00000000e6800000, 0x00000000e6900000|  0%| F|  |TAMS 0x00000000e6800000, 0x00000000e6800000| Untracked 
| 105|0x00000000e6900000, 0x00000000e6900000, 0x00000000e6a00000|  0%| F|  |TAMS 0x00000000e6900000, 0x00000000e6900000| Untracked 
| 106|0x00000000e6a00000, 0x00000000e6a00000, 0x00000000e6b00000|  0%| F|  |TAMS 0x00000000e6a00000, 0x00000000e6a00000| Untracked 
| 107|0x00000000e6b00000, 0x00000000e6b00000, 0x00000000e6c00000|  0%| F|  |TAMS 0x00000000e6b00000, 0x00000000e6b00000| Untracked 
| 108|0x00000000e6c00000, 0x00000000e6c00000, 0x00000000e6d00000|  0%| F|  |TAMS 0x00000000e6c00000, 0x00000000e6c00000| Untracked 
| 109|0x00000000e6d00000, 0x00000000e6d00000, 0x00000000e6e00000|  0%| F|  |TAMS 0x00000000e6d00000, 0x00000000e6d00000| Untracked 
| 110|0x00000000e6e00000, 0x00000000e6e00000, 0x00000000e6f00000|  0%| F|  |TAMS 0x00000000e6e00000, 0x00000000e6e00000| Untracked 
| 111|0x00000000e6f00000, 0x00000000e6f00000, 0x00000000e7000000|  0%| F|  |TAMS 0x00000000e6f00000, 0x00000000e6f00000| Untracked 
| 200|0x00000000ec800000, 0x00000000ec800000, 0x00000000ec900000|  0%| F|  |TAMS 0x00000000ec800000, 0x00000000ec800000| Untracked 
| 201|0x00000000ec900000, 0x00000000ec900000, 0x00000000eca00000|  0%| F|  |TAMS 0x00000000ec900000, 0x00000000ec900000| Untracked 
| 202|0x00000000eca00000, 0x00000000eca00000, 0x00000000ecb00000|  0%| F|  |TAMS 0x00000000eca00000, 0x00000000eca00000| Untracked 
| 203|0x00000000ecb00000, 0x00000000ecb00000, 0x00000000ecc00000|  0%| F|  |TAMS 0x00000000ecb00000, 0x00000000ecb00000| Untracked 
| 204|0x00000000ecc00000, 0x00000000ecc80800, 0x00000000ecd00000| 50%| E|  |TAMS 0x00000000ecc00000, 0x00000000ecc00000| Complete 
| 205|0x00000000ecd00000, 0x00000000ecd72858, 0x00000000ece00000| 44%| S|CS|TAMS 0x00000000ecd00000, 0x00000000ecd00000| Complete 
| 206|0x00000000ece00000, 0x00000000ecf00000, 0x00000000ecf00000|100%| E|CS|TAMS 0x00000000ece00000, 0x00000000ece00000| Complete 
| 255|0x00000000eff00000, 0x00000000f0000000, 0x00000000f0000000|100%| E|CS|TAMS 0x00000000eff00000, 0x00000000eff00000| Complete 

Card table byte_map: [0x000001aacfca0000,0x000001aacfda0000] _byte_map_base: 0x000001aacf5a0000

Marking Bits (Prev, Next): (CMBitMap*) 0x000001aab728cb20, (CMBitMap*) 0x000001aab728cae0
 Prev Bits: [0x000001aad06a0000, 0x000001aad0ea0000)
 Next Bits: [0x000001aacfea0000, 0x000001aad06a0000)

Polling page: 0x000001aab7360000

Metaspace:

Usage:
  Non-class:     33.98 MB used.
      Class:      4.65 MB used.
       Both:     38.62 MB used.

Virtual space:
  Non-class space:       40.00 MB reserved,      34.12 MB ( 85%) committed,  5 nodes.
      Class space:        1.00 GB reserved,       4.81 MB ( <1%) committed,  1 nodes.
             Both:        1.04 GB reserved,      38.94 MB (  4%) committed. 

Chunk freelists:
   Non-Class:  1.27 MB
       Class:  3.22 MB
        Both:  4.48 MB

MaxMetaspaceSize: unlimited
CompressedClassSpaceSize: 1.00 GB
Initial GC threshold: 21.00 MB
Current GC threshold: 61.38 MB
CDS: on
MetaspaceReclaimPolicy: balanced
 - commit_granule_bytes: 65536.
 - commit_granule_words: 8192.
 - virtual_space_node_default_size: 1048576.
 - enlarge_chunks_in_place: 1.
 - new_chunks_are_fully_committed: 0.
 - uncommit_free_chunks: 1.
 - use_allocation_guard: 0.
 - handle_deallocations: 1.


Internal statistics:

num_allocs_failed_limit: 6.
num_arena_births: 278.
num_arena_deaths: 0.
num_vsnodes_births: 6.
num_vsnodes_deaths: 0.
num_space_committed: 623.
num_space_uncommitted: 0.
num_chunks_returned_to_freelist: 6.
num_chunks_taken_from_freelist: 1342.
num_chunk_merges: 0.
num_chunk_splits: 964.
num_chunks_enlarged: 780.
num_purges: 0.
num_inconsistent_stats: 0.

CodeHeap 'non-profiled nmethods': size=120000Kb used=2855Kb max_used=2855Kb free=117145Kb
 bounds [0x000001aac8770000, 0x000001aac8a40000, 0x000001aacfca0000]
CodeHeap 'profiled nmethods': size=120000Kb used=7414Kb max_used=8572Kb free=112585Kb
 bounds [0x000001aac0ca0000, 0x000001aac1530000, 0x000001aac81d0000]
CodeHeap 'non-nmethods': size=5760Kb used=1306Kb max_used=1365Kb free=4453Kb
 bounds [0x000001aac81d0000, 0x000001aac8440000, 0x000001aac8770000]
 total_blobs=4177 nmethods=3557 adapters=531
 compilation: enabled
              stopped_count=0, restarted_count=0
 full_count=0

Compilation events (20 events):
Event: 8.309 Thread 0x000001aad4c8ff60 nmethod 4209 0x000001aac87e5e90 code [0x000001aac87e6020, 0x000001aac87e61d8]
Event: 8.309 Thread 0x000001aad4c8ff60 4207       4       java.lang.AbstractStringBuilder::<init> (63 bytes)
Event: 8.315 Thread 0x000001aad34817b0 4211       3       java.util.WeakHashMap::containsKey (14 bytes)
Event: 8.316 Thread 0x000001aad34817b0 nmethod 4211 0x000001aac0cd1d10 code [0x000001aac0cd1ec0, 0x000001aac0cd20e8]
Event: 8.318 Thread 0x000001aad34817b0 4212       3       org.aspectj.weaver.MemberImpl::<init> (89 bytes)
Event: 8.319 Thread 0x000001aad34817b0 nmethod 4212 0x000001aac0cd1410 code [0x000001aac0cd15e0, 0x000001aac0cd1b78]
Event: 8.319 Thread 0x000001aad34817b0 4213       3       org.aspectj.weaver.MemberImpl::typesToSignature (110 bytes)
Event: 8.319 Thread 0x000001aad34817b0 nmethod 4213 0x000001aac0d24390 code [0x000001aac0d24660, 0x000001aac0d252c8]
Event: 8.320 Thread 0x000001aad34769d0 nmethod 4204 0x000001aac87e4910 code [0x000001aac87e4b00, 0x000001aac87e57b8]
Event: 8.322 Thread 0x000001aad4c8ff60 nmethod 4207 0x000001aac87e3290 code [0x000001aac87e3480, 0x000001aac87e4210]
Event: 8.325 Thread 0x000001aad4c8ff60 4214   !   4       sun.instrument.TransformerManager::transform (100 bytes)
Event: 8.327 Thread 0x000001aad34769d0 4215       4       java.lang.instrument.ClassFileTransformer::transform (15 bytes)
Event: 8.327 Thread 0x000001aad4c8ff60 nmethod 4214 0x000001aac87e2b90 code [0x000001aac87e2d20, 0x000001aac87e2f68]
Event: 8.328 Thread 0x000001aad4c8ff60 4216       4       sun.instrument.InstrumentationImpl::transform (73 bytes)
Event: 8.328 Thread 0x000001aad34769d0 nmethod 4215 0x000001aac87e2810 code [0x000001aac87e29a0, 0x000001aac87e2a88]
Event: 8.334 Thread 0x000001aad4c8ff60 nmethod 4216 0x000001aac87e1f10 code [0x000001aac87e20a0, 0x000001aac87e23a8]
Event: 8.337 Thread 0x000001aad34817b0 4217       1       io.netty.channel.nio.AbstractNioChannel::javaChannel (5 bytes)
Event: 8.337 Thread 0x000001aad34817b0 nmethod 4217 0x000001aac884c790 code [0x000001aac884c920, 0x000001aac884c9f8]
Event: 8.345 Thread 0x000001aad34769d0 4218       4       org.aspectj.apache.bcel.generic.Type::getTypeInternal (274 bytes)
Event: 8.359 Thread 0x000001aad4c8ff60 4219       4       org.aspectj.weaver.bcel.BcelObjectType::isGeneric (9 bytes)

GC Heap History (20 events):
Event: 2.976 GC heap before
{Heap before GC invocations=4 (full 0):
 garbage-first heap   total 262144K, used 76800K [0x00000000e0000000, 0x0000000100000000)
  region size 1024K, 61 young (62464K), 12 survivors (12288K)
 Metaspace       used 21262K, committed 21504K, reserved 1073152K
  class space    used 2339K, committed 2432K, reserved 1048576K
}
Event: 2.993 GC heap after
{Heap after GC invocations=5 (full 0):
 garbage-first heap   total 262144K, used 34544K [0x00000000e0000000, 0x0000000100000000)
  region size 1024K, 7 young (7168K), 7 survivors (7168K)
 Metaspace       used 21262K, committed 21504K, reserved 1073152K
  class space    used 2339K, committed 2432K, reserved 1048576K
}
Event: 4.264 GC heap before
{Heap before GC invocations=6 (full 0):
 garbage-first heap   total 122880K, used 97008K [0x00000000e0000000, 0x0000000100000000)
  region size 1024K, 69 young (70656K), 7 survivors (7168K)
 Metaspace       used 27991K, committed 28224K, reserved 1081344K
  class space    used 3138K, committed 3264K, reserved 1048576K
}
Event: 4.277 GC heap after
{Heap after GC invocations=7 (full 0):
 garbage-first heap   total 122880K, used 43482K [0x00000000e0000000, 0x0000000100000000)
  region size 1024K, 8 young (8192K), 8 survivors (8192K)
 Metaspace       used 27991K, committed 28224K, reserved 1081344K
  class space    used 3138K, committed 3264K, reserved 1048576K
}
Event: 4.834 GC heap before
{Heap before GC invocations=8 (full 0):
 garbage-first heap   total 122880K, used 88538K [0x00000000e0000000, 0x0000000100000000)
  region size 1024K, 52 young (53248K), 8 survivors (8192K)
 Metaspace       used 30392K, committed 30720K, reserved 1081344K
  class space    used 3495K, committed 3648K, reserved 1048576K
}
Event: 4.843 GC heap after
{Heap after GC invocations=9 (full 0):
 garbage-first heap   total 122880K, used 48440K [0x00000000e0000000, 0x0000000100000000)
  region size 1024K, 5 young (5120K), 5 survivors (5120K)
 Metaspace       used 30392K, committed 30720K, reserved 1081344K
  class space    used 3495K, committed 3648K, reserved 1048576K
}
Event: 4.852 GC heap before
{Heap before GC invocations=9 (full 0):
 garbage-first heap   total 122880K, used 49464K [0x00000000e0000000, 0x0000000100000000)
  region size 1024K, 6 young (6144K), 5 survivors (5120K)
 Metaspace       used 30427K, committed 30720K, reserved 1081344K
  class space    used 3501K, committed 3648K, reserved 1048576K
}
Event: 4.856 GC heap after
{Heap after GC invocations=10 (full 0):
 garbage-first heap   total 122880K, used 47314K [0x00000000e0000000, 0x0000000100000000)
  region size 1024K, 1 young (1024K), 1 survivors (1024K)
 Metaspace       used 30427K, committed 30720K, reserved 1081344K
  class space    used 3501K, committed 3648K, reserved 1048576K
}
Event: 5.216 GC heap before
{Heap before GC invocations=10 (full 0):
 garbage-first heap   total 122880K, used 92370K [0x00000000e0000000, 0x0000000100000000)
  region size 1024K, 45 young (46080K), 1 survivors (1024K)
 Metaspace       used 32499K, committed 32768K, reserved 1081344K
  class space    used 3764K, committed 3904K, reserved 1048576K
}
Event: 5.221 GC heap after
{Heap after GC invocations=11 (full 0):
 garbage-first heap   total 122880K, used 51599K [0x00000000e0000000, 0x0000000100000000)
  region size 1024K, 6 young (6144K), 6 survivors (6144K)
 Metaspace       used 32499K, committed 32768K, reserved 1081344K
  class space    used 3764K, committed 3904K, reserved 1048576K
}
Event: 5.679 GC heap before
{Heap before GC invocations=11 (full 0):
 garbage-first heap   total 122880K, used 93583K [0x00000000e0000000, 0x0000000100000000)
  region size 1024K, 47 young (48128K), 6 survivors (6144K)
 Metaspace       used 35147K, committed 35456K, reserved 1081344K
  class space    used 4114K, committed 4288K, reserved 1048576K
}
Event: 5.686 GC heap after
{Heap after GC invocations=12 (full 0):
 garbage-first heap   total 122880K, used 55850K [0x00000000e0000000, 0x0000000100000000)
  region size 1024K, 5 young (5120K), 5 survivors (5120K)
 Metaspace       used 35147K, committed 35456K, reserved 1081344K
  class space    used 4114K, committed 4288K, reserved 1048576K
}
Event: 6.072 GC heap before
{Heap before GC invocations=12 (full 0):
 garbage-first heap   total 122880K, used 94762K [0x00000000e0000000, 0x0000000100000000)
  region size 1024K, 43 young (44032K), 5 survivors (5120K)
 Metaspace       used 37210K, committed 37568K, reserved 1089536K
  class space    used 4395K, committed 4544K, reserved 1048576K
}
Event: 6.078 GC heap after
{Heap after GC invocations=13 (full 0):
 garbage-first heap   total 122880K, used 59447K [0x00000000e0000000, 0x0000000100000000)
  region size 1024K, 4 young (4096K), 4 survivors (4096K)
 Metaspace       used 37210K, committed 37568K, reserved 1089536K
  class space    used 4395K, committed 4544K, reserved 1048576K
}
Event: 6.111 GC heap before
{Heap before GC invocations=13 (full 0):
 garbage-first heap   total 122880K, used 62519K [0x00000000e0000000, 0x0000000100000000)
  region size 1024K, 8 young (8192K), 4 survivors (4096K)
 Metaspace       used 37395K, committed 37696K, reserved 1089536K
  class space    used 4423K, committed 4544K, reserved 1048576K
}
Event: 6.114 GC heap after
{Heap after GC invocations=14 (full 0):
 garbage-first heap   total 122880K, used 59735K [0x00000000e0000000, 0x0000000100000000)
  region size 1024K, 1 young (1024K), 1 survivors (1024K)
 Metaspace       used 37395K, committed 37696K, reserved 1089536K
  class space    used 4423K, committed 4544K, reserved 1048576K
}
Event: 8.281 GC heap before
{Heap before GC invocations=15 (full 0):
 garbage-first heap   total 122880K, used 102743K [0x00000000e0000000, 0x0000000100000000)
  region size 1024K, 38 young (38912K), 1 survivors (1024K)
 Metaspace       used 39344K, committed 39616K, reserved 1089536K
  class space    used 4723K, committed 4864K, reserved 1048576K
}
Event: 8.287 GC heap after
{Heap after GC invocations=16 (full 0):
 garbage-first heap   total 122880K, used 67987K [0x00000000e0000000, 0x0000000100000000)
  region size 1024K, 4 young (4096K), 4 survivors (4096K)
 Metaspace       used 39344K, committed 39616K, reserved 1089536K
  class space    used 4723K, committed 4864K, reserved 1048576K
}
Event: 8.329 GC heap before
{Heap before GC invocations=16 (full 0):
 garbage-first heap   total 122880K, used 70035K [0x00000000e0000000, 0x0000000100000000)
  region size 1024K, 6 young (6144K), 4 survivors (4096K)
 Metaspace       used 39430K, committed 39808K, reserved 1089536K
  class space    used 4741K, committed 4928K, reserved 1048576K
}
Event: 8.334 GC heap after
{Heap after GC invocations=17 (full 0):
 garbage-first heap   total 122880K, used 65402K [0x00000000e0000000, 0x0000000100000000)
  region size 1024K, 1 young (1024K), 1 survivors (1024K)
 Metaspace       used 39430K, committed 39808K, reserved 1089536K
  class space    used 4741K, committed 4928K, reserved 1048576K
}

Deoptimization events (20 events):
Event: 7.959 Thread 0x000001aab9422470 Uncommon trap: trap_request=0xffffffde fr.pc=0x000001aac87e72c0 relative=0x0000000000000120
Event: 7.959 Thread 0x000001aab9422470 Uncommon trap: reason=class_check action=maybe_recompile pc=0x000001aac87e72c0 method=org.openqa.selenium.json.Input.fill()Z @ 85 c2
Event: 7.959 Thread 0x000001aab9422470 DEOPT PACKING pc=0x000001aac87e72c0 sp=0x0000009bfd0fa4c0
Event: 7.959 Thread 0x000001aab9422470 DEOPT UNPACKING pc=0x000001aac82223a3 sp=0x0000009bfd0fa440 mode 2
Event: 8.241 Thread 0x000001aab9422470 Uncommon trap: trap_request=0xffffffde fr.pc=0x000001aac888ec2c relative=0x000000000000010c
Event: 8.241 Thread 0x000001aab9422470 Uncommon trap: reason=class_check action=maybe_recompile pc=0x000001aac888ec2c method=jdk.internal.misc.Unsafe.allocateUninitializedArray(Ljava/lang/Class;I)Ljava/lang/Object; @ 51 c2
Event: 8.241 Thread 0x000001aab9422470 DEOPT PACKING pc=0x000001aac888ec2c sp=0x0000009bfd0fa3b0
Event: 8.241 Thread 0x000001aab9422470 DEOPT UNPACKING pc=0x000001aac82223a3 sp=0x0000009bfd0fa338 mode 2
Event: 8.242 Thread 0x000001aab9422470 Uncommon trap: trap_request=0xffffffde fr.pc=0x000001aac888ec2c relative=0x000000000000010c
Event: 8.242 Thread 0x000001aab9422470 Uncommon trap: reason=class_check action=maybe_recompile pc=0x000001aac888ec2c method=jdk.internal.misc.Unsafe.allocateUninitializedArray(Ljava/lang/Class;I)Ljava/lang/Object; @ 51 c2
Event: 8.242 Thread 0x000001aab9422470 DEOPT PACKING pc=0x000001aac888ec2c sp=0x0000009bfd0f9fb0
Event: 8.242 Thread 0x000001aab9422470 DEOPT UNPACKING pc=0x000001aac82223a3 sp=0x0000009bfd0f9f38 mode 2
Event: 8.243 Thread 0x000001aab9422470 Uncommon trap: trap_request=0xffffffde fr.pc=0x000001aac888ec2c relative=0x000000000000010c
Event: 8.243 Thread 0x000001aab9422470 Uncommon trap: reason=class_check action=maybe_recompile pc=0x000001aac888ec2c method=jdk.internal.misc.Unsafe.allocateUninitializedArray(Ljava/lang/Class;I)Ljava/lang/Object; @ 51 c2
Event: 8.243 Thread 0x000001aab9422470 DEOPT PACKING pc=0x000001aac888ec2c sp=0x0000009bfd0f9fb0
Event: 8.243 Thread 0x000001aab9422470 DEOPT UNPACKING pc=0x000001aac82223a3 sp=0x0000009bfd0f9f38 mode 2
Event: 8.243 Thread 0x000001aab9422470 Uncommon trap: trap_request=0xffffffde fr.pc=0x000001aac888ec2c relative=0x000000000000010c
Event: 8.243 Thread 0x000001aab9422470 Uncommon trap: reason=class_check action=maybe_recompile pc=0x000001aac888ec2c method=jdk.internal.misc.Unsafe.allocateUninitializedArray(Ljava/lang/Class;I)Ljava/lang/Object; @ 51 c2
Event: 8.243 Thread 0x000001aab9422470 DEOPT PACKING pc=0x000001aac888ec2c sp=0x0000009bfd0f9bb0
Event: 8.243 Thread 0x000001aab9422470 DEOPT UNPACKING pc=0x000001aac82223a3 sp=0x0000009bfd0f9b38 mode 2

Classes unloaded (0 events):
No events

Classes redefined (0 events):
No events

Internal exceptions (20 events):
Event: 4.544 Thread 0x000001aab9422470 Exception <a 'java/lang/IncompatibleClassChangeError'{0x00000000e67dbbe8}: Found class java.lang.Object, but interface was expected> (0x00000000e67dbbe8) 
thrown [s\open\src\hotspot\share\interpreter\linkResolver.cpp, line 826]
Event: 4.545 Thread 0x000001aab9422470 Exception <a 'java/lang/IncompatibleClassChangeError'{0x00000000e67e2f20}: Found class java.lang.Object, but interface was expected> (0x00000000e67e2f20) 
thrown [s\open\src\hotspot\share\interpreter\linkResolver.cpp, line 826]
Event: 4.572 Thread 0x000001aab9422470 Exception <a 'java/lang/NoSuchMethodError'{0x00000000e645e338}: 'java.lang.Object java.lang.invoke.DirectMethodHandle$Holder.invokeInterface(java.lang.Object, java.lang.Object, java.lang.Object, java.lang.Object)'> (0x00000000e645e338) 
thrown [s\open\src\hotspot\share\interpreter\linkResolver.cpp, line 759]
Event: 4.653 Thread 0x000001aab9422470 Exception <a 'java/net/SocketException'{0x00000000e5b9e5e0}: Socket is not connected: shutdown> (0x00000000e5b9e5e0) 
thrown [s\open\src\hotspot\share\prims\jni.cpp, line 535]
Event: 4.654 Thread 0x000001aab9422470 Exception <a 'java/net/SocketException'{0x00000000e5b9f3c8}: Socket is not connected: shutdown> (0x00000000e5b9f3c8) 
thrown [s\open\src\hotspot\share\prims\jni.cpp, line 535]
Event: 5.378 Thread 0x000001aab9422470 Exception <a 'java/lang/IncompatibleClassChangeError'{0x00000000e64d06f0}: Found class java.lang.Object, but interface was expected> (0x00000000e64d06f0) 
thrown [s\open\src\hotspot\share\interpreter\linkResolver.cpp, line 826]
Event: 5.492 Thread 0x000001aad4e220c0 Exception <a 'java/net/ConnectException'{0x00000000e5f6f478}: Connection refused: no further information> (0x00000000e5f6f478) 
thrown [s\open\src\hotspot\share\prims\jni.cpp, line 535]
Event: 5.492 Thread 0x000001aad4e220c0 Exception <a 'java/net/SocketException'{0x00000000e5f6f7b0}: Socket is not connected: shutdown> (0x00000000e5f6f7b0) 
thrown [s\open\src\hotspot\share\prims\jni.cpp, line 535]
Event: 5.537 Thread 0x000001aab9422470 Exception <a 'java/lang/NoSuchMethodError'{0x00000000e5c2e358}: 'double java.lang.invoke.DirectMethodHandle$Holder.invokeVirtual(java.lang.Object, java.lang.Object)'> (0x00000000e5c2e358) 
thrown [s\open\src\hotspot\share\interpreter\linkResolver.cpp, line 759]
Event: 5.538 Thread 0x000001aab9422470 Exception <a 'java/lang/NoSuchMethodError'{0x00000000e5c352f8}: 'float java.lang.invoke.DirectMethodHandle$Holder.invokeVirtual(java.lang.Object, java.lang.Object)'> (0x00000000e5c352f8) 
thrown [s\open\src\hotspot\share\interpreter\linkResolver.cpp, line 759]
Event: 5.539 Thread 0x000001aab9422470 Exception <a 'java/lang/NoSuchMethodError'{0x00000000e5c3ead0}: 'long java.lang.invoke.DirectMethodHandle$Holder.invokeVirtual(java.lang.Object, java.lang.Object)'> (0x00000000e5c3ead0) 
thrown [s\open\src\hotspot\share\interpreter\linkResolver.cpp, line 759]
Event: 5.589 Thread 0x000001aab9422470 Exception <a 'java/lang/NoSuchMethodError'{0x00000000e58d5518}: 'void java.lang.invoke.DirectMethodHandle$Holder.invokeStatic(java.lang.Object, java.lang.Object, int)'> (0x00000000e58d5518) 
thrown [s\open\src\hotspot\share\interpreter\linkResolver.cpp, line 759]
Event: 5.693 Thread 0x000001aab9422470 Exception <a 'java/lang/NoSuchMethodError'{0x00000000eff81c08}: 'int java.lang.invoke.DirectMethodHandle$Holder.invokeSpecialIFC(java.lang.Object, java.lang.Object, java.lang.Object)'> (0x00000000eff81c08) 
thrown [s\open\src\hotspot\share\interpreter\linkResolver.cpp, line 759]
Event: 7.548 Thread 0x000001aab9422470 Exception <a 'java/lang/NoSuchMethodError'{0x00000000e6852780}: 'java.lang.Object java.lang.invoke.DirectMethodHandle$Holder.invokeSpecialIFC(java.lang.Object, java.lang.Object, java.lang.Object)'> (0x00000000e6852780) 
thrown [s\open\src\hotspot\share\interpreter\linkResolver.cpp, line 759]
Event: 7.880 Thread 0x000001aab9422470 Exception <a 'java/lang/ClassNotFoundException'{0x00000000e58c8850}: sun/util/logging/resources/spi/loggingProvider> (0x00000000e58c8850) 
thrown [s\open\src\hotspot\share\classfile\systemDictionary.cpp, line 256]
Event: 7.934 Thread 0x000001aab9422470 Exception <a 'java/lang/IncompatibleClassChangeError'{0x00000000e5561a30}: Found class java.lang.Object, but interface was expected> (0x00000000e5561a30) 
thrown [s\open\src\hotspot\share\interpreter\linkResolver.cpp, line 826]
Event: 7.934 Thread 0x000001aab9422470 Exception <a 'java/lang/IncompatibleClassChangeError'{0x00000000e55650a8}: Found class java.lang.Object, but interface was expected> (0x00000000e55650a8) 
thrown [s\open\src\hotspot\share\interpreter\linkResolver.cpp, line 826]
Event: 7.935 Thread 0x000001aab9422470 Exception <a 'java/lang/IncompatibleClassChangeError'{0x00000000e556ade8}: Found class java.lang.Object, but interface was expected> (0x00000000e556ade8) 
thrown [s\open\src\hotspot\share\interpreter\linkResolver.cpp, line 826]
Event: 7.935 Thread 0x000001aab9422470 Exception <a 'java/lang/IncompatibleClassChangeError'{0x00000000e556e408}: Found class java.lang.Object, but interface was expected> (0x00000000e556e408) 
thrown [s\open\src\hotspot\share\interpreter\linkResolver.cpp, line 826]
Event: 8.247 Thread 0x000001aab9422470 Exception <a 'java/lang/NoSuchMethodError'{0x00000000e530ba28}: 'long java.lang.invoke.DirectMethodHandle$Holder.invokeSpecial(java.lang.Object, java.lang.Object)'> (0x00000000e530ba28) 
thrown [s\open\src\hotspot\share\interpreter\linkResolver.cpp, line 759]

VM Operations (20 events):
Event: 5.511 Executing VM operation: HandshakeAllThreads
Event: 5.511 Executing VM operation: HandshakeAllThreads done
Event: 5.623 Executing VM operation: ICBufferFull
Event: 5.623 Executing VM operation: ICBufferFull done
Event: 5.679 Executing VM operation: G1CollectForAllocation
Event: 5.686 Executing VM operation: G1CollectForAllocation done
Event: 6.072 Executing VM operation: G1CollectForAllocation
Event: 6.078 Executing VM operation: G1CollectForAllocation done
Event: 6.111 Executing VM operation: G1TryInitiateConcMark
Event: 6.115 Executing VM operation: G1TryInitiateConcMark done
Event: 6.191 Executing VM operation: G1Concurrent
Event: 6.194 Executing VM operation: G1Concurrent done
Event: 6.228 Executing VM operation: G1Concurrent
Event: 6.228 Executing VM operation: G1Concurrent done
Event: 8.244 Executing VM operation: Cleanup
Event: 8.245 Executing VM operation: Cleanup done
Event: 8.281 Executing VM operation: G1CollectForAllocation
Event: 8.289 Executing VM operation: G1CollectForAllocation done
Event: 8.329 Executing VM operation: G1CollectForAllocation
Event: 8.334 Executing VM operation: G1CollectForAllocation done

Events (20 events):
Event: 7.883 loading class java/util/Formatter$DateTime done
Event: 7.883 loading class java/time/ZonedDateTime$1
Event: 7.883 loading class java/time/ZonedDateTime$1 done
Event: 7.894 loading class java/util/stream/ReferencePipeline$4
Event: 7.894 loading class java/util/stream/ReferencePipeline$4 done
Event: 7.894 loading class java/util/function/IntBinaryOperator
Event: 7.894 loading class java/util/function/IntBinaryOperator done
Event: 7.894 loading class java/util/stream/ReduceOps$6
Event: 7.894 loading class java/util/stream/ReduceOps$6 done
Event: 7.895 loading class java/util/stream/ReduceOps$5ReducingSink
Event: 7.895 loading class java/util/stream/ReduceOps$5ReducingSink done
Event: 7.895 loading class java/util/stream/ReferencePipeline$4$1
Event: 7.895 loading class java/util/stream/ReferencePipeline$4$1 done
Event: 7.937 Thread 0x000001aad4e203e0 Thread added: 0x000001aad4e203e0
Event: 7.958 loading class java/util/concurrent/ConcurrentLinkedQueue$Itr
Event: 7.958 loading class java/util/concurrent/ConcurrentLinkedQueue$Itr done
Event: 8.336 loading class java/util/concurrent/ConcurrentLinkedDeque$Itr
Event: 8.336 loading class java/util/concurrent/ConcurrentLinkedDeque$AbstractItr
Event: 8.337 loading class java/util/concurrent/ConcurrentLinkedDeque$AbstractItr done
Event: 8.337 loading class java/util/concurrent/ConcurrentLinkedDeque$Itr done


Dynamic libraries:
0x00007ff6be6a0000 - 0x00007ff6be6b0000 	C:\Program Files\Java\jdk-17\bin\java.exe
0x00007ffb01e40000 - 0x00007ffb02049000 	C:\WINDOWS\SYSTEM32\ntdll.dll
0x00007ffb013a0000 - 0x00007ffb0145e000 	C:\WINDOWS\System32\KERNEL32.DLL
0x00007ffaff350000 - 0x00007ffaff6d4000 	C:\WINDOWS\System32\KERNELBASE.dll
0x00007ffaff6e0000 - 0x00007ffaff7f1000 	C:\WINDOWS\System32\ucrtbase.dll
0x00007ffaf13f0000 - 0x00007ffaf140b000 	C:\Program Files\Java\jdk-17\bin\VCRUNTIME140.dll
0x00007ffafb5e0000 - 0x00007ffafb5f8000 	C:\Program Files\Java\jdk-17\bin\jli.dll
0x00007ffb012f0000 - 0x00007ffb0139f000 	C:\WINDOWS\System32\ADVAPI32.dll
0x00007ffb01cb0000 - 0x00007ffb01d53000 	C:\WINDOWS\System32\msvcrt.dll
0x00007ffb01d60000 - 0x00007ffb01dfe000 	C:\WINDOWS\System32\sechost.dll
0x00007ffb002d0000 - 0x00007ffb003f1000 	C:\WINDOWS\System32\RPCRT4.dll
0x00007ffafff00000 - 0x00007ffb000ad000 	C:\WINDOWS\System32\USER32.dll
0x00007ffaf2d30000 - 0x00007ffaf2fd5000 	C:\WINDOWS\WinSxS\amd64_microsoft.windows.common-controls_6595b64144ccf1df_6.0.22000.120_none_9d947278b86cc467\COMCTL32.dll
0x00007ffaff8c0000 - 0x00007ffaff8e6000 	C:\WINDOWS\System32\win32u.dll
0x00007ffb00a70000 - 0x00007ffb00a9a000 	C:\WINDOWS\System32\GDI32.dll
0x00007ffaffb80000 - 0x00007ffaffc9f000 	C:\WINDOWS\System32\gdi32full.dll
0x00007ffaffae0000 - 0x00007ffaffb7d000 	C:\WINDOWS\System32\msvcp_win.dll
0x00007ffafdf70000 - 0x00007ffafdf7a000 	C:\WINDOWS\SYSTEM32\VERSION.dll
0x00007ffb01a60000 - 0x00007ffb01a91000 	C:\WINDOWS\System32\IMM32.DLL
0x00007ffafb5d0000 - 0x00007ffafb5dc000 	C:\Program Files\Java\jdk-17\bin\vcruntime140_1.dll
0x00007ffae0980000 - 0x00007ffae0a0e000 	C:\Program Files\Java\jdk-17\bin\msvcp140.dll
0x00007ffacc280000 - 0x00007ffacce57000 	C:\Program Files\Java\jdk-17\bin\server\jvm.dll
0x00007ffb016d0000 - 0x00007ffb016d8000 	C:\WINDOWS\System32\PSAPI.DLL
0x00007ffaf58f0000 - 0x00007ffaf5923000 	C:\WINDOWS\SYSTEM32\WINMM.dll
0x00007ffae7bd0000 - 0x00007ffae7bd9000 	C:\WINDOWS\SYSTEM32\WSOCK32.dll
0x00007ffb01660000 - 0x00007ffb016cf000 	C:\WINDOWS\System32\WS2_32.dll
0x00007ffafe310000 - 0x00007ffafe328000 	C:\WINDOWS\SYSTEM32\kernel.appcore.dll
0x00007ffaf4000000 - 0x00007ffaf400a000 	C:\Program Files\Java\jdk-17\bin\jimage.dll
0x00007ffae9df0000 - 0x00007ffaea011000 	C:\WINDOWS\SYSTEM32\DBGHELP.DLL
0x00007ffaf1110000 - 0x00007ffaf1141000 	C:\WINDOWS\SYSTEM32\dbgcore.DLL
0x00007ffaffa60000 - 0x00007ffaffadf000 	C:\WINDOWS\System32\bcryptPrimitives.dll
0x00007ffafbe20000 - 0x00007ffafbe2e000 	C:\Program Files\Java\jdk-17\bin\instrument.dll
0x00007ffae9270000 - 0x00007ffae9295000 	C:\Program Files\Java\jdk-17\bin\java.dll
0x00007ffadc880000 - 0x00007ffadc957000 	C:\Program Files\Java\jdk-17\bin\jsvml.dll
0x00007ffb00b20000 - 0x00007ffb012e5000 	C:\WINDOWS\System32\SHELL32.dll
0x00007ffafd0a0000 - 0x00007ffafd904000 	C:\WINDOWS\SYSTEM32\windows.storage.dll
0x00007ffb016e0000 - 0x00007ffb01a56000 	C:\WINDOWS\System32\combase.dll
0x00007ffafcf30000 - 0x00007ffafd097000 	C:\WINDOWS\SYSTEM32\wintypes.dll
0x00007ffb00180000 - 0x00007ffb0026a000 	C:\WINDOWS\System32\SHCORE.dll
0x00007ffb01460000 - 0x00007ffb014bd000 	C:\WINDOWS\System32\shlwapi.dll
0x00007ffaff210000 - 0x00007ffaff231000 	C:\WINDOWS\SYSTEM32\profapi.dll
0x00007ffae9090000 - 0x00007ffae90a8000 	C:\Program Files\Java\jdk-17\bin\zip.dll
0x00007ffaf13d0000 - 0x00007ffaf13e9000 	C:\Program Files\Java\jdk-17\bin\net.dll
0x00007ffafa230000 - 0x00007ffafa343000 	C:\WINDOWS\SYSTEM32\WINHTTP.dll
0x00007ffafe7b0000 - 0x00007ffafe817000 	C:\WINDOWS\system32\mswsock.dll
0x00007ffae95b0000 - 0x00007ffae95c6000 	C:\Program Files\Java\jdk-17\bin\nio.dll
0x00007ffaf1160000 - 0x00007ffaf1170000 	C:\Program Files\Java\jdk-17\bin\verify.dll
0x00007ffae9070000 - 0x00007ffae907d000 	C:\Program Files\Java\jdk-17\bin\sunmscapi.dll
0x00007ffaff8f0000 - 0x00007ffaffa5a000 	C:\WINDOWS\System32\CRYPT32.dll
0x00007ffafec10000 - 0x00007ffafec3a000 	C:\WINDOWS\SYSTEM32\ncrypt.dll
0x00007ffafebd0000 - 0x00007ffafec07000 	C:\WINDOWS\SYSTEM32\NTASN1.dll
0x00007ffaf46f0000 - 0x00007ffaf46f8000 	C:\WINDOWS\system32\wshunix.dll
0x00007ffafea80000 - 0x00007ffafea98000 	C:\WINDOWS\SYSTEM32\CRYPTSP.dll
0x00007ffafe270000 - 0x00007ffafe2a5000 	C:\WINDOWS\system32\rsaenh.dll
0x00007ffafe850000 - 0x00007ffafe879000 	C:\WINDOWS\SYSTEM32\USERENV.dll
0x00007ffafec40000 - 0x00007ffafec67000 	C:\WINDOWS\SYSTEM32\bcrypt.dll
0x00007ffafe9a0000 - 0x00007ffafe9ac000 	C:\WINDOWS\SYSTEM32\CRYPTBASE.dll
0x00007ffafdb50000 - 0x00007ffafdb7d000 	C:\WINDOWS\SYSTEM32\IPHLPAPI.DLL
0x00007ffb01aa0000 - 0x00007ffb01aa9000 	C:\WINDOWS\System32\NSI.dll
0x00007ffaf9fa0000 - 0x00007ffaf9fb9000 	C:\WINDOWS\SYSTEM32\dhcpcsvc6.DLL
0x00007ffafa5b0000 - 0x00007ffafa5ce000 	C:\WINDOWS\SYSTEM32\dhcpcsvc.DLL
0x00007ffafdb80000 - 0x00007ffafdc67000 	C:\WINDOWS\SYSTEM32\DNSAPI.dll
0x0000000054eb0000 - 0x0000000054ed6000 	C:\Program Files\Bonjour\mdnsNSP.dll
0x00007ffaf8000000 - 0x00007ffaf800a000 	C:\Windows\System32\rasadhlp.dll
0x00007ffaf8490000 - 0x00007ffaf8512000 	C:\WINDOWS\System32\fwpuclnt.dll
0x00007ffae4650000 - 0x00007ffae4667000 	C:\WINDOWS\system32\napinsp.dll
0x00007ffae36c0000 - 0x00007ffae36db000 	C:\WINDOWS\system32\pnrpnsp.dll
0x00007ffae3500000 - 0x00007ffae3512000 	C:\WINDOWS\System32\winrnr.dll
0x00007ffae34e0000 - 0x00007ffae34f5000 	C:\WINDOWS\system32\wshbth.dll
0x00007ffae34c0000 - 0x00007ffae34df000 	C:\WINDOWS\system32\nlansp_c.dll
0x00007ffae91d0000 - 0x00007ffae91da000 	C:\Program Files\Java\jdk-17\bin\management.dll
0x00007ffae9080000 - 0x00007ffae908b000 	C:\Program Files\Java\jdk-17\bin\management_ext.dll

dbghelp: loaded successfully - version: 4.0.5 - missing functions: none
symbol engine: initialized successfully - sym options: 0x614 - pdb path: .;C:\Program Files\Java\jdk-17\bin;C:\WINDOWS\SYSTEM32;C:\WINDOWS\WinSxS\amd64_microsoft.windows.common-controls_6595b64144ccf1df_6.0.22000.120_none_9d947278b86cc467;C:\Program Files\Java\jdk-17\bin\server;C:\Program Files\Bonjour

VM Arguments:
jvm_args: -Dallure.results.directory=D:\QA\projects\Apteka\build\allure-results -Djunit.jupiter.extensions.autodetection.enabled=true -Dorg.gradle.internal.worker.tmpdir=D:\QA\projects\Apteka\build\tmp\test\work -Dorg.gradle.native=false -javaagent:C:\Users\aemcm\.gradle\caches\modules-2\files-2.1\org.aspectj\aspectjweaver\1.9.5\1740dc9140103b796d1722668805fd4cf852780c\aspectjweaver-1.9.5.jar -Xmx512m -Dfile.encoding=UTF-8 -Duser.country=RU -Duser.language=ru -Duser.variant -ea 
java_command: worker.org.gradle.process.internal.worker.GradleWorkerMain 'Gradle Test Executor 5'
java_class_path (initial): C:\\Users\\aemcm\\.gradle\\caches\\7.6\\workerMain\\gradle-worker.jar;D:\\QA\\projects\\Apteka\\build\\classes\\java\\test;C:\\Users\\aemcm\\.gradle\\caches\\modules-2\\files-2.1\\com.codeborne\\selenide\\6.11.0\\eaceeff0e392891e4f4d7d9552c7975f04e99d9\\selenide-6.11.0.jar;C:\\Users\\aemcm\\.gradle\\caches\\modules-2\\files-2.1\\io.qameta.allure\\allure-selenide\\2.20.1\\b8589aa857bbce84e6e64250e31b9ab9f921f2db\\allure-selenide-2.20.1.jar;C:\\Users\\aemcm\\.gradle\\caches\\modules-2\\files-2.1\\org.slf4j\\slf4j-simple\\2.0.6\\78c57967fe87a823697fe6cf0f5b394b0aa18337\\slf4j-simple-2.0.6.jar;C:\\Users\\aemcm\\.gradle\\caches\\modules-2\\files-2.1\\io.qameta.allure\\allure-junit5\\2.20.1\\4dd0476b2b3faf26719200407a2ecfd0cd3b4de9\\allure-junit5-2.20.1.jar;C:\\Users\\aemcm\\.gradle\\caches\\modules-2\\files-2.1\\io.qameta.allure\\allure-junit-platform\\2.20.1\\eed7d32afe119e7897123e4183921e311dae509f\\allure-junit-platform-2.20.1.jar;C:\\Users\\aemcm\\.gradle\\caches\\modules-2\\files-2.1\\org.junit.platform\\junit-platform-launcher\\1.9.1\\b4534f5130dcfb10e8ac41a5fba6ec656c9ede06\\junit-platform-launcher-1.9.1.jar;C:\\Users\\aemcm\\.gradle\\caches\\modules-2\\files-2.1\\org.junit.platform\\junit-platform-engine\\1.9.1\\83591e5089d6cea5f324aa3ecca9b19d5a275803\\junit-platform-engine-1.9.1.jar;C:\\Users\\aemcm\\.gradle\\caches\\modules-2\\files-2.1\\org.junit.platform\\junit-platform-commons\\1.9.1\\3145f821b5cd10abcdc5f925baa5fffa6f1b628f\\junit-platform-commons-1.9.1.jar;C:\\Users\\aemcm\\.gradle\\caches\\modules-2\\files-2.1\\org.junit.jupiter\\junit-jupiter-engine\\5.9.1\\1bf771097bde296c3ab174861954e8aafaaf2e94\\junit-jupiter-engine-5.9.1.jar;C:\\Users\\aemcm\\.gradle\\caches\\modules-2\\files-2.1\\org.junit.jupiter\\junit-jupiter-api\\5.9.1\\7bb53fbc0173e9f6a9d21d58297af94b1f2f9ce1\\junit-jupiter-api-5.9.1.jar;C:\\Users\\aemcm\\.gradle\\caches\\modules-2\\files-2.1\\org.awaitility\\awaitility\\4.2.0\\2c39784846001a9cffd6c6b89c78de62c0d80
Launcher Type: SUN_STANDARD

[Global flags]
     intx CICompilerCount                          = 3                                         {product} {ergonomic}
     uint ConcGCThreads                            = 1                                         {product} {ergonomic}
     uint G1ConcRefinementThreads                  = 4                                         {product} {ergonomic}
   size_t G1HeapRegionSize                         = 1048576                                   {product} {ergonomic}
    uintx GCDrainStackTargetSize                   = 64                                        {product} {ergonomic}
   size_t InitialHeapSize                          = 268435456                                 {product} {ergonomic}
   size_t MarkStackSize                            = 4194304                                   {product} {ergonomic}
   size_t MaxHeapSize                              = 536870912                                 {product} {command line}
   size_t MaxNewSize                               = 321912832                                 {product} {ergonomic}
   size_t MinHeapDeltaBytes                        = 1048576                                   {product} {ergonomic}
   size_t MinHeapSize                              = 8388608                                   {product} {ergonomic}
    uintx NonNMethodCodeHeapSize                   = 5832780                                {pd product} {ergonomic}
    uintx NonProfiledCodeHeapSize                  = 122912730                              {pd product} {ergonomic}
    uintx ProfiledCodeHeapSize                     = 122912730                              {pd product} {ergonomic}
    uintx ReservedCodeCacheSize                    = 251658240                              {pd product} {ergonomic}
     bool SegmentedCodeCache                       = true                                      {product} {ergonomic}
   size_t SoftMaxHeapSize                          = 536870912                              {manageable} {ergonomic}
     bool UseCompressedClassPointers               = true                           {product lp64_product} {ergonomic}
     bool UseCompressedOops                        = true                           {product lp64_product} {ergonomic}
     bool UseG1GC                                  = true                                      {product} {ergonomic}
     bool UseLargePagesIndividualAllocation        = false                                  {pd product} {ergonomic}

Logging:
Log output configuration:
 #0: stdout all=warning uptime,level,tags
 #1: stderr all=off uptime,level,tags

Environment Variables:
PATH=C:\Program Files\Common Files\Oracle\Java\javapath;C:\Program Files (x86)\Common Files\Oracle\Java\javapath;C:\WINDOWS\system32;C:\WINDOWS;C:\WINDOWS\System32\Wbem;C:\WINDOWS\System32\WindowsPowerShell\v1.0\;C:\WINDOWS\System32\OpenSSH\;C:\Program Files (x86)\NVIDIA Corporation\PhysX\Common;C:\Program Files\Git\cmd;C:\Program Files\dotnet\;C:\Users\aemcm\scoop\shims;C:\Program Files\MySQL\MySQL Shell 8.0\bin\;C:\Users\aemcm\AppData\Local\Microsoft\WindowsApps;;C:\Users\aemcm\AppData\Local\Programs\Fiddler;C:\Program Files\JetBrains\IntelliJ IDEA Community Edition 2021.3\bin;;C:\Program Files\JetBrains\IntelliJ IDEA 2022.1.1\bin;
USERNAME=aemcm
OS=Windows_NT
PROCESSOR_IDENTIFIER=Intel64 Family 6 Model 58 Stepping 9, GenuineIntel



---------------  S Y S T E M  ---------------

OS:
 Windows 11 , 64 bit Build 22000 (10.0.22000.2003)
OS uptime: 0 days 3:29 hours
Hyper-V role detected

CPU: total 4 (initial active 4) (4 cores per cpu, 1 threads per core) family 6 model 58 stepping 9 microcode 0x21, cx8, cmov, fxsr, mmx, sse, sse2, sse3, ssse3, sse4.1, sse4.2, popcnt, tsc, tscinvbit, avx, aes, erms, clmul, vzeroupper, clflush, hv

Memory: 4k page, system-wide physical 16328M (5966M free)
TotalPageFile size 31442M (AvailPageFile size 3M)
current process WorkingSet (physical memory assigned to process): 279M, peak: 284M
current process commit charge ("private bytes"): 311M, peak: 408M

vm_info: Java HotSpot(TM) 64-Bit Server VM (17.0.6+9-LTS-190) for windows-amd64 JRE (17.0.6+9-LTS-190), built on Dec  6 2022 15:53:54 by "mach5one" with MS VC++ 17.1 (VS2022)

END.
