#
# There is insufficient memory for the Java Runtime Environment to continue.
# Native memory allocation (malloc) failed to allocate 1980368 bytes for Chunk::new
# Possible reasons:
#   The system is out of physical RAM or swap space
#   The process is running with CompressedOops enabled, and the Java Heap may be blocking the growth of the native heap
# Possible solutions:
#   Reduce memory load on the system
#   Increase physical memory or swap space
#   Check if swap backing store is full
#   Decrease Java heap size (-Xmx/-Xms)
#   Decrease number of Java threads
#   Decrease Java thread stack sizes (-Xss)
#   Set larger code cache with -XX:ReservedCodeCacheSize=
#   JVM is running with Unscaled Compressed Oops mode in which the Java heap is
#     placed in the first 4GB address space. The Java Heap base address is the
#     maximum limit for the native heap growth. Please use -XX:HeapBaseMinAddress
#     to set the Java Heap base and to place the Java Heap above 4GB virtual address.
# This output file may be truncated or incomplete.
#
#  Out of Memory Error (arena.cpp:189), pid=8360, tid=9932
#
# JRE version: Java(TM) SE Runtime Environment (17.0.6+9) (build 17.0.6+9-LTS-190)
# Java VM: Java HotSpot(TM) 64-Bit Server VM (17.0.6+9-LTS-190, mixed mode, sharing, tiered, compressed oops, compressed class ptrs, g1 gc, windows-amd64)
# No core dump will be written. Minidumps are not enabled by default on client versions of Windows
#

---------------  S U M M A R Y ------------

Command Line: -Dallure.results.directory=D:\QA\projects\Apteka\build\allure-results -Djunit.jupiter.extensions.autodetection.enabled=true -Dorg.gradle.internal.worker.tmpdir=D:\QA\projects\Apteka\build\tmp\test\work -Dorg.gradle.native=false -javaagent:C:\Users\aemcm\.gradle\caches\modules-2\files-2.1\org.aspectj\aspectjweaver\1.9.5\1740dc9140103b796d1722668805fd4cf852780c\aspectjweaver-1.9.5.jar -Xmx512m -Dfile.encoding=UTF-8 -Duser.country=RU -Duser.language=ru -Duser.variant -ea worker.org.gradle.process.internal.worker.GradleWorkerMain 'Gradle Test Executor 1'

Host: Intel(R) Core(TM) i5-3470 CPU @ 3.20GHz, 4 cores, 15G,  Windows 11 , 64 bit Build 22000 (10.0.22000.2003)
Time: Wed Jun 28 17:47:07 2023 RTZ 2 (s 11 , 64 bit Build 22000 (10.0.22000.2003) elapsed time: 8.060675 seconds (0d 0h 0m 8s)

---------------  T H R E A D  ---------------

Current thread (0x000001f219b796c0):  JavaThread "C2 CompilerThread1" daemon [_thread_in_native, id=9932, stack(0x000000b496700000,0x000000b496800000)]


Current CompileTask:
C2:   8060 3961   !   4       jdk.internal.loader.BuiltinClassLoader::loadClassOrNull (143 bytes)

Stack: [0x000000b496700000,0x000000b496800000]
Native frames: (J=compiled Java code, j=interpreted, Vv=VM code, C=native code)
V  [jvm.dll+0x6734ea]
V  [jvm.dll+0x7d18f4]
V  [jvm.dll+0x7d309e]
V  [jvm.dll+0x7d3703]
V  [jvm.dll+0x2433c5]
V  [jvm.dll+0xaa46b]
V  [jvm.dll+0xaaa0c]
V  [jvm.dll+0x35eb2e]
V  [jvm.dll+0x1b986a]
V  [jvm.dll+0x215f37]
V  [jvm.dll+0x215211]
V  [jvm.dll+0x1a1730]
V  [jvm.dll+0x224b6e]
V  [jvm.dll+0x222f15]
V  [jvm.dll+0x78753c]
V  [jvm.dll+0x781a7a]
V  [jvm.dll+0x672375]
C  [ucrtbase.dll+0x26c0c]
C  [KERNEL32.DLL+0x155a0]
C  [ntdll.dll+0x485b]


---------------  P R O C E S S  ---------------

Threads class SMR info:
_java_thread_list=0x000001f21a88d550, length=29, elements={
0x000001f27cba29c0, 0x000001f218b42710, 0x000001f218b441e0, 0x000001f218b5d030,
0x000001f218b5fd00, 0x000001f218b605c0, 0x000001f218b62e90, 0x000001f218b67a50,
0x000001f218b739d0, 0x000001f218b742d0, 0x000001f2195bb570, 0x000001f219a82310,
0x000001f219b796c0, 0x000001f21a0348a0, 0x000001f21a3d55a0, 0x000001f21a6270a0,
0x000001f21c59c840, 0x000001f21c59a690, 0x000001f21c59cd10, 0x000001f21c59d6b0,
0x000001f21c59b500, 0x000001f21c59ab60, 0x000001f21c59b9d0, 0x000001f21c59b030,
0x000001f21c59bea0, 0x000001f21c59d1e0, 0x000001f21d549ef0, 0x000001f21d5473a0,
0x000001f21d549550
}

Java Threads: ( => current thread )
  0x000001f27cba29c0 JavaThread "Forwarding addCookie on session 439734bfb0f3c488aece2392ca5ff08d to remote" [_thread_blocked, id=18872, stack(0x000000b495400000,0x000000b495500000)]
  0x000001f218b42710 JavaThread "Reference Handler" daemon [_thread_blocked, id=3424, stack(0x000000b495b00000,0x000000b495c00000)]
  0x000001f218b441e0 JavaThread "Finalizer" daemon [_thread_blocked, id=6696, stack(0x000000b495c00000,0x000000b495d00000)]
  0x000001f218b5d030 JavaThread "Signal Dispatcher" daemon [_thread_blocked, id=18232, stack(0x000000b495d00000,0x000000b495e00000)]
  0x000001f218b5fd00 JavaThread "Attach Listener" daemon [_thread_blocked, id=18404, stack(0x000000b495e00000,0x000000b495f00000)]
  0x000001f218b605c0 JavaThread "Service Thread" daemon [_thread_blocked, id=9708, stack(0x000000b495f00000,0x000000b496000000)]
  0x000001f218b62e90 JavaThread "Monitor Deflation Thread" daemon [_thread_blocked, id=11412, stack(0x000000b496000000,0x000000b496100000)]
  0x000001f218b67a50 JavaThread "C2 CompilerThread0" daemon [_thread_in_native, id=17572, stack(0x000000b496100000,0x000000b496200000)]
  0x000001f218b739d0 JavaThread "C1 CompilerThread0" daemon [_thread_blocked, id=6872, stack(0x000000b496200000,0x000000b496300000)]
  0x000001f218b742d0 JavaThread "Sweeper thread" daemon [_thread_blocked, id=12552, stack(0x000000b496300000,0x000000b496400000)]
  0x000001f2195bb570 JavaThread "Common-Cleaner" daemon [_thread_blocked, id=16592, stack(0x000000b496400000,0x000000b496500000)]
  0x000001f219a82310 JavaThread "Notification Thread" daemon [_thread_blocked, id=14912, stack(0x000000b496500000,0x000000b496600000)]
=>0x000001f219b796c0 JavaThread "C2 CompilerThread1" daemon [_thread_in_native, id=9932, stack(0x000000b496700000,0x000000b496800000)]
  0x000001f21a0348a0 JavaThread "/127.0.0.1:12887 to /127.0.0.1:12886 workers" [_thread_blocked, id=4744, stack(0x000000b496c00000,0x000000b496d00000)]
  0x000001f21a3d55a0 JavaThread "/127.0.0.1:12887 to /127.0.0.1:12886 workers Thread 2" [_thread_blocked, id=8788, stack(0x000000b496d00000,0x000000b496e00000)]
  0x000001f21a6270a0 JavaThread "/127.0.0.1:12887 to /127.0.0.1:12886 workers Thread 3" [_thread_in_native, id=10012, stack(0x000000b496e00000,0x000000b496f00000)]
  0x000001f21c59c840 JavaThread "ForkJoinPool.commonPool-worker-1" daemon [_thread_blocked, id=15464, stack(0x000000b497100000,0x000000b497200000)]
  0x000001f21c59a690 JavaThread "AsyncHttpClient-1-1" daemon [_thread_blocked, id=15084, stack(0x000000b497200000,0x000000b497300000)]
  0x000001f21c59cd10 JavaThread "Exec Default Executor" daemon [_thread_in_native, id=6332, stack(0x000000b497300000,0x000000b497400000)]
  0x000001f21c59d6b0 JavaThread "Exec Stream Pumper" daemon [_thread_in_native, id=9480, stack(0x000000b497400000,0x000000b497500000)]
  0x000001f21c59b500 JavaThread "Exec Stream Pumper" daemon [_thread_in_native, id=15904, stack(0x000000b497500000,0x000000b497600000)]
  0x000001f21c59ab60 JavaThread "Driver Service Executor" daemon [_thread_blocked, id=5036, stack(0x000000b497600000,0x000000b497700000)]
  0x000001f21c59b9d0 JavaThread "Driver Service Executor" daemon [_thread_blocked, id=17172, stack(0x000000b497700000,0x000000b497800000)]
  0x000001f21c59b030 JavaThread "UrlChecker-2" daemon [_thread_blocked, id=10172, stack(0x000000b497800000,0x000000b497900000)]
  0x000001f21c59bea0 JavaThread "Keep-Alive-Timer" daemon [_thread_blocked, id=11976, stack(0x000000b497900000,0x000000b497a00000)]
  0x000001f21c59d1e0 JavaThread "AsyncHttpClient-1-2" daemon [_thread_in_native, id=3688, stack(0x000000b497a00000,0x000000b497b00000)]
  0x000001f21d549ef0 JavaThread "AsyncHttpClient-1-3" daemon [_thread_in_native, id=19340, stack(0x000000b497b00000,0x000000b497c00000)]
  0x000001f21d5473a0 JavaThread "AsyncHttpClient-1-4" daemon [_thread_in_native, id=7408, stack(0x000000b497c00000,0x000000b497d00000)]
  0x000001f21d549550 JavaThread "Dead threads watchdog" daemon [_thread_blocked, id=8752, stack(0x000000b497d00000,0x000000b497e00000)]

Other Threads:
  0x000001f218b3b950 VMThread "VM Thread" [stack: 0x000000b495a00000,0x000000b495b00000] [id=9680]
  0x000001f219a7afd0 WatcherThread [stack: 0x000000b496600000,0x000000b496700000] [id=15688]
  0x000001f27cbd0a40 GCTaskThread "GC Thread#0" [stack: 0x000000b495500000,0x000000b495600000] [id=15668]
  0x000001f21a2c2490 GCTaskThread "GC Thread#1" [stack: 0x000000b496800000,0x000000b496900000] [id=18536]
  0x000001f21a336810 GCTaskThread "GC Thread#2" [stack: 0x000000b496900000,0x000000b496a00000] [id=15152]
  0x000001f219b7c1b0 GCTaskThread "GC Thread#3" [stack: 0x000000b496a00000,0x000000b496b00000] [id=19316]
  0x000001f27cbd49e0 ConcurrentGCThread "G1 Main Marker" [stack: 0x000000b495600000,0x000000b495700000] [id=6464]
  0x000001f27cb6cb30 ConcurrentGCThread "G1 Conc#0" [stack: 0x000000b495700000,0x000000b495800000] [id=18780]
  0x000001f218a020c0 ConcurrentGCThread "G1 Refine#0" [stack: 0x000000b495800000,0x000000b495900000] [id=17880]
  0x000001f21a5bd650 ConcurrentGCThread "G1 Refine#1" [stack: 0x000000b496f00000,0x000000b497000000] [id=17228]
  0x000001f21cbc1470 ConcurrentGCThread "G1 Refine#2" [stack: 0x000000b497000000,0x000000b497100000] [id=16308]
  0x000001f218a02890 ConcurrentGCThread "G1 Service" [stack: 0x000000b495900000,0x000000b495a00000] [id=13528]

Threads with active compile tasks:
C2 CompilerThread0     8099 3962       4       jdk.internal.loader.BuiltinClassLoader::findLoadedModule (33 bytes)
C2 CompilerThread1     8099 3961   !   4       jdk.internal.loader.BuiltinClassLoader::loadClassOrNull (143 bytes)

VM state: not at safepoint (normal execution)

VM Mutex/Monitor currently owned by a thread: None

Heap address: 0x00000000e0000000, size: 512 MB, Compressed Oops mode: 32-bit

CDS archive(s) mapped at: [0x0000000800000000-0x0000000800bd0000-0x0000000800bd0000), size 12386304, SharedBaseAddress: 0x0000000800000000, ArchiveRelocationMode: 0.
Compressed class space mapped at: 0x0000000800c00000-0x0000000840c00000, reserved size: 1073741824
Narrow klass base: 0x0000000800000000, Narrow klass shift: 0, Narrow klass range: 0x100000000

GC Precious Log:
 CPUs: 4 total, 4 available
 Memory: 16328M
 Large Page Support: Disabled
 NUMA Support: Disabled
 Compressed Oops: Enabled (32-bit)
 Heap Region Size: 1M
 Heap Min Capacity: 8M
 Heap Initial Capacity: 256M
 Heap Max Capacity: 512M
 Pre-touch: Disabled
 Parallel Workers: 4
 Concurrent Workers: 1
 Concurrent Refinement Workers: 4
 Periodic GC: Disabled

Heap:
 garbage-first heap   total 157696K, used 112307K [0x00000000e0000000, 0x0000000100000000)
  region size 1024K, 51 young (52224K), 1 survivors (1024K)
 Metaspace       used 36550K, committed 36864K, reserved 1089536K
  class space    used 4351K, committed 4480K, reserved 1048576K

Heap Regions: E=young(eden), S=young(survivor), O=old, HS=humongous(starts), HC=humongous(continues), CS=collection set, F=free, OA=open archive, CA=closed archive, TAMS=top-at-mark-start (previous, next)
|   0|0x00000000e0000000, 0x00000000e0100000, 0x00000000e0100000|100%| O|  |TAMS 0x00000000e0100000, 0x00000000e0000000| Untracked 
|   1|0x00000000e0100000, 0x00000000e0200000, 0x00000000e0200000|100%| O|  |TAMS 0x00000000e0200000, 0x00000000e0100000| Untracked 
|   2|0x00000000e0200000, 0x00000000e0300000, 0x00000000e0300000|100%| O|  |TAMS 0x00000000e0300000, 0x00000000e0200000| Untracked 
|   3|0x00000000e0300000, 0x00000000e0400000, 0x00000000e0400000|100%| O|  |TAMS 0x00000000e0400000, 0x00000000e0300000| Untracked 
|   4|0x00000000e0400000, 0x00000000e0500000, 0x00000000e0500000|100%| O|  |TAMS 0x00000000e0500000, 0x00000000e0400000| Untracked 
|   5|0x00000000e0500000, 0x00000000e0600000, 0x00000000e0600000|100%| O|  |TAMS 0x00000000e0600000, 0x00000000e0500000| Untracked 
|   6|0x00000000e0600000, 0x00000000e0700000, 0x00000000e0700000|100%| O|  |TAMS 0x00000000e0700000, 0x00000000e0600000| Untracked 
|   7|0x00000000e0700000, 0x00000000e0800000, 0x00000000e0800000|100%| O|  |TAMS 0x00000000e0800000, 0x00000000e0700000| Untracked 
|   8|0x00000000e0800000, 0x00000000e0900000, 0x00000000e0900000|100%| O|  |TAMS 0x00000000e0800000, 0x00000000e0800000| Untracked 
|   9|0x00000000e0900000, 0x00000000e0a00000, 0x00000000e0a00000|100%| O|  |TAMS 0x00000000e0a00000, 0x00000000e0900000| Untracked 
|  10|0x00000000e0a00000, 0x00000000e0b00000, 0x00000000e0b00000|100%| O|  |TAMS 0x00000000e0b00000, 0x00000000e0a00000| Untracked 
|  11|0x00000000e0b00000, 0x00000000e0c00000, 0x00000000e0c00000|100%| O|  |TAMS 0x00000000e0c00000, 0x00000000e0b00000| Untracked 
|  12|0x00000000e0c00000, 0x00000000e0d00000, 0x00000000e0d00000|100%| O|  |TAMS 0x00000000e0d00000, 0x00000000e0c00000| Untracked 
|  13|0x00000000e0d00000, 0x00000000e0e00000, 0x00000000e0e00000|100%| O|  |TAMS 0x00000000e0e00000, 0x00000000e0d00000| Untracked 
|  14|0x00000000e0e00000, 0x00000000e0e00000, 0x00000000e0f00000|  0%| F|  |TAMS 0x00000000e0e00000, 0x00000000e0e00000| Untracked 
|  15|0x00000000e0f00000, 0x00000000e1000000, 0x00000000e1000000|100%| O|  |TAMS 0x00000000e1000000, 0x00000000e0f00000| Untracked 
|  16|0x00000000e1000000, 0x00000000e1100000, 0x00000000e1100000|100%| O|  |TAMS 0x00000000e1000000, 0x00000000e1000000| Untracked 
|  17|0x00000000e1100000, 0x00000000e1200000, 0x00000000e1200000|100%| O|  |TAMS 0x00000000e1100000, 0x00000000e1100000| Untracked 
|  18|0x00000000e1200000, 0x00000000e1300000, 0x00000000e1300000|100%| O|  |TAMS 0x00000000e1200000, 0x00000000e1200000| Untracked 
|  19|0x00000000e1300000, 0x00000000e1400000, 0x00000000e1400000|100%| O|  |TAMS 0x00000000e1300000, 0x00000000e1300000| Untracked 
|  20|0x00000000e1400000, 0x00000000e1500000, 0x00000000e1500000|100%| O|  |TAMS 0x00000000e1400000, 0x00000000e1400000| Untracked 
|  21|0x00000000e1500000, 0x00000000e1600000, 0x00000000e1600000|100%| O|  |TAMS 0x00000000e1500000, 0x00000000e1500000| Untracked 
|  22|0x00000000e1600000, 0x00000000e1700000, 0x00000000e1700000|100%| O|  |TAMS 0x00000000e1600000, 0x00000000e1600000| Untracked 
|  23|0x00000000e1700000, 0x00000000e1800000, 0x00000000e1800000|100%| O|  |TAMS 0x00000000e1700000, 0x00000000e1700000| Untracked 
|  24|0x00000000e1800000, 0x00000000e1900000, 0x00000000e1900000|100%| O|  |TAMS 0x00000000e1800000, 0x00000000e1800000| Untracked 
|  25|0x00000000e1900000, 0x00000000e1a00000, 0x00000000e1a00000|100%| O|  |TAMS 0x00000000e1a00000, 0x00000000e1900000| Untracked 
|  26|0x00000000e1a00000, 0x00000000e1b00000, 0x00000000e1b00000|100%| O|  |TAMS 0x00000000e1b00000, 0x00000000e1a00000| Untracked 
|  27|0x00000000e1b00000, 0x00000000e1c00000, 0x00000000e1c00000|100%| O|  |TAMS 0x00000000e1c00000, 0x00000000e1b00000| Untracked 
|  28|0x00000000e1c00000, 0x00000000e1d00000, 0x00000000e1d00000|100%| O|  |TAMS 0x00000000e1d00000, 0x00000000e1c00000| Untracked 
|  29|0x00000000e1d00000, 0x00000000e1d00000, 0x00000000e1e00000|  0%| F|  |TAMS 0x00000000e1d00000, 0x00000000e1d00000| Untracked 
|  30|0x00000000e1e00000, 0x00000000e1f00000, 0x00000000e1f00000|100%| O|  |TAMS 0x00000000e1e00000, 0x00000000e1e00000| Untracked 
|  31|0x00000000e1f00000, 0x00000000e2000000, 0x00000000e2000000|100%| O|  |TAMS 0x00000000e2000000, 0x00000000e1f00000| Untracked 
|  32|0x00000000e2000000, 0x00000000e2100000, 0x00000000e2100000|100%| O|  |TAMS 0x00000000e2100000, 0x00000000e2000000| Untracked 
|  33|0x00000000e2100000, 0x00000000e2200000, 0x00000000e2200000|100%| O|  |TAMS 0x00000000e2200000, 0x00000000e2100000| Untracked 
|  34|0x00000000e2200000, 0x00000000e2300000, 0x00000000e2300000|100%| O|  |TAMS 0x00000000e2300000, 0x00000000e2200000| Untracked 
|  35|0x00000000e2300000, 0x00000000e2400000, 0x00000000e2400000|100%| O|  |TAMS 0x00000000e2400000, 0x00000000e2300000| Untracked 
|  36|0x00000000e2400000, 0x00000000e2500000, 0x00000000e2500000|100%| O|  |TAMS 0x00000000e2500000, 0x00000000e2400000| Untracked 
|  37|0x00000000e2500000, 0x00000000e2600000, 0x00000000e2600000|100%| O|  |TAMS 0x00000000e2600000, 0x00000000e2500000| Untracked 
|  38|0x00000000e2600000, 0x00000000e2700000, 0x00000000e2700000|100%| O|  |TAMS 0x00000000e2700000, 0x00000000e2600000| Untracked 
|  39|0x00000000e2700000, 0x00000000e2800000, 0x00000000e2800000|100%| O|  |TAMS 0x00000000e2800000, 0x00000000e2700000| Untracked 
|  40|0x00000000e2800000, 0x00000000e2900000, 0x00000000e2900000|100%| O|  |TAMS 0x00000000e2900000, 0x00000000e2800000| Untracked 
|  41|0x00000000e2900000, 0x00000000e2a00000, 0x00000000e2a00000|100%| O|  |TAMS 0x00000000e2a00000, 0x00000000e2900000| Untracked 
|  42|0x00000000e2a00000, 0x00000000e2b00000, 0x00000000e2b00000|100%| O|  |TAMS 0x00000000e2b00000, 0x00000000e2a00000| Untracked 
|  43|0x00000000e2b00000, 0x00000000e2c00000, 0x00000000e2c00000|100%| O|  |TAMS 0x00000000e2c00000, 0x00000000e2b00000| Untracked 
|  44|0x00000000e2c00000, 0x00000000e2d00000, 0x00000000e2d00000|100%| O|  |TAMS 0x00000000e2d00000, 0x00000000e2c00000| Untracked 
|  45|0x00000000e2d00000, 0x00000000e2e00000, 0x00000000e2e00000|100%| O|  |TAMS 0x00000000e2e00000, 0x00000000e2d00000| Untracked 
|  46|0x00000000e2e00000, 0x00000000e2f00000, 0x00000000e2f00000|100%| O|  |TAMS 0x00000000e2f00000, 0x00000000e2e00000| Untracked 
|  47|0x00000000e2f00000, 0x00000000e3000000, 0x00000000e3000000|100%| O|  |TAMS 0x00000000e3000000, 0x00000000e2f00000| Untracked 
|  48|0x00000000e3000000, 0x00000000e3100000, 0x00000000e3100000|100%| O|  |TAMS 0x00000000e3100000, 0x00000000e3000000| Untracked 
|  49|0x00000000e3100000, 0x00000000e3200000, 0x00000000e3200000|100%| O|  |TAMS 0x00000000e3200000, 0x00000000e3100000| Untracked 
|  50|0x00000000e3200000, 0x00000000e3300000, 0x00000000e3300000|100%| O|  |TAMS 0x00000000e3300000, 0x00000000e3200000| Untracked 
|  51|0x00000000e3300000, 0x00000000e3400000, 0x00000000e3400000|100%| O|  |TAMS 0x00000000e3400000, 0x00000000e3300000| Untracked 
|  52|0x00000000e3400000, 0x00000000e3500000, 0x00000000e3500000|100%| O|  |TAMS 0x00000000e3500000, 0x00000000e3400000| Untracked 
|  53|0x00000000e3500000, 0x00000000e3600000, 0x00000000e3600000|100%| O|  |TAMS 0x00000000e3500000, 0x00000000e3500000| Untracked 
|  54|0x00000000e3600000, 0x00000000e36da600, 0x00000000e3700000| 85%| O|  |TAMS 0x00000000e3600000, 0x00000000e3600000| Untracked 
|  55|0x00000000e3700000, 0x00000000e3800000, 0x00000000e3800000|100%|HS|  |TAMS 0x00000000e3700000, 0x00000000e3700000| Complete 
|  56|0x00000000e3800000, 0x00000000e3900000, 0x00000000e3900000|100%|HC|  |TAMS 0x00000000e3800000, 0x00000000e3800000| Complete 
|  57|0x00000000e3900000, 0x00000000e3a00000, 0x00000000e3a00000|100%|HC|  |TAMS 0x00000000e3900000, 0x00000000e3900000| Complete 
|  58|0x00000000e3a00000, 0x00000000e3b00000, 0x00000000e3b00000|100%|HC|  |TAMS 0x00000000e3a00000, 0x00000000e3a00000| Complete 
|  59|0x00000000e3b00000, 0x00000000e3c00000, 0x00000000e3c00000|100%|HC|  |TAMS 0x00000000e3b00000, 0x00000000e3b00000| Complete 
|  60|0x00000000e3c00000, 0x00000000e3c00000, 0x00000000e3d00000|  0%| F|  |TAMS 0x00000000e3c00000, 0x00000000e3c00000| Untracked 
|  61|0x00000000e3d00000, 0x00000000e3d00000, 0x00000000e3e00000|  0%| F|  |TAMS 0x00000000e3d00000, 0x00000000e3d00000| Untracked 
|  62|0x00000000e3e00000, 0x00000000e3e00000, 0x00000000e3f00000|  0%| F|  |TAMS 0x00000000e3e00000, 0x00000000e3e00000| Untracked 
|  63|0x00000000e3f00000, 0x00000000e3f00000, 0x00000000e4000000|  0%| F|  |TAMS 0x00000000e3f00000, 0x00000000e3f00000| Untracked 
|  64|0x00000000e4000000, 0x00000000e4000000, 0x00000000e4100000|  0%| F|  |TAMS 0x00000000e4000000, 0x00000000e4000000| Untracked 
|  65|0x00000000e4100000, 0x00000000e4100000, 0x00000000e4200000|  0%| F|  |TAMS 0x00000000e4100000, 0x00000000e4100000| Untracked 
|  66|0x00000000e4200000, 0x00000000e4200000, 0x00000000e4300000|  0%| F|  |TAMS 0x00000000e4200000, 0x00000000e4200000| Untracked 
|  67|0x00000000e4300000, 0x00000000e4300000, 0x00000000e4400000|  0%| F|  |TAMS 0x00000000e4300000, 0x00000000e4300000| Untracked 
|  68|0x00000000e4400000, 0x00000000e4500000, 0x00000000e4500000|100%| O|  |TAMS 0x00000000e4500000, 0x00000000e4400000| Untracked 
|  69|0x00000000e4500000, 0x00000000e4600000, 0x00000000e4600000|100%| O|  |TAMS 0x00000000e4557a00, 0x00000000e4500000| Untracked 
|  70|0x00000000e4600000, 0x00000000e4600000, 0x00000000e4700000|  0%| F|  |TAMS 0x00000000e4600000, 0x00000000e4600000| Untracked 
|  71|0x00000000e4700000, 0x00000000e4700000, 0x00000000e4800000|  0%| F|  |TAMS 0x00000000e4700000, 0x00000000e4700000| Untracked 
|  72|0x00000000e4800000, 0x00000000e4800000, 0x00000000e4900000|  0%| F|  |TAMS 0x00000000e4800000, 0x00000000e4800000| Untracked 
|  73|0x00000000e4900000, 0x00000000e4900000, 0x00000000e4a00000|  0%| F|  |TAMS 0x00000000e4900000, 0x00000000e4900000| Untracked 
|  74|0x00000000e4a00000, 0x00000000e4a00000, 0x00000000e4b00000|  0%| F|  |TAMS 0x00000000e4a00000, 0x00000000e4a00000| Untracked 
|  75|0x00000000e4b00000, 0x00000000e4b00000, 0x00000000e4c00000|  0%| F|  |TAMS 0x00000000e4b00000, 0x00000000e4b00000| Untracked 
|  76|0x00000000e4c00000, 0x00000000e4c00000, 0x00000000e4d00000|  0%| F|  |TAMS 0x00000000e4c00000, 0x00000000e4c00000| Untracked 
|  77|0x00000000e4d00000, 0x00000000e4d00000, 0x00000000e4e00000|  0%| F|  |TAMS 0x00000000e4d00000, 0x00000000e4d00000| Untracked 
|  78|0x00000000e4e00000, 0x00000000e4e00000, 0x00000000e4f00000|  0%| F|  |TAMS 0x00000000e4e00000, 0x00000000e4e00000| Untracked 
|  79|0x00000000e4f00000, 0x00000000e4f00000, 0x00000000e5000000|  0%| F|  |TAMS 0x00000000e4f00000, 0x00000000e4f00000| Untracked 
|  80|0x00000000e5000000, 0x00000000e5000000, 0x00000000e5100000|  0%| F|  |TAMS 0x00000000e5000000, 0x00000000e5000000| Untracked 
|  81|0x00000000e5100000, 0x00000000e5100000, 0x00000000e5200000|  0%| F|  |TAMS 0x00000000e5100000, 0x00000000e5100000| Untracked 
|  82|0x00000000e5200000, 0x00000000e5200000, 0x00000000e5300000|  0%| F|  |TAMS 0x00000000e5200000, 0x00000000e5200000| Untracked 
|  83|0x00000000e5300000, 0x00000000e5300000, 0x00000000e5400000|  0%| F|  |TAMS 0x00000000e5300000, 0x00000000e5300000| Untracked 
|  84|0x00000000e5400000, 0x00000000e5400000, 0x00000000e5500000|  0%| F|  |TAMS 0x00000000e5400000, 0x00000000e5400000| Untracked 
|  85|0x00000000e5500000, 0x00000000e5500000, 0x00000000e5600000|  0%| F|  |TAMS 0x00000000e5500000, 0x00000000e5500000| Untracked 
|  86|0x00000000e5600000, 0x00000000e5600000, 0x00000000e5700000|  0%| F|  |TAMS 0x00000000e5600000, 0x00000000e5600000| Untracked 
|  87|0x00000000e5700000, 0x00000000e5700000, 0x00000000e5800000|  0%| F|  |TAMS 0x00000000e5700000, 0x00000000e5700000| Untracked 
|  88|0x00000000e5800000, 0x00000000e5800000, 0x00000000e5900000|  0%| F|  |TAMS 0x00000000e5800000, 0x00000000e5800000| Untracked 
|  89|0x00000000e5900000, 0x00000000e5900000, 0x00000000e5a00000|  0%| F|  |TAMS 0x00000000e5900000, 0x00000000e5900000| Untracked 
|  90|0x00000000e5a00000, 0x00000000e5a00000, 0x00000000e5b00000|  0%| F|  |TAMS 0x00000000e5a00000, 0x00000000e5a00000| Untracked 
|  91|0x00000000e5b00000, 0x00000000e5b00000, 0x00000000e5c00000|  0%| F|  |TAMS 0x00000000e5b00000, 0x00000000e5b00000| Untracked 
|  92|0x00000000e5c00000, 0x00000000e5c00000, 0x00000000e5d00000|  0%| F|  |TAMS 0x00000000e5c00000, 0x00000000e5c00000| Untracked 
|  93|0x00000000e5d00000, 0x00000000e5d00000, 0x00000000e5e00000|  0%| F|  |TAMS 0x00000000e5d00000, 0x00000000e5d00000| Untracked 
|  94|0x00000000e5e00000, 0x00000000e5e00000, 0x00000000e5f00000|  0%| F|  |TAMS 0x00000000e5e00000, 0x00000000e5e00000| Untracked 
|  95|0x00000000e5f00000, 0x00000000e5f00000, 0x00000000e6000000|  0%| F|  |TAMS 0x00000000e5f00000, 0x00000000e5f00000| Untracked 
|  96|0x00000000e6000000, 0x00000000e6000000, 0x00000000e6100000|  0%| F|  |TAMS 0x00000000e6000000, 0x00000000e6000000| Untracked 
|  97|0x00000000e6100000, 0x00000000e6100000, 0x00000000e6200000|  0%| F|  |TAMS 0x00000000e6100000, 0x00000000e6100000| Untracked 
|  98|0x00000000e6200000, 0x00000000e6200000, 0x00000000e6300000|  0%| F|  |TAMS 0x00000000e6200000, 0x00000000e6200000| Untracked 
|  99|0x00000000e6300000, 0x00000000e6300000, 0x00000000e6400000|  0%| F|  |TAMS 0x00000000e6300000, 0x00000000e6300000| Untracked 
| 100|0x00000000e6400000, 0x00000000e6400000, 0x00000000e6500000|  0%| F|  |TAMS 0x00000000e6400000, 0x00000000e6400000| Untracked 
| 101|0x00000000e6500000, 0x00000000e6500000, 0x00000000e6600000|  0%| F|  |TAMS 0x00000000e6500000, 0x00000000e6500000| Untracked 
| 102|0x00000000e6600000, 0x00000000e6600000, 0x00000000e6700000|  0%| F|  |TAMS 0x00000000e6600000, 0x00000000e6600000| Untracked 
| 103|0x00000000e6700000, 0x00000000e674cae0, 0x00000000e6800000| 29%| E|  |TAMS 0x00000000e6700000, 0x00000000e6700000| Complete 
| 104|0x00000000e6800000, 0x00000000e6900000, 0x00000000e6900000|100%| E|CS|TAMS 0x00000000e6800000, 0x00000000e6800000| Complete 
| 105|0x00000000e6900000, 0x00000000e6a00000, 0x00000000e6a00000|100%| E|CS|TAMS 0x00000000e6900000, 0x00000000e6900000| Complete 
| 106|0x00000000e6a00000, 0x00000000e6b00000, 0x00000000e6b00000|100%| E|CS|TAMS 0x00000000e6a00000, 0x00000000e6a00000| Complete 
| 107|0x00000000e6b00000, 0x00000000e6c00000, 0x00000000e6c00000|100%| E|CS|TAMS 0x00000000e6b00000, 0x00000000e6b00000| Complete 
| 108|0x00000000e6c00000, 0x00000000e6d00000, 0x00000000e6d00000|100%| E|CS|TAMS 0x00000000e6c00000, 0x00000000e6c00000| Complete 
| 109|0x00000000e6d00000, 0x00000000e6e00000, 0x00000000e6e00000|100%| E|CS|TAMS 0x00000000e6d00000, 0x00000000e6d00000| Complete 
| 110|0x00000000e6e00000, 0x00000000e6f00000, 0x00000000e6f00000|100%| E|CS|TAMS 0x00000000e6e00000, 0x00000000e6e00000| Complete 
| 111|0x00000000e6f00000, 0x00000000e7000000, 0x00000000e7000000|100%| E|CS|TAMS 0x00000000e6f00000, 0x00000000e6f00000| Complete 
| 112|0x00000000e7000000, 0x00000000e7100000, 0x00000000e7100000|100%| E|CS|TAMS 0x00000000e7000000, 0x00000000e7000000| Complete 
| 113|0x00000000e7100000, 0x00000000e7200000, 0x00000000e7200000|100%| E|CS|TAMS 0x00000000e7100000, 0x00000000e7100000| Complete 
| 114|0x00000000e7200000, 0x00000000e7300000, 0x00000000e7300000|100%| E|CS|TAMS 0x00000000e7200000, 0x00000000e7200000| Complete 
| 115|0x00000000e7300000, 0x00000000e7400000, 0x00000000e7400000|100%| E|CS|TAMS 0x00000000e7300000, 0x00000000e7300000| Complete 
| 116|0x00000000e7400000, 0x00000000e7500000, 0x00000000e7500000|100%| E|CS|TAMS 0x00000000e7400000, 0x00000000e7400000| Complete 
| 117|0x00000000e7500000, 0x00000000e7600000, 0x00000000e7600000|100%| E|CS|TAMS 0x00000000e7500000, 0x00000000e7500000| Complete 
| 118|0x00000000e7600000, 0x00000000e7700000, 0x00000000e7700000|100%| E|CS|TAMS 0x00000000e7600000, 0x00000000e7600000| Complete 
| 119|0x00000000e7700000, 0x00000000e7800000, 0x00000000e7800000|100%| E|CS|TAMS 0x00000000e7700000, 0x00000000e7700000| Complete 
| 120|0x00000000e7800000, 0x00000000e7900000, 0x00000000e7900000|100%| E|CS|TAMS 0x00000000e7800000, 0x00000000e7800000| Complete 
| 121|0x00000000e7900000, 0x00000000e7a00000, 0x00000000e7a00000|100%| E|CS|TAMS 0x00000000e7900000, 0x00000000e7900000| Complete 
| 122|0x00000000e7a00000, 0x00000000e7b00000, 0x00000000e7b00000|100%| E|CS|TAMS 0x00000000e7a00000, 0x00000000e7a00000| Complete 
| 123|0x00000000e7b00000, 0x00000000e7c00000, 0x00000000e7c00000|100%| E|CS|TAMS 0x00000000e7b00000, 0x00000000e7b00000| Complete 
| 124|0x00000000e7c00000, 0x00000000e7d00000, 0x00000000e7d00000|100%| E|CS|TAMS 0x00000000e7c00000, 0x00000000e7c00000| Complete 
| 125|0x00000000e7d00000, 0x00000000e7e00000, 0x00000000e7e00000|100%| E|CS|TAMS 0x00000000e7d00000, 0x00000000e7d00000| Complete 
| 126|0x00000000e7e00000, 0x00000000e7f00000, 0x00000000e7f00000|100%| E|CS|TAMS 0x00000000e7e00000, 0x00000000e7e00000| Complete 
| 127|0x00000000e7f00000, 0x00000000e8000000, 0x00000000e8000000|100%| E|CS|TAMS 0x00000000e7f00000, 0x00000000e7f00000| Complete 
| 128|0x00000000e8000000, 0x00000000e8100000, 0x00000000e8100000|100%| E|CS|TAMS 0x00000000e8000000, 0x00000000e8000000| Complete 
| 129|0x00000000e8100000, 0x00000000e8200000, 0x00000000e8200000|100%| E|CS|TAMS 0x00000000e8100000, 0x00000000e8100000| Complete 
| 130|0x00000000e8200000, 0x00000000e8300000, 0x00000000e8300000|100%| E|CS|TAMS 0x00000000e8200000, 0x00000000e8200000| Complete 
| 131|0x00000000e8300000, 0x00000000e8400000, 0x00000000e8400000|100%| E|CS|TAMS 0x00000000e8300000, 0x00000000e8300000| Complete 
| 132|0x00000000e8400000, 0x00000000e8500000, 0x00000000e8500000|100%| E|CS|TAMS 0x00000000e8400000, 0x00000000e8400000| Complete 
| 133|0x00000000e8500000, 0x00000000e8600000, 0x00000000e8600000|100%| E|CS|TAMS 0x00000000e8500000, 0x00000000e8500000| Complete 
| 134|0x00000000e8600000, 0x00000000e8700000, 0x00000000e8700000|100%| E|CS|TAMS 0x00000000e8600000, 0x00000000e8600000| Complete 
| 135|0x00000000e8700000, 0x00000000e8800000, 0x00000000e8800000|100%| E|CS|TAMS 0x00000000e8700000, 0x00000000e8700000| Complete 
| 136|0x00000000e8800000, 0x00000000e8900000, 0x00000000e8900000|100%| E|CS|TAMS 0x00000000e8800000, 0x00000000e8800000| Complete 
| 137|0x00000000e8900000, 0x00000000e8a00000, 0x00000000e8a00000|100%| E|CS|TAMS 0x00000000e8900000, 0x00000000e8900000| Complete 
| 138|0x00000000e8a00000, 0x00000000e8b00000, 0x00000000e8b00000|100%| E|CS|TAMS 0x00000000e8a00000, 0x00000000e8a00000| Complete 
| 139|0x00000000e8b00000, 0x00000000e8c00000, 0x00000000e8c00000|100%| E|CS|TAMS 0x00000000e8b00000, 0x00000000e8b00000| Complete 
| 140|0x00000000e8c00000, 0x00000000e8d00000, 0x00000000e8d00000|100%| E|CS|TAMS 0x00000000e8c00000, 0x00000000e8c00000| Complete 
| 141|0x00000000e8d00000, 0x00000000e8e00000, 0x00000000e8e00000|100%| E|CS|TAMS 0x00000000e8d00000, 0x00000000e8d00000| Complete 
| 142|0x00000000e8e00000, 0x00000000e8f00000, 0x00000000e8f00000|100%| E|CS|TAMS 0x00000000e8e00000, 0x00000000e8e00000| Complete 
| 143|0x00000000e8f00000, 0x00000000e9000000, 0x00000000e9000000|100%| E|CS|TAMS 0x00000000e8f00000, 0x00000000e8f00000| Complete 
| 144|0x00000000e9000000, 0x00000000e9100000, 0x00000000e9100000|100%| E|CS|TAMS 0x00000000e9000000, 0x00000000e9000000| Complete 
| 145|0x00000000e9100000, 0x00000000e9200000, 0x00000000e9200000|100%| E|CS|TAMS 0x00000000e9100000, 0x00000000e9100000| Complete 
| 219|0x00000000edb00000, 0x00000000edc00000, 0x00000000edc00000|100%| E|CS|TAMS 0x00000000edb00000, 0x00000000edb00000| Complete 
| 220|0x00000000edc00000, 0x00000000edd00000, 0x00000000edd00000|100%| E|CS|TAMS 0x00000000edc00000, 0x00000000edc00000| Complete 
| 221|0x00000000edd00000, 0x00000000ede00000, 0x00000000ede00000|100%| E|CS|TAMS 0x00000000edd00000, 0x00000000edd00000| Complete 
| 222|0x00000000ede00000, 0x00000000edf00000, 0x00000000edf00000|100%| E|CS|TAMS 0x00000000ede00000, 0x00000000ede00000| Complete 
| 223|0x00000000edf00000, 0x00000000ee000000, 0x00000000ee000000|100%| E|CS|TAMS 0x00000000edf00000, 0x00000000edf00000| Complete 
| 224|0x00000000ee000000, 0x00000000ee100000, 0x00000000ee100000|100%| E|CS|TAMS 0x00000000ee000000, 0x00000000ee000000| Complete 
| 225|0x00000000ee100000, 0x00000000ee1d2930, 0x00000000ee200000| 82%| S|CS|TAMS 0x00000000ee100000, 0x00000000ee100000| Complete 
| 255|0x00000000eff00000, 0x00000000f0000000, 0x00000000f0000000|100%| E|CS|TAMS 0x00000000eff00000, 0x00000000eff00000| Complete 

Card table byte_map: [0x000001f27ebc0000,0x000001f27ecc0000] _byte_map_base: 0x000001f27e4c0000

Marking Bits (Prev, Next): (CMBitMap*) 0x000001f27cbd0f60, (CMBitMap*) 0x000001f27cbd0fa0
 Prev Bits: [0x000001f27edc0000, 0x000001f27f5c0000)
 Next Bits: [0x000001f27f5c0000, 0x000001f27fdc0000)

Polling page: 0x000001f27ca50000

Metaspace:

Usage:
  Non-class:     31.45 MB used.
      Class:      4.25 MB used.
       Both:     35.69 MB used.

Virtual space:
  Non-class space:       40.00 MB reserved,      31.62 MB ( 79%) committed,  5 nodes.
      Class space:        1.00 GB reserved,       4.38 MB ( <1%) committed,  1 nodes.
             Both:        1.04 GB reserved,      36.00 MB (  3%) committed. 

Chunk freelists:
   Non-Class:  3.70 MB
       Class:  3.56 MB
        Both:  7.27 MB

MaxMetaspaceSize: unlimited
CompressedClassSpaceSize: 1.00 GB
Initial GC threshold: 21.00 MB
Current GC threshold: 50.00 MB
CDS: on
MetaspaceReclaimPolicy: balanced
 - commit_granule_bytes: 65536.
 - commit_granule_words: 8192.
 - virtual_space_node_default_size: 1048576.
 - enlarge_chunks_in_place: 1.
 - new_chunks_are_fully_committed: 0.
 - uncommit_free_chunks: 1.
 - use_allocation_guard: 0.
 - handle_deallocations: 1.


Internal statistics:

num_allocs_failed_limit: 6.
num_arena_births: 270.
num_arena_deaths: 0.
num_vsnodes_births: 6.
num_vsnodes_deaths: 0.
num_space_committed: 576.
num_space_uncommitted: 0.
num_chunks_returned_to_freelist: 6.
num_chunks_taken_from_freelist: 1257.
num_chunk_merges: 0.
num_chunk_splits: 925.
num_chunks_enlarged: 755.
num_purges: 0.
num_inconsistent_stats: 0.

CodeHeap 'non-profiled nmethods': size=120000Kb used=2608Kb max_used=2717Kb free=117391Kb
 bounds [0x000001f20f280000, 0x000001f20f540000, 0x000001f2167b0000]
CodeHeap 'profiled nmethods': size=120000Kb used=6685Kb max_used=7959Kb free=113314Kb
 bounds [0x000001f2077b0000, 0x000001f207f80000, 0x000001f20ece0000]
CodeHeap 'non-nmethods': size=5760Kb used=1288Kb max_used=1356Kb free=4471Kb
 bounds [0x000001f20ece0000, 0x000001f20ef50000, 0x000001f20f280000]
 total_blobs=3989 nmethods=3387 adapters=514
 compilation: enabled
              stopped_count=0, restarted_count=0
 full_count=0

Compilation events (20 events):
Event: 8.020 Thread 0x000001f218b739d0 4046       3       java.util.stream.ReduceOps$3ReducingSink::<init> (20 bytes)
Event: 8.021 Thread 0x000001f218b739d0 nmethod 4046 0x000001f207ae6610 code [0x000001f207ae67c0, 0x000001f207ae6a98]
Event: 8.021 Thread 0x000001f218b739d0 4047       3       java.util.stream.ReduceOps$3ReducingSink::begin (14 bytes)
Event: 8.021 Thread 0x000001f218b739d0 nmethod 4047 0x000001f207ae6010 code [0x000001f207ae61c0, 0x000001f207ae63e8]
Event: 8.026 Thread 0x000001f218b739d0 4048   !   3       org.openqa.selenium.json.JsonOutput::getMethod (68 bytes)
Event: 8.027 Thread 0x000001f218b739d0 nmethod 4048 0x000001f207c2f190 code [0x000001f207c2f480, 0x000001f207c30438]
Event: 8.028 Thread 0x000001f218b739d0 4049       3       java.util.stream.ReduceOps::makeRef (42 bytes)
Event: 8.028 Thread 0x000001f218b739d0 nmethod 4049 0x000001f207c47310 code [0x000001f207c47520, 0x000001f207c47d28]
Event: 8.028 Thread 0x000001f218b739d0 4050       3       java.util.stream.ReduceOps$3::getOpFlags (28 bytes)
Event: 8.029 Thread 0x000001f218b739d0 nmethod 4050 0x000001f207c6e890 code [0x000001f207c6ea40, 0x000001f207c6ed08]
Event: 8.029 Thread 0x000001f218b739d0 4051       3       java.util.BitSet::get (69 bytes)
Event: 8.030 Thread 0x000001f218b739d0 nmethod 4051 0x000001f207c96310 code [0x000001f207c96560, 0x000001f207c96d48]
Event: 8.031 Thread 0x000001f218b739d0 4052       3       io.netty.buffer.AbstractByteBuf::ensureAccessible (23 bytes)
Event: 8.032 Thread 0x000001f218b739d0 nmethod 4052 0x000001f207c6e290 code [0x000001f207c6e440, 0x000001f207c6e738]
Event: 8.032 Thread 0x000001f218b739d0 4055       3       io.netty.util.AsciiString::c2b (15 bytes)
Event: 8.032 Thread 0x000001f218b739d0 nmethod 4055 0x000001f207c6df10 code [0x000001f207c6e0a0, 0x000001f207c6e1f8]
Event: 8.032 Thread 0x000001f218b739d0 4053       3       io.netty.buffer.AbstractReferenceCountedByteBuf::isAccessible (8 bytes)
Event: 8.032 Thread 0x000001f218b739d0 nmethod 4053 0x000001f207847a90 code [0x000001f207847c40, 0x000001f207847d88]
Event: 8.032 Thread 0x000001f218b739d0 4054       1       io.netty.buffer.AbstractByteBuf::writerIndex (5 bytes)
Event: 8.032 Thread 0x000001f218b739d0 nmethod 4054 0x000001f20f30d990 code [0x000001f20f30db20, 0x000001f20f30dbf8]

GC Heap History (20 events):
Event: 0.675 GC heap before
{Heap before GC invocations=1 (full 0):
 garbage-first heap   total 262144K, used 16463K [0x00000000e0000000, 0x0000000100000000)
  region size 1024K, 15 young (15360K), 2 survivors (2048K)
 Metaspace       used 6445K, committed 6656K, reserved 1056768K
  class space    used 600K, committed 704K, reserved 1048576K
}
Event: 0.678 GC heap after
{Heap after GC invocations=2 (full 0):
 garbage-first heap   total 262144K, used 6467K [0x00000000e0000000, 0x0000000100000000)
  region size 1024K, 2 young (2048K), 2 survivors (2048K)
 Metaspace       used 6445K, committed 6656K, reserved 1056768K
  class space    used 600K, committed 704K, reserved 1048576K
}
Event: 1.244 GC heap before
{Heap before GC invocations=2 (full 0):
 garbage-first heap   total 262144K, used 32067K [0x00000000e0000000, 0x0000000100000000)
  region size 1024K, 27 young (27648K), 2 survivors (2048K)
 Metaspace       used 12582K, committed 12800K, reserved 1064960K
  class space    used 1342K, committed 1472K, reserved 1048576K
}
Event: 1.252 GC heap after
{Heap after GC invocations=3 (full 0):
 garbage-first heap   total 262144K, used 13208K [0x00000000e0000000, 0x0000000100000000)
  region size 1024K, 4 young (4096K), 4 survivors (4096K)
 Metaspace       used 12582K, committed 12800K, reserved 1064960K
  class space    used 1342K, committed 1472K, reserved 1048576K
}
Event: 2.276 GC heap before
{Heap before GC invocations=3 (full 0):
 garbage-first heap   total 262144K, used 102296K [0x00000000e0000000, 0x0000000100000000)
  region size 1024K, 91 young (93184K), 4 survivors (4096K)
 Metaspace       used 16767K, committed 17024K, reserved 1064960K
  class space    used 1743K, committed 1856K, reserved 1048576K
}
Event: 2.295 GC heap after
{Heap after GC invocations=4 (full 0):
 garbage-first heap   total 262144K, used 38231K [0x00000000e0000000, 0x0000000100000000)
  region size 1024K, 12 young (12288K), 12 survivors (12288K)
 Metaspace       used 16767K, committed 17024K, reserved 1064960K
  class space    used 1743K, committed 1856K, reserved 1048576K
}
Event: 2.629 GC heap before
{Heap before GC invocations=4 (full 0):
 garbage-first heap   total 262144K, used 60759K [0x00000000e0000000, 0x0000000100000000)
  region size 1024K, 34 young (34816K), 12 survivors (12288K)
 Metaspace       used 18505K, committed 18752K, reserved 1073152K
  class space    used 1999K, committed 2112K, reserved 1048576K
}
Event: 2.642 GC heap after
{Heap after GC invocations=5 (full 0):
 garbage-first heap   total 262144K, used 42470K [0x00000000e0000000, 0x0000000100000000)
  region size 1024K, 4 young (4096K), 4 survivors (4096K)
 Metaspace       used 18505K, committed 18752K, reserved 1073152K
  class space    used 1999K, committed 2112K, reserved 1048576K
}
Event: 3.040 GC heap before
{Heap before GC invocations=5 (full 0):
 garbage-first heap   total 262144K, used 68070K [0x00000000e0000000, 0x0000000100000000)
  region size 1024K, 30 young (30720K), 4 survivors (4096K)
 Metaspace       used 21274K, committed 21504K, reserved 1073152K
  class space    used 2339K, committed 2432K, reserved 1048576K
}
Event: 3.048 GC heap after
{Heap after GC invocations=6 (full 0):
 garbage-first heap   total 262144K, used 45273K [0x00000000e0000000, 0x0000000100000000)
  region size 1024K, 7 young (7168K), 7 survivors (7168K)
 Metaspace       used 21274K, committed 21504K, reserved 1073152K
  class space    used 2339K, committed 2432K, reserved 1048576K
}
Event: 4.222 GC heap before
{Heap before GC invocations=7 (full 0):
 garbage-first heap   total 157696K, used 125145K [0x00000000e0000000, 0x0000000100000000)
  region size 1024K, 86 young (88064K), 7 survivors (7168K)
 Metaspace       used 26187K, committed 26432K, reserved 1073152K
  class space    used 2971K, committed 3072K, reserved 1048576K
}
Event: 4.233 GC heap after
{Heap after GC invocations=8 (full 0):
 garbage-first heap   total 157696K, used 54272K [0x00000000e0000000, 0x0000000100000000)
  region size 1024K, 15 young (15360K), 15 survivors (15360K)
 Metaspace       used 26187K, committed 26432K, reserved 1073152K
  class space    used 2971K, committed 3072K, reserved 1048576K
}
Event: 4.247 GC heap before
{Heap before GC invocations=8 (full 0):
 garbage-first heap   total 157696K, used 55296K [0x00000000e0000000, 0x0000000100000000)
  region size 1024K, 16 young (16384K), 15 survivors (15360K)
 Metaspace       used 26294K, committed 26560K, reserved 1073152K
  class space    used 2982K, committed 3072K, reserved 1048576K
}
Event: 4.258 GC heap after
{Heap after GC invocations=9 (full 0):
 garbage-first heap   total 157696K, used 46430K [0x00000000e0000000, 0x0000000100000000)
  region size 1024K, 2 young (2048K), 2 survivors (2048K)
 Metaspace       used 26294K, committed 26560K, reserved 1073152K
  class space    used 2982K, committed 3072K, reserved 1048576K
}
Event: 4.869 GC heap before
{Heap before GC invocations=9 (full 0):
 garbage-first heap   total 157696K, used 110942K [0x00000000e0000000, 0x0000000100000000)
  region size 1024K, 65 young (66560K), 2 survivors (2048K)
 Metaspace       used 30243K, committed 30528K, reserved 1081344K
  class space    used 3443K, committed 3584K, reserved 1048576K
}
Event: 4.876 GC heap after
{Heap after GC invocations=10 (full 0):
 garbage-first heap   total 157696K, used 51550K [0x00000000e0000000, 0x0000000100000000)
  region size 1024K, 7 young (7168K), 7 survivors (7168K)
 Metaspace       used 30243K, committed 30528K, reserved 1081344K
  class space    used 3443K, committed 3584K, reserved 1048576K
}
Event: 5.660 GC heap before
{Heap before GC invocations=11 (full 0):
 garbage-first heap   total 157696K, used 114014K [0x00000000e0000000, 0x0000000100000000)
  region size 1024K, 68 young (69632K), 7 survivors (7168K)
 Metaspace       used 33775K, committed 34112K, reserved 1081344K
  class space    used 3941K, committed 4096K, reserved 1048576K
}
Event: 5.670 GC heap after
{Heap after GC invocations=12 (full 0):
 garbage-first heap   total 157696K, used 57692K [0x00000000e0000000, 0x0000000100000000)
  region size 1024K, 6 young (6144K), 6 survivors (6144K)
 Metaspace       used 33775K, committed 34112K, reserved 1081344K
  class space    used 3941K, committed 4096K, reserved 1048576K
}
Event: 5.675 GC heap before
{Heap before GC invocations=12 (full 0):
 garbage-first heap   total 157696K, used 58716K [0x00000000e0000000, 0x0000000100000000)
  region size 1024K, 7 young (7168K), 6 survivors (6144K)
 Metaspace       used 33792K, committed 34112K, reserved 1081344K
  class space    used 3944K, committed 4096K, reserved 1048576K
}
Event: 5.681 GC heap after
{Heap after GC invocations=13 (full 0):
 garbage-first heap   total 157696K, used 57011K [0x00000000e0000000, 0x0000000100000000)
  region size 1024K, 1 young (1024K), 1 survivors (1024K)
 Metaspace       used 33792K, committed 34112K, reserved 1081344K
  class space    used 3944K, committed 4096K, reserved 1048576K
}

Deoptimization events (20 events):
Event: 7.356 Thread 0x000001f27cba29c0 DEOPT PACKING pc=0x000001f20f46baa0 sp=0x000000b4954fa310
Event: 7.356 Thread 0x000001f27cba29c0 DEOPT UNPACKING pc=0x000001f20ed323a3 sp=0x000000b4954fa248 mode 2
Event: 7.370 Thread 0x000001f27cba29c0 DEOPT PACKING pc=0x000001f207ca0c5b sp=0x000000b4954f6890
Event: 7.370 Thread 0x000001f27cba29c0 DEOPT UNPACKING pc=0x000001f20ed32b43 sp=0x000000b4954f5e88 mode 0
Event: 7.601 Thread 0x000001f27cba29c0 Uncommon trap: trap_request=0xffffffcc fr.pc=0x000001f20f465c7c relative=0x00000000000001dc
Event: 7.601 Thread 0x000001f27cba29c0 Uncommon trap: reason=intrinsic_or_type_checked_inlining action=make_not_entrant pc=0x000001f20f465c7c method=java.util.Arrays.copyOf([Ljava/lang/Object;ILjava/lang/Class;)[Ljava/lang/Object; @ 35 c2
Event: 7.601 Thread 0x000001f27cba29c0 DEOPT PACKING pc=0x000001f20f465c7c sp=0x000000b4954fa2d0
Event: 7.601 Thread 0x000001f27cba29c0 DEOPT UNPACKING pc=0x000001f20ed323a3 sp=0x000000b4954fa278 mode 2
Event: 7.736 Thread 0x000001f27cba29c0 Uncommon trap: trap_request=0xffffff45 fr.pc=0x000001f20f3ea024 relative=0x0000000000001f64
Event: 7.736 Thread 0x000001f27cba29c0 Uncommon trap: reason=unstable_if action=reinterpret pc=0x000001f20f3ea024 method=jdk.internal.loader.BuiltinClassLoader.findResource(Ljava/lang/String;)Ljava/net/URL; @ 50 c2
Event: 7.736 Thread 0x000001f27cba29c0 DEOPT PACKING pc=0x000001f20f3ea024 sp=0x000000b4954f9b70
Event: 7.736 Thread 0x000001f27cba29c0 DEOPT UNPACKING pc=0x000001f20ed323a3 sp=0x000000b4954f9b50 mode 2
Event: 7.817 Thread 0x000001f21c59d1e0 Uncommon trap: trap_request=0xffffff45 fr.pc=0x000001f20f2dd750 relative=0x00000000000001d0
Event: 7.817 Thread 0x000001f21c59d1e0 Uncommon trap: reason=unstable_if action=reinterpret pc=0x000001f20f2dd750 method=java.io.ByteArrayInputStream.read()I @ 8 c2
Event: 7.817 Thread 0x000001f21c59d1e0 DEOPT PACKING pc=0x000001f20f2dd750 sp=0x000000b497afe9d0
Event: 7.817 Thread 0x000001f21c59d1e0 DEOPT UNPACKING pc=0x000001f20ed323a3 sp=0x000000b497afe988 mode 2
Event: 7.821 Thread 0x000001f27cba29c0 Uncommon trap: trap_request=0xffffffc6 fr.pc=0x000001f20f434710 relative=0x00000000000001d0
Event: 7.821 Thread 0x000001f27cba29c0 Uncommon trap: reason=bimorphic_or_optimized_type_check action=maybe_recompile pc=0x000001f20f434710 method=java.io.BufferedInputStream.read1([BII)I @ 39 c2
Event: 7.821 Thread 0x000001f27cba29c0 DEOPT PACKING pc=0x000001f20f434710 sp=0x000000b4954fa260
Event: 7.821 Thread 0x000001f27cba29c0 DEOPT UNPACKING pc=0x000001f20ed323a3 sp=0x000000b4954fa1e8 mode 2

Classes unloaded (0 events):
No events

Classes redefined (0 events):
No events

Internal exceptions (20 events):
Event: 4.140 Thread 0x000001f27cba29c0 Exception <a 'java/net/SocketException'{0x00000000e4a3f540}: Socket is not connected: shutdown> (0x00000000e4a3f540) 
thrown [s\open\src\hotspot\share\prims\jni.cpp, line 535]
Event: 4.140 Thread 0x000001f27cba29c0 Exception <a 'java/net/SocketException'{0x00000000e4a40328}: Socket is not connected: shutdown> (0x00000000e4a40328) 
thrown [s\open\src\hotspot\share\prims\jni.cpp, line 535]
Event: 4.666 Thread 0x000001f21c59a690 Implicit null exception at 0x000001f20f466358 to 0x000001f20f466bc8
Event: 5.041 Thread 0x000001f27cba29c0 Exception <a 'java/lang/IncompatibleClassChangeError'{0x00000000e8d410b8}: Found class java.lang.Object, but interface was expected> (0x00000000e8d410b8) 
thrown [s\open\src\hotspot\share\interpreter\linkResolver.cpp, line 826]
Event: 5.090 Thread 0x000001f21c59cd10 Exception <a 'java/lang/NoSuchMethodError'{0x00000000e8ab2438}: 'void java.lang.invoke.DirectMethodHandle$Holder.invokeStatic(java.lang.Object, long)'> (0x00000000e8ab2438) 
thrown [s\open\src\hotspot\share\interpreter\linkResolver.cpp, line 759]
Event: 5.091 Thread 0x000001f21c59cd10 Exception <a 'java/lang/NoSuchMethodError'{0x00000000e8ab77e0}: 'java.lang.Object java.lang.invoke.DirectMethodHandle$Holder.newInvokeSpecial(java.lang.Object, long)'> (0x00000000e8ab77e0) 
thrown [s\open\src\hotspot\share\interpreter\linkResolver.cpp, line 759]
Event: 5.092 Thread 0x000001f21c59cd10 Exception <a 'java/lang/NoSuchMethodError'{0x00000000e8ac4db8}: 'java.lang.Object java.lang.invoke.DirectMethodHandle$Holder.invokeStaticInit(java.lang.Object, java.lang.Object, long, java.lang.Object)'> (0x00000000e8ac4db8) 
thrown [s\open\src\hotspot\share\interpreter\linkResolver.cpp, line 759]
Event: 5.093 Thread 0x000001f21c59cd10 Exception <a 'java/lang/NoSuchMethodError'{0x00000000e8acae40}: 'java.lang.Object java.lang.invoke.DirectMethodHandle$Holder.newInvokeSpecial(java.lang.Object, java.lang.Object, long)'> (0x00000000e8acae40) 
thrown [s\open\src\hotspot\share\interpreter\linkResolver.cpp, line 759]
Event: 5.093 Thread 0x000001f21c59cd10 Exception <a 'java/lang/NoSuchMethodError'{0x00000000e8ace9b0}: 'java.lang.Object java.lang.invoke.Invokers$Holder.linkToTargetMethod(java.lang.Object, long, java.lang.Object)'> (0x00000000e8ace9b0) 
thrown [s\open\src\hotspot\share\interpreter\linkResolver.cpp, line 759]
Event: 5.197 Thread 0x000001f27cba29c0 Exception <a 'java/lang/NoSuchMethodError'{0x00000000e8524ee8}: 'double java.lang.invoke.DirectMethodHandle$Holder.invokeVirtual(java.lang.Object, java.lang.Object)'> (0x00000000e8524ee8) 
thrown [s\open\src\hotspot\share\interpreter\linkResolver.cpp, line 759]
Event: 5.198 Thread 0x000001f27cba29c0 Exception <a 'java/lang/NoSuchMethodError'{0x00000000e852be88}: 'float java.lang.invoke.DirectMethodHandle$Holder.invokeVirtual(java.lang.Object, java.lang.Object)'> (0x00000000e852be88) 
thrown [s\open\src\hotspot\share\interpreter\linkResolver.cpp, line 759]
Event: 5.198 Thread 0x000001f27cba29c0 Exception <a 'java/lang/NoSuchMethodError'{0x00000000e8535660}: 'long java.lang.invoke.DirectMethodHandle$Holder.invokeVirtual(java.lang.Object, java.lang.Object)'> (0x00000000e8535660) 
thrown [s\open\src\hotspot\share\interpreter\linkResolver.cpp, line 759]
Event: 5.247 Thread 0x000001f27cba29c0 Exception <a 'java/lang/NoSuchMethodError'{0x00000000e81cebd8}: 'void java.lang.invoke.DirectMethodHandle$Holder.invokeStatic(java.lang.Object, java.lang.Object, int)'> (0x00000000e81cebd8) 
thrown [s\open\src\hotspot\share\interpreter\linkResolver.cpp, line 759]
Event: 5.357 Thread 0x000001f27cba29c0 Exception <a 'java/lang/NoSuchMethodError'{0x00000000e775f6d0}: 'int java.lang.invoke.DirectMethodHandle$Holder.invokeSpecialIFC(java.lang.Object, java.lang.Object, java.lang.Object)'> (0x00000000e775f6d0) 
thrown [s\open\src\hotspot\share\interpreter\linkResolver.cpp, line 759]
Event: 7.229 Thread 0x000001f27cba29c0 Exception <a 'java/lang/NoSuchMethodError'{0x00000000e7c2b280}: 'java.lang.Object java.lang.invoke.DirectMethodHandle$Holder.invokeSpecialIFC(java.lang.Object, java.lang.Object, java.lang.Object)'> (0x00000000e7c2b280) 
thrown [s\open\src\hotspot\share\interpreter\linkResolver.cpp, line 759]
Event: 7.734 Thread 0x000001f27cba29c0 Exception <a 'java/lang/ClassNotFoundException'{0x00000000e6b25d58}: sun/util/logging/resources/spi/loggingProvider> (0x00000000e6b25d58) 
thrown [s\open\src\hotspot\share\classfile\systemDictionary.cpp, line 256]
Event: 7.937 Thread 0x000001f27cba29c0 Exception <a 'java/lang/IncompatibleClassChangeError'{0x00000000e69be2d8}: Found class java.lang.Object, but interface was expected> (0x00000000e69be2d8) 
thrown [s\open\src\hotspot\share\interpreter\linkResolver.cpp, line 826]
Event: 7.938 Thread 0x000001f27cba29c0 Exception <a 'java/lang/IncompatibleClassChangeError'{0x00000000e69c1950}: Found class java.lang.Object, but interface was expected> (0x00000000e69c1950) 
thrown [s\open\src\hotspot\share\interpreter\linkResolver.cpp, line 826]
Event: 7.938 Thread 0x000001f27cba29c0 Exception <a 'java/lang/IncompatibleClassChangeError'{0x00000000e69c7690}: Found class java.lang.Object, but interface was expected> (0x00000000e69c7690) 
thrown [s\open\src\hotspot\share\interpreter\linkResolver.cpp, line 826]
Event: 7.939 Thread 0x000001f27cba29c0 Exception <a 'java/lang/IncompatibleClassChangeError'{0x00000000e69cacb0}: Found class java.lang.Object, but interface was expected> (0x00000000e69cacb0) 
thrown [s\open\src\hotspot\share\interpreter\linkResolver.cpp, line 826]

VM Operations (20 events):
Event: 5.169 Executing VM operation: HandshakeAllThreads
Event: 5.170 Executing VM operation: HandshakeAllThreads done
Event: 5.171 Executing VM operation: HandshakeAllThreads
Event: 5.171 Executing VM operation: HandshakeAllThreads done
Event: 5.344 Executing VM operation: HandshakeAllThreads
Event: 5.345 Executing VM operation: HandshakeAllThreads done
Event: 5.352 Executing VM operation: HandshakeAllThreads
Event: 5.352 Executing VM operation: HandshakeAllThreads done
Event: 5.368 Executing VM operation: HandshakeAllThreads
Event: 5.368 Executing VM operation: HandshakeAllThreads done
Event: 5.660 Executing VM operation: G1CollectForAllocation
Event: 5.670 Executing VM operation: G1CollectForAllocation done
Event: 5.675 Executing VM operation: G1CollectForAllocation
Event: 5.682 Executing VM operation: G1CollectForAllocation done
Event: 6.686 Executing VM operation: Cleanup
Event: 6.686 Executing VM operation: Cleanup done
Event: 7.695 Executing VM operation: Cleanup
Event: 7.726 Executing VM operation: Cleanup done
Event: 7.831 Executing VM operation: ICBufferFull
Event: 7.831 Executing VM operation: ICBufferFull done

Events (20 events):
Event: 7.736 loading class sun/util/logging/resources/logging_ru_RU done
Event: 7.736 loading class java/util/Formatter$DateTime
Event: 7.736 loading class java/util/Formatter$DateTime done
Event: 7.737 loading class java/time/ZonedDateTime$1
Event: 7.737 loading class java/time/ZonedDateTime$1 done
Event: 7.788 loading class java/util/stream/ReferencePipeline$4
Event: 7.788 loading class java/util/stream/ReferencePipeline$4 done
Event: 7.788 loading class java/util/function/IntBinaryOperator
Event: 7.788 loading class java/util/function/IntBinaryOperator done
Event: 7.788 loading class java/util/stream/ReduceOps$6
Event: 7.788 loading class java/util/stream/ReduceOps$6 done
Event: 7.788 loading class java/util/stream/ReduceOps$5ReducingSink
Event: 7.788 loading class java/util/stream/ReduceOps$5ReducingSink done
Event: 7.788 loading class java/util/stream/ReferencePipeline$4$1
Event: 7.788 loading class java/util/stream/ReferencePipeline$4$1 done
Event: 7.940 Thread 0x000001f21d549550 Thread added: 0x000001f21d549550
Event: 7.967 loading class java/util/concurrent/ConcurrentLinkedDeque$Itr
Event: 7.967 loading class java/util/concurrent/ConcurrentLinkedDeque$AbstractItr
Event: 7.967 loading class java/util/concurrent/ConcurrentLinkedDeque$AbstractItr done
Event: 7.967 loading class java/util/concurrent/ConcurrentLinkedDeque$Itr done


Dynamic libraries:
0x00007ff6be6a0000 - 0x00007ff6be6b0000 	C:\Program Files\Java\jdk-17\bin\java.exe
0x00007ffb01e40000 - 0x00007ffb02049000 	C:\WINDOWS\SYSTEM32\ntdll.dll
0x00007ffb013a0000 - 0x00007ffb0145e000 	C:\WINDOWS\System32\KERNEL32.DLL
0x00007ffaff350000 - 0x00007ffaff6d4000 	C:\WINDOWS\System32\KERNELBASE.dll
0x00007ffaff6e0000 - 0x00007ffaff7f1000 	C:\WINDOWS\System32\ucrtbase.dll
0x00007ffaf13f0000 - 0x00007ffaf140b000 	C:\Program Files\Java\jdk-17\bin\VCRUNTIME140.dll
0x00007ffafb5e0000 - 0x00007ffafb5f8000 	C:\Program Files\Java\jdk-17\bin\jli.dll
0x00007ffb012f0000 - 0x00007ffb0139f000 	C:\WINDOWS\System32\ADVAPI32.dll
0x00007ffb01cb0000 - 0x00007ffb01d53000 	C:\WINDOWS\System32\msvcrt.dll
0x00007ffb01d60000 - 0x00007ffb01dfe000 	C:\WINDOWS\System32\sechost.dll
0x00007ffb002d0000 - 0x00007ffb003f1000 	C:\WINDOWS\System32\RPCRT4.dll
0x00007ffafff00000 - 0x00007ffb000ad000 	C:\WINDOWS\System32\USER32.dll
0x00007ffaff8c0000 - 0x00007ffaff8e6000 	C:\WINDOWS\System32\win32u.dll
0x00007ffb00a70000 - 0x00007ffb00a9a000 	C:\WINDOWS\System32\GDI32.dll
0x00007ffaffb80000 - 0x00007ffaffc9f000 	C:\WINDOWS\System32\gdi32full.dll
0x00007ffaffae0000 - 0x00007ffaffb7d000 	C:\WINDOWS\System32\msvcp_win.dll
0x00007ffaf2d30000 - 0x00007ffaf2fd5000 	C:\WINDOWS\WinSxS\amd64_microsoft.windows.common-controls_6595b64144ccf1df_6.0.22000.120_none_9d947278b86cc467\COMCTL32.dll
0x00007ffafdf70000 - 0x00007ffafdf7a000 	C:\WINDOWS\SYSTEM32\VERSION.dll
0x00007ffb01a60000 - 0x00007ffb01a91000 	C:\WINDOWS\System32\IMM32.DLL
0x00007ffafb5d0000 - 0x00007ffafb5dc000 	C:\Program Files\Java\jdk-17\bin\vcruntime140_1.dll
0x00007ffae0980000 - 0x00007ffae0a0e000 	C:\Program Files\Java\jdk-17\bin\msvcp140.dll
0x00007ffacc280000 - 0x00007ffacce57000 	C:\Program Files\Java\jdk-17\bin\server\jvm.dll
0x00007ffb016d0000 - 0x00007ffb016d8000 	C:\WINDOWS\System32\PSAPI.DLL
0x00007ffae7bd0000 - 0x00007ffae7bd9000 	C:\WINDOWS\SYSTEM32\WSOCK32.dll
0x00007ffaf58f0000 - 0x00007ffaf5923000 	C:\WINDOWS\SYSTEM32\WINMM.dll
0x00007ffb01660000 - 0x00007ffb016cf000 	C:\WINDOWS\System32\WS2_32.dll
0x00007ffafe310000 - 0x00007ffafe328000 	C:\WINDOWS\SYSTEM32\kernel.appcore.dll
0x00007ffaf4000000 - 0x00007ffaf400a000 	C:\Program Files\Java\jdk-17\bin\jimage.dll
0x00007ffae9df0000 - 0x00007ffaea011000 	C:\WINDOWS\SYSTEM32\DBGHELP.DLL
0x00007ffaf1110000 - 0x00007ffaf1141000 	C:\WINDOWS\SYSTEM32\dbgcore.DLL
0x00007ffaffa60000 - 0x00007ffaffadf000 	C:\WINDOWS\System32\bcryptPrimitives.dll
0x00007ffae9070000 - 0x00007ffae907e000 	C:\Program Files\Java\jdk-17\bin\instrument.dll
0x00007ffae9270000 - 0x00007ffae9295000 	C:\Program Files\Java\jdk-17\bin\java.dll
0x00007ffadc880000 - 0x00007ffadc957000 	C:\Program Files\Java\jdk-17\bin\jsvml.dll
0x00007ffb00b20000 - 0x00007ffb012e5000 	C:\WINDOWS\System32\SHELL32.dll
0x00007ffafd0a0000 - 0x00007ffafd904000 	C:\WINDOWS\SYSTEM32\windows.storage.dll
0x00007ffb016e0000 - 0x00007ffb01a56000 	C:\WINDOWS\System32\combase.dll
0x00007ffafcf30000 - 0x00007ffafd097000 	C:\WINDOWS\SYSTEM32\wintypes.dll
0x00007ffb00180000 - 0x00007ffb0026a000 	C:\WINDOWS\System32\SHCORE.dll
0x00007ffb01460000 - 0x00007ffb014bd000 	C:\WINDOWS\System32\shlwapi.dll
0x00007ffaff210000 - 0x00007ffaff231000 	C:\WINDOWS\SYSTEM32\profapi.dll
0x00007ffae9090000 - 0x00007ffae90a8000 	C:\Program Files\Java\jdk-17\bin\zip.dll
0x00007ffaf13d0000 - 0x00007ffaf13e9000 	C:\Program Files\Java\jdk-17\bin\net.dll
0x00007ffafa230000 - 0x00007ffafa343000 	C:\WINDOWS\SYSTEM32\WINHTTP.dll
0x00007ffafe7b0000 - 0x00007ffafe817000 	C:\WINDOWS\system32\mswsock.dll
0x00007ffae95b0000 - 0x00007ffae95c6000 	C:\Program Files\Java\jdk-17\bin\nio.dll
0x00007ffaf1160000 - 0x00007ffaf1170000 	C:\Program Files\Java\jdk-17\bin\verify.dll
0x00007ffae9080000 - 0x00007ffae908d000 	C:\Program Files\Java\jdk-17\bin\sunmscapi.dll
0x00007ffaff8f0000 - 0x00007ffaffa5a000 	C:\WINDOWS\System32\CRYPT32.dll
0x00007ffafec10000 - 0x00007ffafec3a000 	C:\WINDOWS\SYSTEM32\ncrypt.dll
0x00007ffafebd0000 - 0x00007ffafec07000 	C:\WINDOWS\SYSTEM32\NTASN1.dll
0x00007ffaf46f0000 - 0x00007ffaf46f8000 	C:\WINDOWS\system32\wshunix.dll
0x00007ffafea80000 - 0x00007ffafea98000 	C:\WINDOWS\SYSTEM32\CRYPTSP.dll
0x00007ffafe270000 - 0x00007ffafe2a5000 	C:\WINDOWS\system32\rsaenh.dll
0x00007ffafe850000 - 0x00007ffafe879000 	C:\WINDOWS\SYSTEM32\USERENV.dll
0x00007ffafec40000 - 0x00007ffafec67000 	C:\WINDOWS\SYSTEM32\bcrypt.dll
0x00007ffafe9a0000 - 0x00007ffafe9ac000 	C:\WINDOWS\SYSTEM32\CRYPTBASE.dll
0x00007ffafdb50000 - 0x00007ffafdb7d000 	C:\WINDOWS\SYSTEM32\IPHLPAPI.DLL
0x00007ffb01aa0000 - 0x00007ffb01aa9000 	C:\WINDOWS\System32\NSI.dll
0x00007ffaf9fa0000 - 0x00007ffaf9fb9000 	C:\WINDOWS\SYSTEM32\dhcpcsvc6.DLL
0x00007ffafa5b0000 - 0x00007ffafa5ce000 	C:\WINDOWS\SYSTEM32\dhcpcsvc.DLL
0x00007ffafdb80000 - 0x00007ffafdc67000 	C:\WINDOWS\SYSTEM32\DNSAPI.dll
0x00007ffae4650000 - 0x00007ffae4667000 	C:\WINDOWS\system32\napinsp.dll
0x00007ffae36c0000 - 0x00007ffae36db000 	C:\WINDOWS\system32\pnrpnsp.dll
0x00007ffae3500000 - 0x00007ffae3512000 	C:\WINDOWS\System32\winrnr.dll
0x00007ffae34e0000 - 0x00007ffae34f5000 	C:\WINDOWS\system32\wshbth.dll
0x00007ffae34c0000 - 0x00007ffae34df000 	C:\WINDOWS\system32\nlansp_c.dll
0x0000000054eb0000 - 0x0000000054ed6000 	C:\Program Files\Bonjour\mdnsNSP.dll
0x00007ffaf8000000 - 0x00007ffaf800a000 	C:\Windows\System32\rasadhlp.dll
0x00007ffaf8490000 - 0x00007ffaf8512000 	C:\WINDOWS\System32\fwpuclnt.dll
0x00007ffafbe20000 - 0x00007ffafbe2a000 	C:\Program Files\Java\jdk-17\bin\management.dll
0x00007ffae91d0000 - 0x00007ffae91db000 	C:\Program Files\Java\jdk-17\bin\management_ext.dll

dbghelp: loaded successfully - version: 4.0.5 - missing functions: none
symbol engine: initialized successfully - sym options: 0x614 - pdb path: .;C:\Program Files\Java\jdk-17\bin;C:\WINDOWS\SYSTEM32;C:\WINDOWS\WinSxS\amd64_microsoft.windows.common-controls_6595b64144ccf1df_6.0.22000.120_none_9d947278b86cc467;C:\Program Files\Java\jdk-17\bin\server;C:\Program Files\Bonjour

VM Arguments:
jvm_args: -Dallure.results.directory=D:\QA\projects\Apteka\build\allure-results -Djunit.jupiter.extensions.autodetection.enabled=true -Dorg.gradle.internal.worker.tmpdir=D:\QA\projects\Apteka\build\tmp\test\work -Dorg.gradle.native=false -javaagent:C:\Users\aemcm\.gradle\caches\modules-2\files-2.1\org.aspectj\aspectjweaver\1.9.5\1740dc9140103b796d1722668805fd4cf852780c\aspectjweaver-1.9.5.jar -Xmx512m -Dfile.encoding=UTF-8 -Duser.country=RU -Duser.language=ru -Duser.variant -ea 
java_command: worker.org.gradle.process.internal.worker.GradleWorkerMain 'Gradle Test Executor 1'
java_class_path (initial): C:\\Users\\aemcm\\.gradle\\caches\\7.6\\workerMain\\gradle-worker.jar;D:\\QA\\projects\\Apteka\\build\\classes\\java\\test;C:\\Users\\aemcm\\.gradle\\caches\\modules-2\\files-2.1\\com.codeborne\\selenide\\6.11.0\\eaceeff0e392891e4f4d7d9552c7975f04e99d9\\selenide-6.11.0.jar;C:\\Users\\aemcm\\.gradle\\caches\\modules-2\\files-2.1\\io.qameta.allure\\allure-selenide\\2.20.1\\b8589aa857bbce84e6e64250e31b9ab9f921f2db\\allure-selenide-2.20.1.jar;C:\\Users\\aemcm\\.gradle\\caches\\modules-2\\files-2.1\\org.slf4j\\slf4j-simple\\2.0.6\\78c57967fe87a823697fe6cf0f5b394b0aa18337\\slf4j-simple-2.0.6.jar;C:\\Users\\aemcm\\.gradle\\caches\\modules-2\\files-2.1\\io.qameta.allure\\allure-junit5\\2.20.1\\4dd0476b2b3faf26719200407a2ecfd0cd3b4de9\\allure-junit5-2.20.1.jar;C:\\Users\\aemcm\\.gradle\\caches\\modules-2\\files-2.1\\io.qameta.allure\\allure-junit-platform\\2.20.1\\eed7d32afe119e7897123e4183921e311dae509f\\allure-junit-platform-2.20.1.jar;C:\\Users\\aemcm\\.gradle\\caches\\modules-2\\files-2.1\\org.junit.platform\\junit-platform-launcher\\1.9.1\\b4534f5130dcfb10e8ac41a5fba6ec656c9ede06\\junit-platform-launcher-1.9.1.jar;C:\\Users\\aemcm\\.gradle\\caches\\modules-2\\files-2.1\\org.junit.platform\\junit-platform-engine\\1.9.1\\83591e5089d6cea5f324aa3ecca9b19d5a275803\\junit-platform-engine-1.9.1.jar;C:\\Users\\aemcm\\.gradle\\caches\\modules-2\\files-2.1\\org.junit.platform\\junit-platform-commons\\1.9.1\\3145f821b5cd10abcdc5f925baa5fffa6f1b628f\\junit-platform-commons-1.9.1.jar;C:\\Users\\aemcm\\.gradle\\caches\\modules-2\\files-2.1\\org.junit.jupiter\\junit-jupiter-engine\\5.9.1\\1bf771097bde296c3ab174861954e8aafaaf2e94\\junit-jupiter-engine-5.9.1.jar;C:\\Users\\aemcm\\.gradle\\caches\\modules-2\\files-2.1\\org.junit.jupiter\\junit-jupiter-api\\5.9.1\\7bb53fbc0173e9f6a9d21d58297af94b1f2f9ce1\\junit-jupiter-api-5.9.1.jar;C:\\Users\\aemcm\\.gradle\\caches\\modules-2\\files-2.1\\org.awaitility\\awaitility\\4.2.0\\2c39784846001a9cffd6c6b89c78de62c0d80
Launcher Type: SUN_STANDARD

[Global flags]
     intx CICompilerCount                          = 3                                         {product} {ergonomic}
     uint ConcGCThreads                            = 1                                         {product} {ergonomic}
     uint G1ConcRefinementThreads                  = 4                                         {product} {ergonomic}
   size_t G1HeapRegionSize                         = 1048576                                   {product} {ergonomic}
    uintx GCDrainStackTargetSize                   = 64                                        {product} {ergonomic}
   size_t InitialHeapSize                          = 268435456                                 {product} {ergonomic}
   size_t MarkStackSize                            = 4194304                                   {product} {ergonomic}
   size_t MaxHeapSize                              = 536870912                                 {product} {command line}
   size_t MaxNewSize                               = 321912832                                 {product} {ergonomic}
   size_t MinHeapDeltaBytes                        = 1048576                                   {product} {ergonomic}
   size_t MinHeapSize                              = 8388608                                   {product} {ergonomic}
    uintx NonNMethodCodeHeapSize                   = 5832780                                {pd product} {ergonomic}
    uintx NonProfiledCodeHeapSize                  = 122912730                              {pd product} {ergonomic}
    uintx ProfiledCodeHeapSize                     = 122912730                              {pd product} {ergonomic}
    uintx ReservedCodeCacheSize                    = 251658240                              {pd product} {ergonomic}
     bool SegmentedCodeCache                       = true                                      {product} {ergonomic}
   size_t SoftMaxHeapSize                          = 536870912                              {manageable} {ergonomic}
     bool UseCompressedClassPointers               = true                           {product lp64_product} {ergonomic}
     bool UseCompressedOops                        = true                           {product lp64_product} {ergonomic}
     bool UseG1GC                                  = true                                      {product} {ergonomic}
     bool UseLargePagesIndividualAllocation        = false                                  {pd product} {ergonomic}

Logging:
Log output configuration:
 #0: stdout all=warning uptime,level,tags
 #1: stderr all=off uptime,level,tags

Environment Variables:
PATH=C:\Program Files\Common Files\Oracle\Java\javapath;C:\Program Files (x86)\Common Files\Oracle\Java\javapath;C:\WINDOWS\system32;C:\WINDOWS;C:\WINDOWS\System32\Wbem;C:\WINDOWS\System32\WindowsPowerShell\v1.0\;C:\WINDOWS\System32\OpenSSH\;C:\Program Files (x86)\NVIDIA Corporation\PhysX\Common;C:\Program Files\Git\cmd;C:\Program Files\dotnet\;C:\Users\aemcm\scoop\shims;C:\Program Files\MySQL\MySQL Shell 8.0\bin\;C:\Users\aemcm\AppData\Local\Microsoft\WindowsApps;;C:\Users\aemcm\AppData\Local\Programs\Fiddler;C:\Program Files\JetBrains\IntelliJ IDEA Community Edition 2021.3\bin;;C:\Program Files\JetBrains\IntelliJ IDEA 2022.1.1\bin;
USERNAME=aemcm
OS=Windows_NT
PROCESSOR_IDENTIFIER=Intel64 Family 6 Model 58 Stepping 9, GenuineIntel



---------------  S Y S T E M  ---------------

OS:
 Windows 11 , 64 bit Build 22000 (10.0.22000.2003)
OS uptime: 0 days 3:30 hours
Hyper-V role detected

CPU: total 4 (initial active 4) (4 cores per cpu, 1 threads per core) family 6 model 58 stepping 9 microcode 0x21, cx8, cmov, fxsr, mmx, sse, sse2, sse3, ssse3, sse4.1, sse4.2, popcnt, tsc, tscinvbit, avx, aes, erms, clmul, vzeroupper, clflush, hv

Memory: 4k page, system-wide physical 16328M (5990M free)
TotalPageFile size 31442M (AvailPageFile size 7M)
current process WorkingSet (physical memory assigned to process): 315M, peak: 320M
current process commit charge ("private bytes"): 347M, peak: 421M

vm_info: Java HotSpot(TM) 64-Bit Server VM (17.0.6+9-LTS-190) for windows-amd64 JRE (17.0.6+9-LTS-190), built on Dec  6 2022 15:53:54 by "mach5one" with MS VC++ 17.1 (VS2022)

END.
