#
# There is insufficient memory for the Java Runtime Environment to continue.
# Native memory allocation (malloc) failed to allocate 1672176 bytes for Chunk::new
# Possible reasons:
#   The system is out of physical RAM or swap space
#   The process is running with CompressedOops enabled, and the Java Heap may be blocking the growth of the native heap
# Possible solutions:
#   Reduce memory load on the system
#   Increase physical memory or swap space
#   Check if swap backing store is full
#   Decrease Java heap size (-Xmx/-Xms)
#   Decrease number of Java threads
#   Decrease Java thread stack sizes (-Xss)
#   Set larger code cache with -XX:ReservedCodeCacheSize=
#   JVM is running with Unscaled Compressed Oops mode in which the Java heap is
#     placed in the first 4GB address space. The Java Heap base address is the
#     maximum limit for the native heap growth. Please use -XX:HeapBaseMinAddress
#     to set the Java Heap base and to place the Java Heap above 4GB virtual address.
# This output file may be truncated or incomplete.
#
#  Out of Memory Error (arena.cpp:189), pid=3796, tid=14456
#
# JRE version: Java(TM) SE Runtime Environment (17.0.6+9) (build 17.0.6+9-LTS-190)
# Java VM: Java HotSpot(TM) 64-Bit Server VM (17.0.6+9-LTS-190, mixed mode, sharing, tiered, compressed oops, compressed class ptrs, g1 gc, windows-amd64)
# No core dump will be written. Minidumps are not enabled by default on client versions of Windows
#

---------------  S U M M A R Y ------------

Command Line: -Dallure.results.directory=D:\QA\projects\Apteka\build\allure-results -Djunit.jupiter.extensions.autodetection.enabled=true -Dorg.gradle.internal.worker.tmpdir=D:\QA\projects\Apteka\build\tmp\test\work -Dorg.gradle.native=false -javaagent:C:\Users\aemcm\.gradle\caches\modules-2\files-2.1\org.aspectj\aspectjweaver\1.9.5\1740dc9140103b796d1722668805fd4cf852780c\aspectjweaver-1.9.5.jar -Xmx512m -Dfile.encoding=UTF-8 -Duser.country=RU -Duser.language=ru -Duser.variant -ea worker.org.gradle.process.internal.worker.GradleWorkerMain 'Gradle Test Executor 18'

Host: Intel(R) Core(TM) i5-3470 CPU @ 3.20GHz, 4 cores, 15G,  Windows 11 , 64 bit Build 22000 (10.0.22000.2003)
Time: Wed Jun 28 23:05:45 2023 RTZ 2 (s 11 , 64 bit Build 22000 (10.0.22000.2003) elapsed time: 8.076482 seconds (0d 0h 0m 8s)

---------------  T H R E A D  ---------------

Current thread (0x000001351be44520):  JavaThread "C2 CompilerThread0" daemon [_thread_in_native, id=14456, stack(0x00000022fb300000,0x00000022fb400000)]


Current CompileTask:
C2:   8076 3968   !   4       jdk.internal.loader.BuiltinClassLoader::loadClassOrNull (143 bytes)

Stack: [0x00000022fb300000,0x00000022fb400000]
Native frames: (J=compiled Java code, j=interpreted, Vv=VM code, C=native code)
V  [jvm.dll+0x6734ea]
V  [jvm.dll+0x7d18f4]
V  [jvm.dll+0x7d309e]
V  [jvm.dll+0x7d3703]
V  [jvm.dll+0x2433c5]
V  [jvm.dll+0xaa46b]
V  [jvm.dll+0xaaa0c]
V  [jvm.dll+0x35eadf]
V  [jvm.dll+0x329401]
V  [jvm.dll+0x32889a]
V  [jvm.dll+0x215ddf]
V  [jvm.dll+0x215211]
V  [jvm.dll+0x1a1730]
V  [jvm.dll+0x224b6e]
V  [jvm.dll+0x222f15]
V  [jvm.dll+0x78753c]
V  [jvm.dll+0x781a7a]
V  [jvm.dll+0x672375]
C  [ucrtbase.dll+0x26c0c]
C  [KERNEL32.DLL+0x155a0]
C  [ntdll.dll+0x485b]


---------------  P R O C E S S  ---------------

Threads class SMR info:
_java_thread_list=0x0000013520f7e370, length=29, elements={
0x000001357feab620, 0x000001351be221e0, 0x000001351be24da0, 0x000001351be3e660,
0x000001351be41420, 0x000001351be42de0, 0x000001351be43790, 0x000001351be44520,
0x000001351be52510, 0x000001351be53310, 0x000001351c8b2640, 0x000001351caff010,
0x000001351d6a5680, 0x000001351d775960, 0x000001351dc88040, 0x00000135205da930,
0x00000135205dcae0, 0x00000135205dc140, 0x00000135205dbc70, 0x00000135205dae00,
0x00000135205db2d0, 0x00000135205d95f0, 0x00000135205d9ac0, 0x000001351c948540,
0x000001351c948a10, 0x000001351ca0e7e0, 0x000001351c948ee0, 0x000001351c945ec0,
0x000001351c947200
}

Java Threads: ( => current thread )
  0x000001357feab620 JavaThread "Forwarding quit on session a710946975e3b5230d46d5a4ecf711a6 to remote" [_thread_blocked, id=16532, stack(0x00000022fa600000,0x00000022fa700000)]
  0x000001351be221e0 JavaThread "Reference Handler" daemon [_thread_blocked, id=7852, stack(0x00000022fad00000,0x00000022fae00000)]
  0x000001351be24da0 JavaThread "Finalizer" daemon [_thread_blocked, id=14968, stack(0x00000022fae00000,0x00000022faf00000)]
  0x000001351be3e660 JavaThread "Signal Dispatcher" daemon [_thread_blocked, id=13916, stack(0x00000022faf00000,0x00000022fb000000)]
  0x000001351be41420 JavaThread "Attach Listener" daemon [_thread_blocked, id=3680, stack(0x00000022fb000000,0x00000022fb100000)]
  0x000001351be42de0 JavaThread "Service Thread" daemon [_thread_blocked, id=18852, stack(0x00000022fb100000,0x00000022fb200000)]
  0x000001351be43790 JavaThread "Monitor Deflation Thread" daemon [_thread_blocked, id=19300, stack(0x00000022fb200000,0x00000022fb300000)]
=>0x000001351be44520 JavaThread "C2 CompilerThread0" daemon [_thread_in_native, id=14456, stack(0x00000022fb300000,0x00000022fb400000)]
  0x000001351be52510 JavaThread "C1 CompilerThread0" daemon [_thread_in_vm, id=13044, stack(0x00000022fb400000,0x00000022fb500000)]
  0x000001351be53310 JavaThread "Sweeper thread" daemon [_thread_blocked, id=16932, stack(0x00000022fb500000,0x00000022fb600000)]
  0x000001351c8b2640 JavaThread "Common-Cleaner" daemon [_thread_blocked, id=11504, stack(0x00000022fb600000,0x00000022fb700000)]
  0x000001351caff010 JavaThread "Notification Thread" daemon [_thread_blocked, id=8532, stack(0x00000022fb800000,0x00000022fb900000)]
  0x000001351d6a5680 JavaThread "/127.0.0.1:13135 to /127.0.0.1:13132 workers" [_thread_blocked, id=18332, stack(0x00000022fbe00000,0x00000022fbf00000)]
  0x000001351d775960 JavaThread "/127.0.0.1:13135 to /127.0.0.1:13132 workers Thread 2" [_thread_in_Java, id=10688, stack(0x00000022fbf00000,0x00000022fc000000)]
  0x000001351dc88040 JavaThread "/127.0.0.1:13135 to /127.0.0.1:13132 workers Thread 3" [_thread_in_native, id=13524, stack(0x00000022fc000000,0x00000022fc100000)]
  0x00000135205da930 JavaThread "ForkJoinPool.commonPool-worker-1" daemon [_thread_blocked, id=3424, stack(0x00000022fc300000,0x00000022fc400000)]
  0x00000135205dcae0 JavaThread "AsyncHttpClient-1-1" daemon [_thread_blocked, id=12116, stack(0x00000022fc400000,0x00000022fc500000)]
  0x00000135205dc140 JavaThread "Exec Default Executor" daemon [_thread_in_native, id=10888, stack(0x00000022fc500000,0x00000022fc600000)]
  0x00000135205dbc70 JavaThread "Exec Stream Pumper" daemon [_thread_in_native, id=2748, stack(0x00000022fc600000,0x00000022fc700000)]
  0x00000135205dae00 JavaThread "Exec Stream Pumper" daemon [_thread_in_native, id=14264, stack(0x00000022fc700000,0x00000022fc800000)]
  0x00000135205db2d0 JavaThread "Driver Service Executor" daemon [_thread_blocked, id=17864, stack(0x00000022fc800000,0x00000022fc900000)]
  0x00000135205d95f0 JavaThread "Driver Service Executor" daemon [_thread_blocked, id=16680, stack(0x00000022fc900000,0x00000022fca00000)]
  0x00000135205d9ac0 JavaThread "UrlChecker-2" daemon [_thread_blocked, id=17836, stack(0x00000022fca00000,0x00000022fcb00000)]
  0x000001351c948540 JavaThread "Keep-Alive-Timer" daemon [_thread_blocked, id=16796, stack(0x00000022fcb00000,0x00000022fcc00000)]
  0x000001351c948a10 JavaThread "AsyncHttpClient-1-2" daemon [_thread_in_native, id=12868, stack(0x00000022fcc00000,0x00000022fcd00000)]
  0x000001351ca0e7e0 JavaThread "C2 CompilerThread1" daemon [_thread_in_native, id=15632, stack(0x00000022fb700000,0x00000022fb800000)]
  0x000001351c948ee0 JavaThread "AsyncHttpClient-1-3" daemon [_thread_in_native, id=12992, stack(0x00000022fcd00000,0x00000022fce00000)]
  0x000001351c945ec0 JavaThread "AsyncHttpClient-1-4" daemon [_thread_in_native, id=17152, stack(0x00000022fce00000,0x00000022fcf00000)]
  0x000001351c947200 JavaThread "Dead threads watchdog" daemon [_thread_blocked, id=9372, stack(0x00000022fcf00000,0x00000022fd000000)]

Other Threads:
  0x000001351be1a330 VMThread "VM Thread" [stack: 0x00000022fac00000,0x00000022fad00000] [id=15664]
  0x000001351c973770 WatcherThread [stack: 0x00000022fb900000,0x00000022fba00000] [id=1000]
  0x000001357fedaa20 GCTaskThread "GC Thread#0" [stack: 0x00000022fa700000,0x00000022fa800000] [id=4792]
  0x000001351ce96230 GCTaskThread "GC Thread#1" [stack: 0x00000022fba00000,0x00000022fbb00000] [id=12604]
  0x000001351cf6a140 GCTaskThread "GC Thread#2" [stack: 0x00000022fbb00000,0x00000022fbc00000] [id=12720]
  0x000001351d1ee2e0 GCTaskThread "GC Thread#3" [stack: 0x00000022fbc00000,0x00000022fbd00000] [id=9240]
  0x000001357fedf960 ConcurrentGCThread "G1 Main Marker" [stack: 0x00000022fa800000,0x00000022fa900000] [id=17780]
  0x000001357fee1380 ConcurrentGCThread "G1 Conc#0" [stack: 0x00000022fa900000,0x00000022faa00000] [id=5176]
  0x000001357ff7e400 ConcurrentGCThread "G1 Refine#0" [stack: 0x00000022faa00000,0x00000022fab00000] [id=16768]
  0x000001351dd92ce0 ConcurrentGCThread "G1 Refine#1" [stack: 0x00000022fc100000,0x00000022fc200000] [id=14548]
  0x000001351f2e1320 ConcurrentGCThread "G1 Refine#2" [stack: 0x00000022fc200000,0x00000022fc300000] [id=2348]
  0x000001357ff7ecc0 ConcurrentGCThread "G1 Service" [stack: 0x00000022fab00000,0x00000022fac00000] [id=16180]

Threads with active compile tasks:
C2 CompilerThread0     8104 3968   !   4       jdk.internal.loader.BuiltinClassLoader::loadClassOrNull (143 bytes)
C1 CompilerThread0     8104 4258       2       java.lang.ClassValue::get (31 bytes)
C2 CompilerThread1     8104 3971       4       org.aspectj.apache.bcel.generic.Type::getType (237 bytes)

VM state: not at safepoint (normal execution)

VM Mutex/Monitor currently owned by a thread: None

Heap address: 0x00000000e0000000, size: 512 MB, Compressed Oops mode: 32-bit

CDS archive(s) mapped at: [0x0000000800000000-0x0000000800bd0000-0x0000000800bd0000), size 12386304, SharedBaseAddress: 0x0000000800000000, ArchiveRelocationMode: 0.
Compressed class space mapped at: 0x0000000800c00000-0x0000000840c00000, reserved size: 1073741824
Narrow klass base: 0x0000000800000000, Narrow klass shift: 0, Narrow klass range: 0x100000000

GC Precious Log:
 CPUs: 4 total, 4 available
 Memory: 16328M
 Large Page Support: Disabled
 NUMA Support: Disabled
 Compressed Oops: Enabled (32-bit)
 Heap Region Size: 1M
 Heap Min Capacity: 8M
 Heap Initial Capacity: 256M
 Heap Max Capacity: 512M
 Pre-touch: Disabled
 Parallel Workers: 4
 Concurrent Workers: 1
 Concurrent Refinement Workers: 4
 Periodic GC: Disabled

Heap:
 garbage-first heap   total 119808K, used 81215K [0x00000000e0000000, 0x0000000100000000)
  region size 1024K, 17 young (17408K), 1 survivors (1024K)
 Metaspace       used 37745K, committed 38080K, reserved 1089536K
  class space    used 4513K, committed 4672K, reserved 1048576K

Heap Regions: E=young(eden), S=young(survivor), O=old, HS=humongous(starts), HC=humongous(continues), CS=collection set, F=free, OA=open archive, CA=closed archive, TAMS=top-at-mark-start (previous, next)
|   0|0x00000000e0000000, 0x00000000e0100000, 0x00000000e0100000|100%| O|  |TAMS 0x00000000e0100000, 0x00000000e0000000| Untracked 
|   1|0x00000000e0100000, 0x00000000e0200000, 0x00000000e0200000|100%| O|  |TAMS 0x00000000e0200000, 0x00000000e0100000| Untracked 
|   2|0x00000000e0200000, 0x00000000e0300000, 0x00000000e0300000|100%| O|  |TAMS 0x00000000e0300000, 0x00000000e0200000| Untracked 
|   3|0x00000000e0300000, 0x00000000e0400000, 0x00000000e0400000|100%| O|  |TAMS 0x00000000e0400000, 0x00000000e0300000| Untracked 
|   4|0x00000000e0400000, 0x00000000e0500000, 0x00000000e0500000|100%| O|  |TAMS 0x00000000e0500000, 0x00000000e0400000| Untracked 
|   5|0x00000000e0500000, 0x00000000e0600000, 0x00000000e0600000|100%| O|  |TAMS 0x00000000e0600000, 0x00000000e0500000| Untracked 
|   6|0x00000000e0600000, 0x00000000e0700000, 0x00000000e0700000|100%| O|  |TAMS 0x00000000e0700000, 0x00000000e0600000| Untracked 
|   7|0x00000000e0700000, 0x00000000e0800000, 0x00000000e0800000|100%| O|  |TAMS 0x00000000e0800000, 0x00000000e0700000| Untracked 
|   8|0x00000000e0800000, 0x00000000e0900000, 0x00000000e0900000|100%| O|  |TAMS 0x00000000e0900000, 0x00000000e0800000| Untracked 
|   9|0x00000000e0900000, 0x00000000e0a00000, 0x00000000e0a00000|100%| O|  |TAMS 0x00000000e0a00000, 0x00000000e0900000| Untracked 
|  10|0x00000000e0a00000, 0x00000000e0b00000, 0x00000000e0b00000|100%| O|  |TAMS 0x00000000e0b00000, 0x00000000e0a00000| Untracked 
|  11|0x00000000e0b00000, 0x00000000e0c00000, 0x00000000e0c00000|100%| O|  |TAMS 0x00000000e0c00000, 0x00000000e0b00000| Untracked 
|  12|0x00000000e0c00000, 0x00000000e0d00000, 0x00000000e0d00000|100%| O|  |TAMS 0x00000000e0d00000, 0x00000000e0c00000| Untracked 
|  13|0x00000000e0d00000, 0x00000000e0e00000, 0x00000000e0e00000|100%| O|  |TAMS 0x00000000e0e00000, 0x00000000e0d00000| Untracked 
|  14|0x00000000e0e00000, 0x00000000e0f00000, 0x00000000e0f00000|100%| O|  |TAMS 0x00000000e0f00000, 0x00000000e0e00000| Untracked 
|  15|0x00000000e0f00000, 0x00000000e1000000, 0x00000000e1000000|100%| O|  |TAMS 0x00000000e1000000, 0x00000000e0f00000| Untracked 
|  16|0x00000000e1000000, 0x00000000e1100000, 0x00000000e1100000|100%| O|  |TAMS 0x00000000e1100000, 0x00000000e1000000| Untracked 
|  17|0x00000000e1100000, 0x00000000e1200000, 0x00000000e1200000|100%| O|  |TAMS 0x00000000e1200000, 0x00000000e1100000| Untracked 
|  18|0x00000000e1200000, 0x00000000e1300000, 0x00000000e1300000|100%| O|  |TAMS 0x00000000e1300000, 0x00000000e1200000| Untracked 
|  19|0x00000000e1300000, 0x00000000e1400000, 0x00000000e1400000|100%| O|  |TAMS 0x00000000e1400000, 0x00000000e1300000| Untracked 
|  20|0x00000000e1400000, 0x00000000e1400000, 0x00000000e1500000|  0%| F|  |TAMS 0x00000000e1400000, 0x00000000e1400000| Untracked 
|  21|0x00000000e1500000, 0x00000000e1600000, 0x00000000e1600000|100%| O|  |TAMS 0x00000000e1600000, 0x00000000e1500000| Untracked 
|  22|0x00000000e1600000, 0x00000000e1700000, 0x00000000e1700000|100%| O|  |TAMS 0x00000000e1700000, 0x00000000e1600000| Untracked 
|  23|0x00000000e1700000, 0x00000000e1800000, 0x00000000e1800000|100%| O|  |TAMS 0x00000000e1800000, 0x00000000e1700000| Untracked 
|  24|0x00000000e1800000, 0x00000000e1900000, 0x00000000e1900000|100%| O|  |TAMS 0x00000000e1900000, 0x00000000e1800000| Untracked 
|  25|0x00000000e1900000, 0x00000000e1a00000, 0x00000000e1a00000|100%| O|  |TAMS 0x00000000e1a00000, 0x00000000e1900000| Untracked 
|  26|0x00000000e1a00000, 0x00000000e1b00000, 0x00000000e1b00000|100%| O|  |TAMS 0x00000000e1b00000, 0x00000000e1a00000| Untracked 
|  27|0x00000000e1b00000, 0x00000000e1c00000, 0x00000000e1c00000|100%| O|  |TAMS 0x00000000e1c00000, 0x00000000e1b00000| Untracked 
|  28|0x00000000e1c00000, 0x00000000e1d00000, 0x00000000e1d00000|100%| O|  |TAMS 0x00000000e1d00000, 0x00000000e1c00000| Untracked 
|  29|0x00000000e1d00000, 0x00000000e1e00000, 0x00000000e1e00000|100%| O|  |TAMS 0x00000000e1e00000, 0x00000000e1d00000| Untracked 
|  30|0x00000000e1e00000, 0x00000000e1f00000, 0x00000000e1f00000|100%| O|  |TAMS 0x00000000e1f00000, 0x00000000e1e00000| Untracked 
|  31|0x00000000e1f00000, 0x00000000e2000000, 0x00000000e2000000|100%| O|  |TAMS 0x00000000e2000000, 0x00000000e1f00000| Untracked 
|  32|0x00000000e2000000, 0x00000000e2100000, 0x00000000e2100000|100%| O|  |TAMS 0x00000000e2100000, 0x00000000e2000000| Untracked 
|  33|0x00000000e2100000, 0x00000000e2200000, 0x00000000e2200000|100%| O|  |TAMS 0x00000000e2200000, 0x00000000e2100000| Untracked 
|  34|0x00000000e2200000, 0x00000000e2300000, 0x00000000e2300000|100%| O|  |TAMS 0x00000000e2300000, 0x00000000e2200000| Untracked 
|  35|0x00000000e2300000, 0x00000000e2400000, 0x00000000e2400000|100%| O|  |TAMS 0x00000000e2400000, 0x00000000e2300000| Untracked 
|  36|0x00000000e2400000, 0x00000000e2500000, 0x00000000e2500000|100%| O|  |TAMS 0x00000000e2500000, 0x00000000e2400000| Untracked 
|  37|0x00000000e2500000, 0x00000000e2600000, 0x00000000e2600000|100%| O|  |TAMS 0x00000000e2600000, 0x00000000e2500000| Untracked 
|  38|0x00000000e2600000, 0x00000000e2700000, 0x00000000e2700000|100%| O|  |TAMS 0x00000000e2700000, 0x00000000e2600000| Untracked 
|  39|0x00000000e2700000, 0x00000000e2800000, 0x00000000e2800000|100%| O|  |TAMS 0x00000000e2800000, 0x00000000e2700000| Untracked 
|  40|0x00000000e2800000, 0x00000000e2900000, 0x00000000e2900000|100%| O|  |TAMS 0x00000000e2900000, 0x00000000e2800000| Untracked 
|  41|0x00000000e2900000, 0x00000000e2900000, 0x00000000e2a00000|  0%| F|  |TAMS 0x00000000e2900000, 0x00000000e2900000| Untracked 
|  42|0x00000000e2a00000, 0x00000000e2b00000, 0x00000000e2b00000|100%| O|  |TAMS 0x00000000e2b00000, 0x00000000e2a00000| Untracked 
|  43|0x00000000e2b00000, 0x00000000e2c00000, 0x00000000e2c00000|100%| O|  |TAMS 0x00000000e2c00000, 0x00000000e2b00000| Untracked 
|  44|0x00000000e2c00000, 0x00000000e2d00000, 0x00000000e2d00000|100%| O|  |TAMS 0x00000000e2d00000, 0x00000000e2c00000| Untracked 
|  45|0x00000000e2d00000, 0x00000000e2e00000, 0x00000000e2e00000|100%| O|  |TAMS 0x00000000e2e00000, 0x00000000e2d00000| Untracked 
|  46|0x00000000e2e00000, 0x00000000e2f00000, 0x00000000e2f00000|100%| O|  |TAMS 0x00000000e2ec5400, 0x00000000e2e00000| Untracked 
|  47|0x00000000e2f00000, 0x00000000e3000000, 0x00000000e3000000|100%| O|  |TAMS 0x00000000e2f00000, 0x00000000e2f00000| Untracked 
|  48|0x00000000e3000000, 0x00000000e3100000, 0x00000000e3100000|100%| O|  |TAMS 0x00000000e3100000, 0x00000000e3000000| Untracked 
|  49|0x00000000e3100000, 0x00000000e3200000, 0x00000000e3200000|100%| O|  |TAMS 0x00000000e3200000, 0x00000000e3100000| Untracked 
|  50|0x00000000e3200000, 0x00000000e3300000, 0x00000000e3300000|100%| O|  |TAMS 0x00000000e3300000, 0x00000000e3200000| Untracked 
|  51|0x00000000e3300000, 0x00000000e3400000, 0x00000000e3400000|100%| O|  |TAMS 0x00000000e3300000, 0x00000000e3300000| Untracked 
|  52|0x00000000e3400000, 0x00000000e3500000, 0x00000000e3500000|100%| O|  |TAMS 0x00000000e3400000, 0x00000000e3400000| Untracked 
|  53|0x00000000e3500000, 0x00000000e3600000, 0x00000000e3600000|100%| O|  |TAMS 0x00000000e3500000, 0x00000000e3500000| Untracked 
|  54|0x00000000e3600000, 0x00000000e3700000, 0x00000000e3700000|100%|HS|  |TAMS 0x00000000e3600000, 0x00000000e3600000| Complete 
|  55|0x00000000e3700000, 0x00000000e3800000, 0x00000000e3800000|100%|HC|  |TAMS 0x00000000e3700000, 0x00000000e3700000| Complete 
|  56|0x00000000e3800000, 0x00000000e3900000, 0x00000000e3900000|100%|HC|  |TAMS 0x00000000e3800000, 0x00000000e3800000| Complete 
|  57|0x00000000e3900000, 0x00000000e3a00000, 0x00000000e3a00000|100%|HC|  |TAMS 0x00000000e3900000, 0x00000000e3900000| Complete 
|  58|0x00000000e3a00000, 0x00000000e3b00000, 0x00000000e3b00000|100%|HC|  |TAMS 0x00000000e3a00000, 0x00000000e3a00000| Complete 
|  59|0x00000000e3b00000, 0x00000000e3c00000, 0x00000000e3c00000|100%| O|  |TAMS 0x00000000e3b00000, 0x00000000e3b00000| Untracked 
|  60|0x00000000e3c00000, 0x00000000e3d00000, 0x00000000e3d00000|100%| O|  |TAMS 0x00000000e3c00000, 0x00000000e3c00000| Untracked 
|  61|0x00000000e3d00000, 0x00000000e3e00000, 0x00000000e3e00000|100%| O|  |TAMS 0x00000000e3d00000, 0x00000000e3d00000| Untracked 
|  62|0x00000000e3e00000, 0x00000000e3f00000, 0x00000000e3f00000|100%| O|  |TAMS 0x00000000e3e00000, 0x00000000e3e00000| Untracked 
|  63|0x00000000e3f00000, 0x00000000e4000000, 0x00000000e4000000|100%| O|  |TAMS 0x00000000e3f00000, 0x00000000e3f00000| Untracked 
|  64|0x00000000e4000000, 0x00000000e4100000, 0x00000000e4100000|100%| O|  |TAMS 0x00000000e4000000, 0x00000000e4000000| Untracked 
|  65|0x00000000e4100000, 0x00000000e41b6000, 0x00000000e4200000| 71%| O|  |TAMS 0x00000000e4100000, 0x00000000e4100000| Untracked 
|  66|0x00000000e4200000, 0x00000000e4200000, 0x00000000e4300000|  0%| F|  |TAMS 0x00000000e4200000, 0x00000000e4200000| Untracked 
|  67|0x00000000e4300000, 0x00000000e4300000, 0x00000000e4400000|  0%| F|  |TAMS 0x00000000e4300000, 0x00000000e4300000| Untracked 
|  68|0x00000000e4400000, 0x00000000e4400000, 0x00000000e4500000|  0%| F|  |TAMS 0x00000000e4400000, 0x00000000e4400000| Untracked 
|  69|0x00000000e4500000, 0x00000000e4500000, 0x00000000e4600000|  0%| F|  |TAMS 0x00000000e4500000, 0x00000000e4500000| Untracked 
|  70|0x00000000e4600000, 0x00000000e4600000, 0x00000000e4700000|  0%| F|  |TAMS 0x00000000e4600000, 0x00000000e4600000| Untracked 
|  71|0x00000000e4700000, 0x00000000e4700000, 0x00000000e4800000|  0%| F|  |TAMS 0x00000000e4700000, 0x00000000e4700000| Untracked 
|  72|0x00000000e4800000, 0x00000000e4800000, 0x00000000e4900000|  0%| F|  |TAMS 0x00000000e4800000, 0x00000000e4800000| Untracked 
|  73|0x00000000e4900000, 0x00000000e4900000, 0x00000000e4a00000|  0%| F|  |TAMS 0x00000000e4900000, 0x00000000e4900000| Untracked 
|  74|0x00000000e4a00000, 0x00000000e4a00000, 0x00000000e4b00000|  0%| F|  |TAMS 0x00000000e4a00000, 0x00000000e4a00000| Untracked 
|  75|0x00000000e4b00000, 0x00000000e4b00000, 0x00000000e4c00000|  0%| F|  |TAMS 0x00000000e4b00000, 0x00000000e4b00000| Untracked 
|  76|0x00000000e4c00000, 0x00000000e4c00000, 0x00000000e4d00000|  0%| F|  |TAMS 0x00000000e4c00000, 0x00000000e4c00000| Untracked 
|  77|0x00000000e4d00000, 0x00000000e4d00000, 0x00000000e4e00000|  0%| F|  |TAMS 0x00000000e4d00000, 0x00000000e4d00000| Untracked 
|  78|0x00000000e4e00000, 0x00000000e4e00000, 0x00000000e4f00000|  0%| F|  |TAMS 0x00000000e4e00000, 0x00000000e4e00000| Untracked 
|  79|0x00000000e4f00000, 0x00000000e4f00000, 0x00000000e5000000|  0%| F|  |TAMS 0x00000000e4f00000, 0x00000000e4f00000| Untracked 
|  80|0x00000000e5000000, 0x00000000e5000000, 0x00000000e5100000|  0%| F|  |TAMS 0x00000000e5000000, 0x00000000e5000000| Untracked 
|  81|0x00000000e5100000, 0x00000000e5100000, 0x00000000e5200000|  0%| F|  |TAMS 0x00000000e5100000, 0x00000000e5100000| Untracked 
|  82|0x00000000e5200000, 0x00000000e5200000, 0x00000000e5300000|  0%| F|  |TAMS 0x00000000e5200000, 0x00000000e5200000| Untracked 
|  83|0x00000000e5300000, 0x00000000e5300000, 0x00000000e5400000|  0%| F|  |TAMS 0x00000000e5300000, 0x00000000e5300000| Untracked 
|  84|0x00000000e5400000, 0x00000000e5400000, 0x00000000e5500000|  0%| F|  |TAMS 0x00000000e5400000, 0x00000000e5400000| Untracked 
|  85|0x00000000e5500000, 0x00000000e5500000, 0x00000000e5600000|  0%| F|  |TAMS 0x00000000e5500000, 0x00000000e5500000| Untracked 
|  86|0x00000000e5600000, 0x00000000e5600000, 0x00000000e5700000|  0%| F|  |TAMS 0x00000000e5600000, 0x00000000e5600000| Untracked 
|  87|0x00000000e5700000, 0x00000000e5700000, 0x00000000e5800000|  0%| F|  |TAMS 0x00000000e5700000, 0x00000000e5700000| Untracked 
|  88|0x00000000e5800000, 0x00000000e5800000, 0x00000000e5900000|  0%| F|  |TAMS 0x00000000e5800000, 0x00000000e5800000| Untracked 
|  89|0x00000000e5900000, 0x00000000e5900000, 0x00000000e5a00000|  0%| F|  |TAMS 0x00000000e5900000, 0x00000000e5900000| Untracked 
|  90|0x00000000e5a00000, 0x00000000e5a00000, 0x00000000e5b00000|  0%| F|  |TAMS 0x00000000e5a00000, 0x00000000e5a00000| Untracked 
|  91|0x00000000e5b00000, 0x00000000e5b00000, 0x00000000e5c00000|  0%| F|  |TAMS 0x00000000e5b00000, 0x00000000e5b00000| Untracked 
|  92|0x00000000e5c00000, 0x00000000e5c00000, 0x00000000e5d00000|  0%| F|  |TAMS 0x00000000e5c00000, 0x00000000e5c00000| Untracked 
|  93|0x00000000e5d00000, 0x00000000e5d00000, 0x00000000e5e00000|  0%| F|  |TAMS 0x00000000e5d00000, 0x00000000e5d00000| Untracked 
|  94|0x00000000e5e00000, 0x00000000e5e00000, 0x00000000e5f00000|  0%| F|  |TAMS 0x00000000e5e00000, 0x00000000e5e00000| Untracked 
|  95|0x00000000e5f00000, 0x00000000e5f00000, 0x00000000e6000000|  0%| F|  |TAMS 0x00000000e5f00000, 0x00000000e5f00000| Untracked 
|  96|0x00000000e6000000, 0x00000000e6000000, 0x00000000e6100000|  0%| F|  |TAMS 0x00000000e6000000, 0x00000000e6000000| Untracked 
|  97|0x00000000e6100000, 0x00000000e6100000, 0x00000000e6200000|  0%| F|  |TAMS 0x00000000e6100000, 0x00000000e6100000| Untracked 
|  98|0x00000000e6200000, 0x00000000e6200000, 0x00000000e6300000|  0%| F|  |TAMS 0x00000000e6200000, 0x00000000e6200000| Untracked 
|  99|0x00000000e6300000, 0x00000000e6300000, 0x00000000e6400000|  0%| F|  |TAMS 0x00000000e6300000, 0x00000000e6300000| Untracked 
| 100|0x00000000e6400000, 0x00000000e64bd3a8, 0x00000000e6500000| 73%| E|  |TAMS 0x00000000e6400000, 0x00000000e6400000| Complete 
| 101|0x00000000e6500000, 0x00000000e6600000, 0x00000000e6600000|100%| E|CS|TAMS 0x00000000e6500000, 0x00000000e6500000| Complete 
| 102|0x00000000e6600000, 0x00000000e6700000, 0x00000000e6700000|100%| E|CS|TAMS 0x00000000e6600000, 0x00000000e6600000| Complete 
| 103|0x00000000e6700000, 0x00000000e6800000, 0x00000000e6800000|100%| E|CS|TAMS 0x00000000e6700000, 0x00000000e6700000| Complete 
| 104|0x00000000e6800000, 0x00000000e6900000, 0x00000000e6900000|100%| E|CS|TAMS 0x00000000e6800000, 0x00000000e6800000| Complete 
| 105|0x00000000e6900000, 0x00000000e6a00000, 0x00000000e6a00000|100%| E|CS|TAMS 0x00000000e6900000, 0x00000000e6900000| Complete 
| 106|0x00000000e6a00000, 0x00000000e6b00000, 0x00000000e6b00000|100%| E|CS|TAMS 0x00000000e6a00000, 0x00000000e6a00000| Complete 
| 107|0x00000000e6b00000, 0x00000000e6c00000, 0x00000000e6c00000|100%| E|CS|TAMS 0x00000000e6b00000, 0x00000000e6b00000| Complete 
| 108|0x00000000e6c00000, 0x00000000e6d00000, 0x00000000e6d00000|100%| E|CS|TAMS 0x00000000e6c00000, 0x00000000e6c00000| Complete 
| 109|0x00000000e6d00000, 0x00000000e6e00000, 0x00000000e6e00000|100%| E|CS|TAMS 0x00000000e6d00000, 0x00000000e6d00000| Complete 
| 110|0x00000000e6e00000, 0x00000000e6f00000, 0x00000000e6f00000|100%| E|CS|TAMS 0x00000000e6e00000, 0x00000000e6e00000| Complete 
| 225|0x00000000ee100000, 0x00000000ee200000, 0x00000000ee200000|100%| E|CS|TAMS 0x00000000ee100000, 0x00000000ee100000| Complete 
| 226|0x00000000ee200000, 0x00000000ee300000, 0x00000000ee300000|100%| E|CS|TAMS 0x00000000ee200000, 0x00000000ee200000| Complete 
| 227|0x00000000ee300000, 0x00000000ee400000, 0x00000000ee400000|100%| E|CS|TAMS 0x00000000ee300000, 0x00000000ee300000| Complete 
| 228|0x00000000ee400000, 0x00000000ee500000, 0x00000000ee500000|100%| E|CS|TAMS 0x00000000ee400000, 0x00000000ee400000| Complete 
| 229|0x00000000ee500000, 0x00000000ee599c60, 0x00000000ee600000| 60%| S|CS|TAMS 0x00000000ee500000, 0x00000000ee500000| Complete 
| 255|0x00000000eff00000, 0x00000000f0000000, 0x00000000f0000000|100%| E|CS|TAMS 0x00000000eff00000, 0x00000000eff00000| Complete 

Card table byte_map: [0x0000013518670000,0x0000013518770000] _byte_map_base: 0x0000013517f70000

Marking Bits (Prev, Next): (CMBitMap*) 0x000001357fedb070, (CMBitMap*) 0x000001357fedb030
 Prev Bits: [0x0000013519070000, 0x0000013519870000)
 Next Bits: [0x0000013518870000, 0x0000013519070000)

Polling page: 0x000001357ff80000

Metaspace:

Usage:
  Non-class:     32.46 MB used.
      Class:      4.41 MB used.
       Both:     36.86 MB used.

Virtual space:
  Non-class space:       40.00 MB reserved,      32.62 MB ( 82%) committed,  5 nodes.
      Class space:        1.00 GB reserved,       4.56 MB ( <1%) committed,  1 nodes.
             Both:        1.04 GB reserved,      37.19 MB (  3%) committed. 

Chunk freelists:
   Non-Class:  3.32 MB
       Class:  3.43 MB
        Both:  6.75 MB

MaxMetaspaceSize: unlimited
CompressedClassSpaceSize: 1.00 GB
Initial GC threshold: 21.00 MB
Current GC threshold: 57.12 MB
CDS: on
MetaspaceReclaimPolicy: balanced
 - commit_granule_bytes: 65536.
 - commit_granule_words: 8192.
 - virtual_space_node_default_size: 1048576.
 - enlarge_chunks_in_place: 1.
 - new_chunks_are_fully_committed: 0.
 - uncommit_free_chunks: 1.
 - use_allocation_guard: 0.
 - handle_deallocations: 1.


Internal statistics:

num_allocs_failed_limit: 6.
num_arena_births: 302.
num_arena_deaths: 0.
num_vsnodes_births: 6.
num_vsnodes_deaths: 0.
num_space_committed: 595.
num_space_uncommitted: 0.
num_chunks_returned_to_freelist: 6.
num_chunks_taken_from_freelist: 1351.
num_chunk_merges: 0.
num_chunk_splits: 971.
num_chunks_enlarged: 782.
num_purges: 0.
num_inconsistent_stats: 0.

CodeHeap 'non-profiled nmethods': size=120000Kb used=2553Kb max_used=2653Kb free=117446Kb
 bounds [0x0000013510a20000, 0x0000013510cd0000, 0x0000013517f50000]
CodeHeap 'profiled nmethods': size=120000Kb used=7187Kb max_used=7909Kb free=112812Kb
 bounds [0x0000013508f50000, 0x0000013509710000, 0x0000013510480000]
CodeHeap 'non-nmethods': size=5760Kb used=1292Kb max_used=1350Kb free=4467Kb
 bounds [0x0000013510480000, 0x00000135106f0000, 0x0000013510a20000]
 total_blobs=4203 nmethods=3596 adapters=519
 compilation: enabled
              stopped_count=0, restarted_count=0
 full_count=0

Compilation events (20 events):
Event: 8.067 Thread 0x000001351be52510 4189       3       java.util.HashMap::prepareArray (38 bytes)
Event: 8.068 Thread 0x000001351be52510 nmethod 4189 0x00000135092eea90 code [0x00000135092eec80, 0x00000135092ef298]
Event: 8.068 Thread 0x000001351be52510 4190       3       java.io.ObjectStreamField::getTypeCode (9 bytes)
Event: 8.069 Thread 0x000001351be52510 nmethod 4190 0x00000135092edf90 code [0x00000135092ee1a0, 0x00000135092ee7a8]
Event: 8.069 Thread 0x000001351be52510 4192       3       org.junit.platform.commons.util.AnnotationUtils::findMetaAnnotation (84 bytes)
Event: 8.069 Thread 0x000001351be52510 nmethod 4192 0x00000135091fa210 code [0x00000135091fa440, 0x00000135091faca8]
Event: 8.069 Thread 0x000001351be52510 4193       2       java.util.regex.Matcher::match (154 bytes)
Event: 8.069 Thread 0x000001351be52510 nmethod 4193 0x00000135091f9b90 code [0x00000135091f9d40, 0x00000135091fa018]
Event: 8.070 Thread 0x000001351be52510 4194       2       java.util.concurrent.ConcurrentHashMap::<init> (5 bytes)
Event: 8.070 Thread 0x000001351be52510 nmethod 4194 0x00000135091f9810 code [0x00000135091f99a0, 0x00000135091f9a98]
Event: 8.070 Thread 0x000001351be52510 4195       2       java.util.Formatter::ensureOpen (16 bytes)
Event: 8.070 Thread 0x000001351be52510 nmethod 4195 0x00000135091f9410 code [0x00000135091f95c0, 0x00000135091f9728]
Event: 8.071 Thread 0x000001351be52510 4196       2       java.lang.StringBuilder::append (6 bytes)
Event: 8.071 Thread 0x000001351be52510 nmethod 4196 0x00000135091f9090 code [0x00000135091f9220, 0x00000135091f9348]
Event: 8.071 Thread 0x000001351be52510 4198       3       java.util.WeakHashMap::getEntry (70 bytes)
Event: 8.072 Thread 0x000001351be52510 nmethod 4198 0x00000135091f8010 code [0x00000135091f8220, 0x00000135091f8ab8]
Event: 8.072 Thread 0x000001351be52510 4197       3       java.util.WeakHashMap::containsKey (14 bytes)
Event: 8.072 Thread 0x000001351be52510 nmethod 4197 0x000001350953f590 code [0x000001350953f740, 0x000001350953f968]
Event: 8.073 Thread 0x000001351be52510 4199       2       java.lang.ReflectiveOperationException::<init> (6 bytes)
Event: 8.073 Thread 0x000001351be52510 nmethod 4199 0x000001350953f210 code [0x000001350953f3a0, 0x000001350953f4c8]

GC Heap History (20 events):
Event: 3.149 GC heap before
{Heap before GC invocations=3 (full 0):
 garbage-first heap   total 262144K, used 123866K [0x00000000e0000000, 0x0000000100000000)
  region size 1024K, 113 young (115712K), 4 survivors (4096K)
 Metaspace       used 18564K, committed 18752K, reserved 1073152K
  class space    used 2002K, committed 2112K, reserved 1048576K
}
Event: 3.170 GC heap after
{Heap after GC invocations=4 (full 0):
 garbage-first heap   total 262144K, used 28805K [0x00000000e0000000, 0x0000000100000000)
  region size 1024K, 15 young (15360K), 15 survivors (15360K)
 Metaspace       used 18564K, committed 18752K, reserved 1073152K
  class space    used 2002K, committed 2112K, reserved 1048576K
}
Event: 3.562 GC heap before
{Heap before GC invocations=4 (full 0):
 garbage-first heap   total 262144K, used 54405K [0x00000000e0000000, 0x0000000100000000)
  region size 1024K, 41 young (41984K), 15 survivors (15360K)
 Metaspace       used 21294K, committed 21504K, reserved 1073152K
  class space    used 2340K, committed 2432K, reserved 1048576K
}
Event: 3.576 GC heap after
{Heap after GC invocations=5 (full 0):
 garbage-first heap   total 262144K, used 33739K [0x00000000e0000000, 0x0000000100000000)
  region size 1024K, 5 young (5120K), 5 survivors (5120K)
 Metaspace       used 21294K, committed 21504K, reserved 1073152K
  class space    used 2340K, committed 2432K, reserved 1048576K
}
Event: 4.426 GC heap before
{Heap before GC invocations=6 (full 0):
 garbage-first heap   total 119808K, used 98251K [0x00000000e0000000, 0x0000000100000000)
  region size 1024K, 69 young (70656K), 5 survivors (5120K)
 Metaspace       used 25484K, committed 25792K, reserved 1073152K
  class space    used 2872K, committed 3008K, reserved 1048576K
}
Event: 4.437 GC heap after
{Heap after GC invocations=7 (full 0):
 garbage-first heap   total 119808K, used 40395K [0x00000000e0000000, 0x0000000100000000)
  region size 1024K, 11 young (11264K), 11 survivors (11264K)
 Metaspace       used 25484K, committed 25792K, reserved 1073152K
  class space    used 2872K, committed 3008K, reserved 1048576K
}
Event: 4.906 GC heap before
{Heap before GC invocations=8 (full 0):
 garbage-first heap   total 119808K, used 86475K [0x00000000e0000000, 0x0000000100000000)
  region size 1024K, 56 young (57344K), 11 survivors (11264K)
 Metaspace       used 27651K, committed 27968K, reserved 1081344K
  class space    used 3157K, committed 3328K, reserved 1048576K
}
Event: 4.918 GC heap after
{Heap after GC invocations=9 (full 0):
 garbage-first heap   total 119808K, used 45578K [0x00000000e0000000, 0x0000000100000000)
  region size 1024K, 6 young (6144K), 6 survivors (6144K)
 Metaspace       used 27651K, committed 27968K, reserved 1081344K
  class space    used 3157K, committed 3328K, reserved 1048576K
}
Event: 4.925 GC heap before
{Heap before GC invocations=9 (full 0):
 garbage-first heap   total 119808K, used 45578K [0x00000000e0000000, 0x0000000100000000)
  region size 1024K, 7 young (7168K), 6 survivors (6144K)
 Metaspace       used 27675K, committed 27968K, reserved 1081344K
  class space    used 3161K, committed 3328K, reserved 1048576K
}
Event: 4.929 GC heap after
{Heap after GC invocations=10 (full 0):
 garbage-first heap   total 119808K, used 46511K [0x00000000e0000000, 0x0000000100000000)
  region size 1024K, 1 young (1024K), 1 survivors (1024K)
 Metaspace       used 27675K, committed 27968K, reserved 1081344K
  class space    used 3161K, committed 3328K, reserved 1048576K
}
Event: 5.328 GC heap before
{Heap before GC invocations=10 (full 0):
 garbage-first heap   total 119808K, used 90543K [0x00000000e0000000, 0x0000000100000000)
  region size 1024K, 44 young (45056K), 1 survivors (1024K)
 Metaspace       used 30745K, committed 31040K, reserved 1081344K
  class space    used 3514K, committed 3648K, reserved 1048576K
}
Event: 5.334 GC heap after
{Heap after GC invocations=11 (full 0):
 garbage-first heap   total 119808K, used 51144K [0x00000000e0000000, 0x0000000100000000)
  region size 1024K, 6 young (6144K), 6 survivors (6144K)
 Metaspace       used 30745K, committed 31040K, reserved 1081344K
  class space    used 3514K, committed 3648K, reserved 1048576K
}
Event: 5.815 GC heap before
{Heap before GC invocations=11 (full 0):
 garbage-first heap   total 119808K, used 91080K [0x00000000e0000000, 0x0000000100000000)
  region size 1024K, 45 young (46080K), 6 survivors (6144K)
 Metaspace       used 33261K, committed 33536K, reserved 1081344K
  class space    used 3870K, committed 4032K, reserved 1048576K
}
Event: 5.821 GC heap after
{Heap after GC invocations=12 (full 0):
 garbage-first heap   total 119808K, used 55061K [0x00000000e0000000, 0x0000000100000000)
  region size 1024K, 4 young (4096K), 4 survivors (4096K)
 Metaspace       used 33261K, committed 33536K, reserved 1081344K
  class space    used 3870K, committed 4032K, reserved 1048576K
}
Event: 6.110 GC heap before
{Heap before GC invocations=12 (full 0):
 garbage-first heap   total 119808K, used 80661K [0x00000000e0000000, 0x0000000100000000)
  region size 1024K, 30 young (30720K), 4 survivors (4096K)
 Metaspace       used 34700K, committed 35008K, reserved 1081344K
  class space    used 4070K, committed 4224K, reserved 1048576K
}
Event: 6.116 GC heap after
{Heap after GC invocations=13 (full 0):
 garbage-first heap   total 119808K, used 57948K [0x00000000e0000000, 0x0000000100000000)
  region size 1024K, 3 young (3072K), 3 survivors (3072K)
 Metaspace       used 34700K, committed 35008K, reserved 1081344K
  class space    used 4070K, committed 4224K, reserved 1048576K
}
Event: 7.820 GC heap before
{Heap before GC invocations=14 (full 0):
 garbage-first heap   total 119808K, used 98908K [0x00000000e0000000, 0x0000000100000000)
  region size 1024K, 38 young (38912K), 3 survivors (3072K)
 Metaspace       used 36560K, committed 36864K, reserved 1081344K
  class space    used 4353K, committed 4480K, reserved 1048576K
}
Event: 7.826 GC heap after
{Heap after GC invocations=15 (full 0):
 garbage-first heap   total 119808K, used 66586K [0x00000000e0000000, 0x0000000100000000)
  region size 1024K, 4 young (4096K), 4 survivors (4096K)
 Metaspace       used 36560K, committed 36864K, reserved 1081344K
  class space    used 4353K, committed 4480K, reserved 1048576K
}
Event: 7.849 GC heap before
{Heap before GC invocations=15 (full 0):
 garbage-first heap   total 119808K, used 67610K [0x00000000e0000000, 0x0000000100000000)
  region size 1024K, 5 young (5120K), 4 survivors (4096K)
 Metaspace       used 36638K, committed 36992K, reserved 1081344K
  class space    used 4370K, committed 4544K, reserved 1048576K
}
Event: 7.853 GC heap after
{Heap after GC invocations=16 (full 0):
 garbage-first heap   total 119808K, used 65855K [0x00000000e0000000, 0x0000000100000000)
  region size 1024K, 1 young (1024K), 1 survivors (1024K)
 Metaspace       used 36638K, committed 36992K, reserved 1081344K
  class space    used 4370K, committed 4544K, reserved 1048576K
}

Deoptimization events (20 events):
Event: 7.959 Thread 0x000001357feab620 Uncommon trap: trap_request=0xffffffde fr.pc=0x0000013510bf49d4 relative=0x0000000000001134
Event: 7.959 Thread 0x000001357feab620 Uncommon trap: reason=class_check action=maybe_recompile pc=0x0000013510bf49d4 method=java.util.concurrent.ConcurrentHashMap.putVal(Ljava/lang/Object;Ljava/lang/Object;Z)Ljava/lang/Object; @ 242 c2
Event: 7.959 Thread 0x000001357feab620 DEOPT PACKING pc=0x0000013510bf49d4 sp=0x00000022fa6fb520
Event: 7.959 Thread 0x000001357feab620 DEOPT UNPACKING pc=0x00000135104d23a3 sp=0x00000022fa6fb4a0 mode 2
Event: 7.959 Thread 0x000001357feab620 Uncommon trap: trap_request=0xffffffde fr.pc=0x0000013510bf49d4 relative=0x0000000000001134
Event: 7.959 Thread 0x000001357feab620 Uncommon trap: reason=class_check action=maybe_recompile pc=0x0000013510bf49d4 method=java.util.concurrent.ConcurrentHashMap.putVal(Ljava/lang/Object;Ljava/lang/Object;Z)Ljava/lang/Object; @ 242 c2
Event: 7.959 Thread 0x000001357feab620 DEOPT PACKING pc=0x0000013510bf49d4 sp=0x00000022fa6fb790
Event: 7.959 Thread 0x000001357feab620 DEOPT UNPACKING pc=0x00000135104d23a3 sp=0x00000022fa6fb710 mode 2
Event: 7.960 Thread 0x000001357feab620 Uncommon trap: trap_request=0xffffffde fr.pc=0x0000013510bf4870 relative=0x0000000000000fd0
Event: 7.960 Thread 0x000001357feab620 Uncommon trap: reason=class_check action=maybe_recompile pc=0x0000013510bf4870 method=java.util.concurrent.ConcurrentHashMap.putVal(Ljava/lang/Object;Ljava/lang/Object;Z)Ljava/lang/Object; @ 159 c2
Event: 7.960 Thread 0x000001357feab620 DEOPT PACKING pc=0x0000013510bf4870 sp=0x00000022fa6fb680
Event: 7.960 Thread 0x000001357feab620 DEOPT UNPACKING pc=0x00000135104d23a3 sp=0x00000022fa6fb610 mode 2
Event: 7.961 Thread 0x000001357feab620 Uncommon trap: trap_request=0xffffffde fr.pc=0x0000013510bf49d4 relative=0x0000000000001134
Event: 7.961 Thread 0x000001357feab620 Uncommon trap: reason=class_check action=maybe_recompile pc=0x0000013510bf49d4 method=java.util.concurrent.ConcurrentHashMap.putVal(Ljava/lang/Object;Ljava/lang/Object;Z)Ljava/lang/Object; @ 242 c2
Event: 7.961 Thread 0x000001357feab620 DEOPT PACKING pc=0x0000013510bf49d4 sp=0x00000022fa6fb520
Event: 7.961 Thread 0x000001357feab620 DEOPT UNPACKING pc=0x00000135104d23a3 sp=0x00000022fa6fb4a0 mode 2
Event: 8.004 Thread 0x000001357feab620 Uncommon trap: trap_request=0xffffff45 fr.pc=0x0000013510aae7a4 relative=0x0000000000000184
Event: 8.004 Thread 0x000001357feab620 Uncommon trap: reason=unstable_if action=reinterpret pc=0x0000013510aae7a4 method=java.util.concurrent.ConcurrentHashMap.get(Ljava/lang/Object;)Ljava/lang/Object; @ 152 c2
Event: 8.004 Thread 0x000001357feab620 DEOPT PACKING pc=0x0000013510aae7a4 sp=0x00000022fa6fb9b0
Event: 8.004 Thread 0x000001357feab620 DEOPT UNPACKING pc=0x00000135104d23a3 sp=0x00000022fa6fb928 mode 2

Classes unloaded (0 events):
No events

Classes redefined (0 events):
No events

Internal exceptions (20 events):
Event: 7.754 Thread 0x000001357feab620 Exception <a 'java/lang/IncompatibleClassChangeError'{0x00000000e50b92f0}: Found class java.lang.Object, but interface was expected> (0x00000000e50b92f0) 
thrown [s\open\src\hotspot\share\interpreter\linkResolver.cpp, line 826]
Event: 7.755 Thread 0x000001357feab620 Exception <a 'java/lang/IncompatibleClassChangeError'{0x00000000e50bc968}: Found class java.lang.Object, but interface was expected> (0x00000000e50bc968) 
thrown [s\open\src\hotspot\share\interpreter\linkResolver.cpp, line 826]
Event: 7.755 Thread 0x000001357feab620 Exception <a 'java/lang/IncompatibleClassChangeError'{0x00000000e50c26a8}: Found class java.lang.Object, but interface was expected> (0x00000000e50c26a8) 
thrown [s\open\src\hotspot\share\interpreter\linkResolver.cpp, line 826]
Event: 7.756 Thread 0x000001357feab620 Exception <a 'java/lang/IncompatibleClassChangeError'{0x00000000e50c5cc8}: Found class java.lang.Object, but interface was expected> (0x00000000e50c5cc8) 
thrown [s\open\src\hotspot\share\interpreter\linkResolver.cpp, line 826]
Event: 7.830 Thread 0x000001357feab620 Exception <a 'java/lang/ClassNotFoundException'{0x00000000eff32e08}: sun/misc/SharedSecrets> (0x00000000eff32e08) 
thrown [s\open\src\hotspot\share\classfile\systemDictionary.cpp, line 256]
Event: 7.839 Thread 0x000001357feab620 Exception <a 'java/lang/reflect/InvocationTargetException'{0x00000000eff7e4c0}> (0x00000000eff7e4c0) 
thrown [s\open\src\hotspot\share\runtime\reflection.cpp, line 1121]
Event: 7.872 Thread 0x000001357feab620 Exception <a 'java/lang/IncompatibleClassChangeError'{0x00000000effe8778}: Found class java.lang.Object, but interface was expected> (0x00000000effe8778) 
thrown [s\open\src\hotspot\share\interpreter\linkResolver.cpp, line 826]
Event: 7.872 Thread 0x000001357feab620 Exception <a 'java/lang/IncompatibleClassChangeError'{0x00000000effebb48}: Found class java.lang.Object, but interface was expected> (0x00000000effebb48) 
thrown [s\open\src\hotspot\share\interpreter\linkResolver.cpp, line 826]
Event: 7.872 Thread 0x000001357feab620 Exception <a 'java/lang/IncompatibleClassChangeError'{0x00000000effeeed8}: Found class java.lang.Object, but interface was expected> (0x00000000effeeed8) 
thrown [s\open\src\hotspot\share\interpreter\linkResolver.cpp, line 826]
Event: 7.872 Thread 0x000001357feab620 Exception <a 'java/lang/IncompatibleClassChangeError'{0x00000000efff2240}: Found class java.lang.Object, but interface was expected> (0x00000000efff2240) 
thrown [s\open\src\hotspot\share\interpreter\linkResolver.cpp, line 826]
Event: 7.873 Thread 0x000001357feab620 Exception <a 'java/lang/IncompatibleClassChangeError'{0x00000000efff55d0}: Found class java.lang.Object, but interface was expected> (0x00000000efff55d0) 
thrown [s\open\src\hotspot\share\interpreter\linkResolver.cpp, line 826]
Event: 7.873 Thread 0x000001357feab620 Exception <a 'sun/nio/fs/WindowsException'{0x00000000efff8718}> (0x00000000efff8718) 
thrown [s\open\src\hotspot\share\prims\jni.cpp, line 516]
Event: 8.041 Thread 0x000001357feab620 Exception <a 'java/lang/IncompatibleClassChangeError'{0x00000000e6612150}: Found class java.lang.Object, but interface was expected> (0x00000000e6612150) 
thrown [s\open\src\hotspot\share\interpreter\linkResolver.cpp, line 826]
Event: 8.045 Thread 0x000001357feab620 Exception <a 'java/lang/IncompatibleClassChangeError'{0x00000000e662c260}: Found class java.lang.Object, but interface was expected> (0x00000000e662c260) 
thrown [s\open\src\hotspot\share\interpreter\linkResolver.cpp, line 826]
Event: 8.045 Thread 0x000001357feab620 Exception <a 'java/lang/IncompatibleClassChangeError'{0x00000000e662f668}: Found class java.lang.Object, but interface was expected> (0x00000000e662f668) 
thrown [s\open\src\hotspot\share\interpreter\linkResolver.cpp, line 826]
Event: 8.045 Thread 0x000001357feab620 Exception <a 'java/lang/IncompatibleClassChangeError'{0x00000000e6632ab0}: Found class java.lang.Object, but interface was expected> (0x00000000e6632ab0) 
thrown [s\open\src\hotspot\share\interpreter\linkResolver.cpp, line 826]
Event: 8.046 Thread 0x000001357feab620 Exception <a 'java/lang/IncompatibleClassChangeError'{0x00000000e6635f28}: Found class java.lang.Object, but interface was expected> (0x00000000e6635f28) 
thrown [s\open\src\hotspot\share\interpreter\linkResolver.cpp, line 826]
Event: 8.046 Thread 0x000001357feab620 Exception <a 'sun/nio/fs/WindowsException'{0x00000000e66390b8}> (0x00000000e66390b8) 
thrown [s\open\src\hotspot\share\prims\jni.cpp, line 516]
Event: 8.061 Thread 0x000001357feab620 Exception <a 'java/lang/IncompatibleClassChangeError'{0x00000000e669b528}: Found class java.lang.Object, but interface was expected> (0x00000000e669b528) 
thrown [s\open\src\hotspot\share\interpreter\linkResolver.cpp, line 826]
Event: 8.066 Thread 0x000001357feab620 Exception <a 'java/lang/IncompatibleClassChangeError'{0x00000000e66e11a8}: Found class java.lang.Object, but interface was expected> (0x00000000e66e11a8) 
thrown [s\open\src\hotspot\share\interpreter\linkResolver.cpp, line 826]

VM Operations (20 events):
Event: 5.486 Executing VM operation: HandshakeAllThreads
Event: 5.486 Executing VM operation: HandshakeAllThreads done
Event: 5.714 Executing VM operation: ICBufferFull
Event: 5.714 Executing VM operation: ICBufferFull done
Event: 5.815 Executing VM operation: G1CollectForAllocation
Event: 5.821 Executing VM operation: G1CollectForAllocation done
Event: 6.110 Executing VM operation: G1TryInitiateConcMark
Event: 6.119 Executing VM operation: G1TryInitiateConcMark done
Event: 6.182 Executing VM operation: G1Concurrent
Event: 6.184 Executing VM operation: G1Concurrent done
Event: 6.215 Executing VM operation: G1Concurrent
Event: 6.215 Executing VM operation: G1Concurrent done
Event: 7.820 Executing VM operation: G1CollectForAllocation
Event: 7.826 Executing VM operation: G1CollectForAllocation done
Event: 7.849 Executing VM operation: G1CollectForAllocation
Event: 7.854 Executing VM operation: G1CollectForAllocation done
Event: 7.874 Executing VM operation: HandshakeAllThreads
Event: 7.874 Executing VM operation: HandshakeAllThreads done
Event: 7.913 Executing VM operation: HandshakeAllThreads
Event: 7.913 Executing VM operation: HandshakeAllThreads done

Events (20 events):
Event: 7.843 loading class java/lang/Throwable$PrintStreamOrWriter done
Event: 7.844 loading class java/lang/Throwable$WrappedPrintWriter done
Event: 7.844 loading class java/lang/StackTraceElement$HashedModules
Event: 7.845 loading class java/lang/StackTraceElement$HashedModules done
Event: 7.873 loading class java/nio/file/FileAlreadyExistsException
Event: 7.873 loading class java/nio/file/FileAlreadyExistsException done
Event: 7.874 loading class sun/nio/fs/WindowsPath$1
Event: 7.874 loading class sun/nio/fs/WindowsPath$1 done
Event: 7.881 loading class java/util/concurrent/atomic/AtomicReferenceArray
Event: 7.881 loading class java/util/concurrent/atomic/AtomicReferenceArray done
Event: 7.942 loading class org/w3c/dom/Node
Event: 7.942 loading class org/w3c/dom/Node done
Event: 7.942 loading class org/w3c/dom/Document
Event: 7.942 loading class org/w3c/dom/Document done
Event: 8.067 loading class java/io/ObjectOutputStream$BlockDataOutputStream
Event: 8.067 loading class java/io/ObjectOutputStream$BlockDataOutputStream done
Event: 8.067 loading class java/io/ObjectOutputStream$HandleTable
Event: 8.067 loading class java/io/ObjectOutputStream$HandleTable done
Event: 8.067 loading class java/io/ObjectOutputStream$ReplaceTable
Event: 8.067 loading class java/io/ObjectOutputStream$ReplaceTable done


Dynamic libraries:
0x00007ff6be6a0000 - 0x00007ff6be6b0000 	C:\Program Files\Java\jdk-17\bin\java.exe
0x00007ffb01e40000 - 0x00007ffb02049000 	C:\WINDOWS\SYSTEM32\ntdll.dll
0x00007ffb013a0000 - 0x00007ffb0145e000 	C:\WINDOWS\System32\KERNEL32.DLL
0x00007ffaff350000 - 0x00007ffaff6d4000 	C:\WINDOWS\System32\KERNELBASE.dll
0x00007ffaff6e0000 - 0x00007ffaff7f1000 	C:\WINDOWS\System32\ucrtbase.dll
0x00007ffafb5e0000 - 0x00007ffafb5f8000 	C:\Program Files\Java\jdk-17\bin\jli.dll
0x00007ffb012f0000 - 0x00007ffb0139f000 	C:\WINDOWS\System32\ADVAPI32.dll
0x00007ffb01cb0000 - 0x00007ffb01d53000 	C:\WINDOWS\System32\msvcrt.dll
0x00007ffb01d60000 - 0x00007ffb01dfe000 	C:\WINDOWS\System32\sechost.dll
0x00007ffb002d0000 - 0x00007ffb003f1000 	C:\WINDOWS\System32\RPCRT4.dll
0x00007ffaf13f0000 - 0x00007ffaf140b000 	C:\Program Files\Java\jdk-17\bin\VCRUNTIME140.dll
0x00007ffafff00000 - 0x00007ffb000ad000 	C:\WINDOWS\System32\USER32.dll
0x00007ffaff8c0000 - 0x00007ffaff8e6000 	C:\WINDOWS\System32\win32u.dll
0x00007ffb00a70000 - 0x00007ffb00a9a000 	C:\WINDOWS\System32\GDI32.dll
0x00007ffaffb80000 - 0x00007ffaffc9f000 	C:\WINDOWS\System32\gdi32full.dll
0x00007ffaffae0000 - 0x00007ffaffb7d000 	C:\WINDOWS\System32\msvcp_win.dll
0x00007ffaf2d30000 - 0x00007ffaf2fd5000 	C:\WINDOWS\WinSxS\amd64_microsoft.windows.common-controls_6595b64144ccf1df_6.0.22000.120_none_9d947278b86cc467\COMCTL32.dll
0x00007ffafdf70000 - 0x00007ffafdf7a000 	C:\WINDOWS\SYSTEM32\VERSION.dll
0x00007ffb01a60000 - 0x00007ffb01a91000 	C:\WINDOWS\System32\IMM32.DLL
0x00007ffafb5d0000 - 0x00007ffafb5dc000 	C:\Program Files\Java\jdk-17\bin\vcruntime140_1.dll
0x00007ffae0980000 - 0x00007ffae0a0e000 	C:\Program Files\Java\jdk-17\bin\msvcp140.dll
0x00007ffacc280000 - 0x00007ffacce57000 	C:\Program Files\Java\jdk-17\bin\server\jvm.dll
0x00007ffb016d0000 - 0x00007ffb016d8000 	C:\WINDOWS\System32\PSAPI.DLL
0x00007ffae7bd0000 - 0x00007ffae7bd9000 	C:\WINDOWS\SYSTEM32\WSOCK32.dll
0x00007ffb01660000 - 0x00007ffb016cf000 	C:\WINDOWS\System32\WS2_32.dll
0x00007ffaf58f0000 - 0x00007ffaf5923000 	C:\WINDOWS\SYSTEM32\WINMM.dll
0x00007ffafe310000 - 0x00007ffafe328000 	C:\WINDOWS\SYSTEM32\kernel.appcore.dll
0x00007ffaf4000000 - 0x00007ffaf400a000 	C:\Program Files\Java\jdk-17\bin\jimage.dll
0x00007ffae9df0000 - 0x00007ffaea011000 	C:\WINDOWS\SYSTEM32\DBGHELP.DLL
0x00007ffaf1110000 - 0x00007ffaf1141000 	C:\WINDOWS\SYSTEM32\dbgcore.DLL
0x00007ffaffa60000 - 0x00007ffaffadf000 	C:\WINDOWS\System32\bcryptPrimitives.dll
0x00007ffaf35d0000 - 0x00007ffaf35de000 	C:\Program Files\Java\jdk-17\bin\instrument.dll
0x00007ffae9270000 - 0x00007ffae9295000 	C:\Program Files\Java\jdk-17\bin\java.dll
0x00007ffadc880000 - 0x00007ffadc957000 	C:\Program Files\Java\jdk-17\bin\jsvml.dll
0x00007ffb00b20000 - 0x00007ffb012e5000 	C:\WINDOWS\System32\SHELL32.dll
0x00007ffafd0a0000 - 0x00007ffafd904000 	C:\WINDOWS\SYSTEM32\windows.storage.dll
0x00007ffb016e0000 - 0x00007ffb01a56000 	C:\WINDOWS\System32\combase.dll
0x00007ffafcf30000 - 0x00007ffafd097000 	C:\WINDOWS\SYSTEM32\wintypes.dll
0x00007ffb00180000 - 0x00007ffb0026a000 	C:\WINDOWS\System32\SHCORE.dll
0x00007ffb01460000 - 0x00007ffb014bd000 	C:\WINDOWS\System32\shlwapi.dll
0x00007ffaff210000 - 0x00007ffaff231000 	C:\WINDOWS\SYSTEM32\profapi.dll
0x00007ffae9090000 - 0x00007ffae90a8000 	C:\Program Files\Java\jdk-17\bin\zip.dll
0x00007ffaf13d0000 - 0x00007ffaf13e9000 	C:\Program Files\Java\jdk-17\bin\net.dll
0x00007ffafa230000 - 0x00007ffafa343000 	C:\WINDOWS\SYSTEM32\WINHTTP.dll
0x00007ffafe7b0000 - 0x00007ffafe817000 	C:\WINDOWS\system32\mswsock.dll
0x00007ffae95b0000 - 0x00007ffae95c6000 	C:\Program Files\Java\jdk-17\bin\nio.dll
0x00007ffaf1160000 - 0x00007ffaf1170000 	C:\Program Files\Java\jdk-17\bin\verify.dll
0x00007ffae9080000 - 0x00007ffae908d000 	C:\Program Files\Java\jdk-17\bin\sunmscapi.dll
0x00007ffaff8f0000 - 0x00007ffaffa5a000 	C:\WINDOWS\System32\CRYPT32.dll
0x00007ffafec10000 - 0x00007ffafec3a000 	C:\WINDOWS\SYSTEM32\ncrypt.dll
0x00007ffafebd0000 - 0x00007ffafec07000 	C:\WINDOWS\SYSTEM32\NTASN1.dll
0x00007ffaf46f0000 - 0x00007ffaf46f8000 	C:\WINDOWS\system32\wshunix.dll
0x00007ffafea80000 - 0x00007ffafea98000 	C:\WINDOWS\SYSTEM32\CRYPTSP.dll
0x00007ffafe270000 - 0x00007ffafe2a5000 	C:\WINDOWS\system32\rsaenh.dll
0x00007ffafe850000 - 0x00007ffafe879000 	C:\WINDOWS\SYSTEM32\USERENV.dll
0x00007ffafec40000 - 0x00007ffafec67000 	C:\WINDOWS\SYSTEM32\bcrypt.dll
0x00007ffafe9a0000 - 0x00007ffafe9ac000 	C:\WINDOWS\SYSTEM32\CRYPTBASE.dll
0x00007ffafdb50000 - 0x00007ffafdb7d000 	C:\WINDOWS\SYSTEM32\IPHLPAPI.DLL
0x00007ffb01aa0000 - 0x00007ffb01aa9000 	C:\WINDOWS\System32\NSI.dll
0x00007ffaf9fa0000 - 0x00007ffaf9fb9000 	C:\WINDOWS\SYSTEM32\dhcpcsvc6.DLL
0x00007ffafa5b0000 - 0x00007ffafa5ce000 	C:\WINDOWS\SYSTEM32\dhcpcsvc.DLL
0x00007ffafdb80000 - 0x00007ffafdc67000 	C:\WINDOWS\SYSTEM32\DNSAPI.dll
0x00007ffae4650000 - 0x00007ffae4667000 	C:\WINDOWS\system32\napinsp.dll
0x00007ffae36c0000 - 0x00007ffae36db000 	C:\WINDOWS\system32\pnrpnsp.dll
0x00007ffae3500000 - 0x00007ffae3512000 	C:\WINDOWS\System32\winrnr.dll
0x00007ffae34e0000 - 0x00007ffae34f5000 	C:\WINDOWS\system32\wshbth.dll
0x00007ffae34c0000 - 0x00007ffae34df000 	C:\WINDOWS\system32\nlansp_c.dll
0x0000000054eb0000 - 0x0000000054ed6000 	C:\Program Files\Bonjour\mdnsNSP.dll
0x00007ffaf8000000 - 0x00007ffaf800a000 	C:\Windows\System32\rasadhlp.dll
0x00007ffaf8490000 - 0x00007ffaf8512000 	C:\WINDOWS\System32\fwpuclnt.dll
0x00007ffafbe20000 - 0x00007ffafbe2a000 	C:\Program Files\Java\jdk-17\bin\management.dll
0x00007ffae91d0000 - 0x00007ffae91db000 	C:\Program Files\Java\jdk-17\bin\management_ext.dll

dbghelp: loaded successfully - version: 4.0.5 - missing functions: none
symbol engine: initialized successfully - sym options: 0x614 - pdb path: .;C:\Program Files\Java\jdk-17\bin;C:\WINDOWS\SYSTEM32;C:\WINDOWS\WinSxS\amd64_microsoft.windows.common-controls_6595b64144ccf1df_6.0.22000.120_none_9d947278b86cc467;C:\Program Files\Java\jdk-17\bin\server;C:\Program Files\Bonjour

VM Arguments:
jvm_args: -Dallure.results.directory=D:\QA\projects\Apteka\build\allure-results -Djunit.jupiter.extensions.autodetection.enabled=true -Dorg.gradle.internal.worker.tmpdir=D:\QA\projects\Apteka\build\tmp\test\work -Dorg.gradle.native=false -javaagent:C:\Users\aemcm\.gradle\caches\modules-2\files-2.1\org.aspectj\aspectjweaver\1.9.5\1740dc9140103b796d1722668805fd4cf852780c\aspectjweaver-1.9.5.jar -Xmx512m -Dfile.encoding=UTF-8 -Duser.country=RU -Duser.language=ru -Duser.variant -ea 
java_command: worker.org.gradle.process.internal.worker.GradleWorkerMain 'Gradle Test Executor 18'
java_class_path (initial): C:\\Users\\aemcm\\.gradle\\caches\\7.6\\workerMain\\gradle-worker.jar;D:\\QA\\projects\\Apteka\\build\\classes\\java\\test;C:\\Users\\aemcm\\.gradle\\caches\\modules-2\\files-2.1\\com.codeborne\\selenide\\6.11.0\\eaceeff0e392891e4f4d7d9552c7975f04e99d9\\selenide-6.11.0.jar;C:\\Users\\aemcm\\.gradle\\caches\\modules-2\\files-2.1\\io.qameta.allure\\allure-selenide\\2.20.1\\b8589aa857bbce84e6e64250e31b9ab9f921f2db\\allure-selenide-2.20.1.jar;C:\\Users\\aemcm\\.gradle\\caches\\modules-2\\files-2.1\\org.slf4j\\slf4j-simple\\2.0.6\\78c57967fe87a823697fe6cf0f5b394b0aa18337\\slf4j-simple-2.0.6.jar;C:\\Users\\aemcm\\.gradle\\caches\\modules-2\\files-2.1\\io.qameta.allure\\allure-junit5\\2.20.1\\4dd0476b2b3faf26719200407a2ecfd0cd3b4de9\\allure-junit5-2.20.1.jar;C:\\Users\\aemcm\\.gradle\\caches\\modules-2\\files-2.1\\io.qameta.allure\\allure-junit-platform\\2.20.1\\eed7d32afe119e7897123e4183921e311dae509f\\allure-junit-platform-2.20.1.jar;C:\\Users\\aemcm\\.gradle\\caches\\modules-2\\files-2.1\\org.junit.platform\\junit-platform-launcher\\1.9.1\\b4534f5130dcfb10e8ac41a5fba6ec656c9ede06\\junit-platform-launcher-1.9.1.jar;C:\\Users\\aemcm\\.gradle\\caches\\modules-2\\files-2.1\\org.junit.platform\\junit-platform-engine\\1.9.1\\83591e5089d6cea5f324aa3ecca9b19d5a275803\\junit-platform-engine-1.9.1.jar;C:\\Users\\aemcm\\.gradle\\caches\\modules-2\\files-2.1\\org.junit.platform\\junit-platform-commons\\1.9.1\\3145f821b5cd10abcdc5f925baa5fffa6f1b628f\\junit-platform-commons-1.9.1.jar;C:\\Users\\aemcm\\.gradle\\caches\\modules-2\\files-2.1\\org.junit.jupiter\\junit-jupiter-engine\\5.9.1\\1bf771097bde296c3ab174861954e8aafaaf2e94\\junit-jupiter-engine-5.9.1.jar;C:\\Users\\aemcm\\.gradle\\caches\\modules-2\\files-2.1\\org.junit.jupiter\\junit-jupiter-api\\5.9.1\\7bb53fbc0173e9f6a9d21d58297af94b1f2f9ce1\\junit-jupiter-api-5.9.1.jar;C:\\Users\\aemcm\\.gradle\\caches\\modules-2\\files-2.1\\org.awaitility\\awaitility\\4.2.0\\2c39784846001a9cffd6c6b89c78de62c0d80
Launcher Type: SUN_STANDARD

[Global flags]
     intx CICompilerCount                          = 3                                         {product} {ergonomic}
     uint ConcGCThreads                            = 1                                         {product} {ergonomic}
     uint G1ConcRefinementThreads                  = 4                                         {product} {ergonomic}
   size_t G1HeapRegionSize                         = 1048576                                   {product} {ergonomic}
    uintx GCDrainStackTargetSize                   = 64                                        {product} {ergonomic}
   size_t InitialHeapSize                          = 268435456                                 {product} {ergonomic}
   size_t MarkStackSize                            = 4194304                                   {product} {ergonomic}
   size_t MaxHeapSize                              = 536870912                                 {product} {command line}
   size_t MaxNewSize                               = 321912832                                 {product} {ergonomic}
   size_t MinHeapDeltaBytes                        = 1048576                                   {product} {ergonomic}
   size_t MinHeapSize                              = 8388608                                   {product} {ergonomic}
    uintx NonNMethodCodeHeapSize                   = 5832780                                {pd product} {ergonomic}
    uintx NonProfiledCodeHeapSize                  = 122912730                              {pd product} {ergonomic}
    uintx ProfiledCodeHeapSize                     = 122912730                              {pd product} {ergonomic}
    uintx ReservedCodeCacheSize                    = 251658240                              {pd product} {ergonomic}
     bool SegmentedCodeCache                       = true                                      {product} {ergonomic}
   size_t SoftMaxHeapSize                          = 536870912                              {manageable} {ergonomic}
     bool UseCompressedClassPointers               = true                           {product lp64_product} {ergonomic}
     bool UseCompressedOops                        = true                           {product lp64_product} {ergonomic}
     bool UseG1GC                                  = true                                      {product} {ergonomic}
     bool UseLargePagesIndividualAllocation        = false                                  {pd product} {ergonomic}

Logging:
Log output configuration:
 #0: stdout all=warning uptime,level,tags
 #1: stderr all=off uptime,level,tags

Environment Variables:
PATH=C:\Program Files\Common Files\Oracle\Java\javapath;C:\Program Files (x86)\Common Files\Oracle\Java\javapath;C:\WINDOWS\system32;C:\WINDOWS;C:\WINDOWS\System32\Wbem;C:\WINDOWS\System32\WindowsPowerShell\v1.0\;C:\WINDOWS\System32\OpenSSH\;C:\Program Files (x86)\NVIDIA Corporation\PhysX\Common;C:\Program Files\Git\cmd;C:\Program Files\dotnet\;C:\Users\aemcm\scoop\shims;C:\Program Files\MySQL\MySQL Shell 8.0\bin\;C:\Users\aemcm\AppData\Local\Microsoft\WindowsApps;;C:\Users\aemcm\AppData\Local\Programs\Fiddler;C:\Program Files\JetBrains\IntelliJ IDEA Community Edition 2021.3\bin;;C:\Program Files\JetBrains\IntelliJ IDEA 2022.1.1\bin;
USERNAME=aemcm
OS=Windows_NT
PROCESSOR_IDENTIFIER=Intel64 Family 6 Model 58 Stepping 9, GenuineIntel



---------------  S Y S T E M  ---------------

OS:
 Windows 11 , 64 bit Build 22000 (10.0.22000.2003)
OS uptime: 0 days 8:48 hours
Hyper-V role detected

CPU: total 4 (initial active 4) (4 cores per cpu, 1 threads per core) family 6 model 58 stepping 9 microcode 0x21, cx8, cmov, fxsr, mmx, sse, sse2, sse3, ssse3, sse4.1, sse4.2, popcnt, tsc, tscinvbit, avx, aes, erms, clmul, vzeroupper, clflush, hv

Memory: 4k page, system-wide physical 16328M (5825M free)
TotalPageFile size 31442M (AvailPageFile size 6M)
current process WorkingSet (physical memory assigned to process): 277M, peak: 281M
current process commit charge ("private bytes"): 308M, peak: 423M

vm_info: Java HotSpot(TM) 64-Bit Server VM (17.0.6+9-LTS-190) for windows-amd64 JRE (17.0.6+9-LTS-190), built on Dec  6 2022 15:53:54 by "mach5one" with MS VC++ 17.1 (VS2022)

END.
