#
# There is insufficient memory for the Java Runtime Environment to continue.
# Native memory allocation (mmap) failed to map 268435456 bytes for G1 virtual space
# Possible reasons:
#   The system is out of physical RAM or swap space
#   The process is running with CompressedOops enabled, and the Java Heap may be blocking the growth of the native heap
# Possible solutions:
#   Reduce memory load on the system
#   Increase physical memory or swap space
#   Check if swap backing store is full
#   Decrease Java heap size (-Xmx/-Xms)
#   Decrease number of Java threads
#   Decrease Java thread stack sizes (-Xss)
#   Set larger code cache with -XX:ReservedCodeCacheSize=
#   JVM is running with Unscaled Compressed Oops mode in which the Java heap is
#     placed in the first 4GB address space. The Java Heap base address is the
#     maximum limit for the native heap growth. Please use -XX:HeapBaseMinAddress
#     to set the Java Heap base and to place the Java Heap above 4GB virtual address.
# This output file may be truncated or incomplete.
#
#  Out of Memory Error (os_windows.cpp:3550), pid=15928, tid=15792
#
# JRE version:  (17.0.6+9) (build )
# Java VM: Java HotSpot(TM) 64-Bit Server VM (17.0.6+9-LTS-190, mixed mode, sharing, tiered, compressed oops, compressed class ptrs, g1 gc, windows-amd64)
# No core dump will be written. Minidumps are not enabled by default on client versions of Windows
#

---------------  S U M M A R Y ------------

Command Line: -Dallure.results.directory=D:\QA\projects\Apteka\build\allure-results -Djunit.jupiter.extensions.autodetection.enabled=true -Dorg.gradle.internal.worker.tmpdir=D:\QA\projects\Apteka\build\tmp\test\work -Dorg.gradle.native=false -javaagent:C:\Users\aemcm\.gradle\caches\modules-2\files-2.1\org.aspectj\aspectjweaver\1.9.5\1740dc9140103b796d1722668805fd4cf852780c\aspectjweaver-1.9.5.jar -Xmx512m -Dfile.encoding=UTF-8 -Duser.country=RU -Duser.language=ru -Duser.variant -ea worker.org.gradle.process.internal.worker.GradleWorkerMain 'Gradle Test Executor 4'

Host: Intel(R) Core(TM) i5-3470 CPU @ 3.20GHz, 4 cores, 15G,  Windows 11 , 64 bit Build 22000 (10.0.22000.2003)
Time: Wed Jun 28 16:18:52 2023 RTZ 2 (s 11 , 64 bit Build 22000 (10.0.22000.2003) elapsed time: 0.014580 seconds (0d 0h 0m 0s)

---------------  T H R E A D  ---------------

Current thread (0x0000020e748ae850):  JavaThread "Unknown thread" [_thread_in_vm, id=15792, stack(0x000000cf9f800000,0x000000cf9f900000)]

Stack: [0x000000cf9f800000,0x000000cf9f900000]
Native frames: (J=compiled Java code, j=interpreted, Vv=VM code, C=native code)
V  [jvm.dll+0x6734ea]
V  [jvm.dll+0x7d18f4]
V  [jvm.dll+0x7d309e]
V  [jvm.dll+0x7d3703]
V  [jvm.dll+0x2433c5]
V  [jvm.dll+0x6703f9]
V  [jvm.dll+0x664d32]
V  [jvm.dll+0x300086]
V  [jvm.dll+0x307606]
V  [jvm.dll+0x356c1e]
V  [jvm.dll+0x356e4f]
V  [jvm.dll+0x2d72e8]
V  [jvm.dll+0x2d8254]
V  [jvm.dll+0x7a33b1]
V  [jvm.dll+0x3647f1]
V  [jvm.dll+0x782839]
V  [jvm.dll+0x3e757f]
V  [jvm.dll+0x3e9001]
C  [jli.dll+0x5297]
C  [ucrtbase.dll+0x26c0c]
C  [KERNEL32.DLL+0x155a0]
C  [ntdll.dll+0x485b]


---------------  P R O C E S S  ---------------

Threads class SMR info:
_java_thread_list=0x00007ffaa82ce958, length=0, elements={
}

Java Threads: ( => current thread )

Other Threads:
  0x0000020e748db950 GCTaskThread "GC Thread#0" [stack: 0x000000cf9f900000,0x000000cf9fa00000] [id=11656]
  0x0000020e748ef800 ConcurrentGCThread "G1 Main Marker" [stack: 0x000000cf9fa00000,0x000000cf9fb00000] [id=2844]
  0x0000020e748f07c0 ConcurrentGCThread "G1 Conc#0" [stack: 0x000000cf9fb00000,0x000000cf9fc00000] [id=6696]

[error occurred during error reporting (printing all threads), id 0xc0000005, EXCEPTION_ACCESS_VIOLATION (0xc0000005) at pc=0x00007ffaa7b07f07]

VM state: not at safepoint (not fully initialized)

VM Mutex/Monitor currently owned by a thread:  ([mutex/lock_event])
[0x0000020e748aa440] Heap_lock - owner thread: 0x0000020e748ae850

Heap address: 0x00000000e0000000, size: 512 MB, Compressed Oops mode: 32-bit

CDS archive(s) mapped at: [0x0000000000000000-0x0000000000000000-0x0000000000000000), size 0, SharedBaseAddress: 0x0000000800000000, ArchiveRelocationMode: 0.
Narrow klass base: 0x0000000000000000, Narrow klass shift: 0, Narrow klass range: 0x0

GC Precious Log:
<Empty>

Heap:
 garbage-first heap   total 0K, used 0K [0x00000000e0000000, 0x0000000100000000)
  region size 1024K, 0 young (0K), 0 survivors (0K)

[error occurred during error reporting (printing heap information), id 0xc0000005, EXCEPTION_ACCESS_VIOLATION (0xc0000005) at pc=0x00007ffaa7eec759]

GC Heap History (0 events):
No events

Deoptimization events (0 events):
No events

Classes unloaded (0 events):
No events

Classes redefined (0 events):
No events

Internal exceptions (0 events):
No events

VM Operations (0 events):
No events

Events (1 events):
Event: 0.008 Loaded shared library C:\Program Files\Java\jdk-17\bin\java.dll


Dynamic libraries:
0x00007ff6be6a0000 - 0x00007ff6be6b0000 	C:\Program Files\Java\jdk-17\bin\java.exe
0x00007ffb01e40000 - 0x00007ffb02049000 	C:\WINDOWS\SYSTEM32\ntdll.dll
0x00007ffb013a0000 - 0x00007ffb0145e000 	C:\WINDOWS\System32\KERNEL32.DLL
0x00007ffaff350000 - 0x00007ffaff6d4000 	C:\WINDOWS\System32\KERNELBASE.dll
0x00007ffaff6e0000 - 0x00007ffaff7f1000 	C:\WINDOWS\System32\ucrtbase.dll
0x00007ffadc940000 - 0x00007ffadc95b000 	C:\Program Files\Java\jdk-17\bin\VCRUNTIME140.dll
0x00007ffae2680000 - 0x00007ffae2698000 	C:\Program Files\Java\jdk-17\bin\jli.dll
0x00007ffb012f0000 - 0x00007ffb0139f000 	C:\WINDOWS\System32\ADVAPI32.dll
0x00007ffb01cb0000 - 0x00007ffb01d53000 	C:\WINDOWS\System32\msvcrt.dll
0x00007ffb01d60000 - 0x00007ffb01dfe000 	C:\WINDOWS\System32\sechost.dll
0x00007ffb002d0000 - 0x00007ffb003f1000 	C:\WINDOWS\System32\RPCRT4.dll
0x00007ffafff00000 - 0x00007ffb000ad000 	C:\WINDOWS\System32\USER32.dll
0x00007ffaff8c0000 - 0x00007ffaff8e6000 	C:\WINDOWS\System32\win32u.dll
0x00007ffaf2d30000 - 0x00007ffaf2fd5000 	C:\WINDOWS\WinSxS\amd64_microsoft.windows.common-controls_6595b64144ccf1df_6.0.22000.120_none_9d947278b86cc467\COMCTL32.dll
0x00007ffb00a70000 - 0x00007ffb00a9a000 	C:\WINDOWS\System32\GDI32.dll
0x00007ffaffb80000 - 0x00007ffaffc9f000 	C:\WINDOWS\System32\gdi32full.dll
0x00007ffaffae0000 - 0x00007ffaffb7d000 	C:\WINDOWS\System32\msvcp_win.dll
0x00007ffafdf70000 - 0x00007ffafdf7a000 	C:\WINDOWS\SYSTEM32\VERSION.dll
0x00007ffb01a60000 - 0x00007ffb01a91000 	C:\WINDOWS\System32\IMM32.DLL
0x00007ffae1ce0000 - 0x00007ffae1cec000 	C:\Program Files\Java\jdk-17\bin\vcruntime140_1.dll
0x00007ffadc8b0000 - 0x00007ffadc93e000 	C:\Program Files\Java\jdk-17\bin\msvcp140.dll
0x00007ffaa7820000 - 0x00007ffaa83f7000 	C:\Program Files\Java\jdk-17\bin\server\jvm.dll
0x00007ffb016d0000 - 0x00007ffb016d8000 	C:\WINDOWS\System32\PSAPI.DLL
0x00007ffaf58f0000 - 0x00007ffaf5923000 	C:\WINDOWS\SYSTEM32\WINMM.dll
0x00007ffae7bd0000 - 0x00007ffae7bd9000 	C:\WINDOWS\SYSTEM32\WSOCK32.dll
0x00007ffb01660000 - 0x00007ffb016cf000 	C:\WINDOWS\System32\WS2_32.dll
0x00007ffafe310000 - 0x00007ffafe328000 	C:\WINDOWS\SYSTEM32\kernel.appcore.dll
0x00007ffaaa110000 - 0x00007ffaaa11a000 	C:\Program Files\Java\jdk-17\bin\jimage.dll
0x00007ffae9df0000 - 0x00007ffaea011000 	C:\WINDOWS\SYSTEM32\DBGHELP.DLL
0x00007ffaf1110000 - 0x00007ffaf1141000 	C:\WINDOWS\SYSTEM32\dbgcore.DLL
0x00007ffaffa60000 - 0x00007ffaffadf000 	C:\WINDOWS\System32\bcryptPrimitives.dll
0x00007ffafb560000 - 0x00007ffafb56e000 	C:\Program Files\Java\jdk-17\bin\instrument.dll
0x00007ffaaa0e0000 - 0x00007ffaaa105000 	C:\Program Files\Java\jdk-17\bin\java.dll

dbghelp: loaded successfully - version: 4.0.5 - missing functions: none
symbol engine: initialized successfully - sym options: 0x614 - pdb path: .;C:\Program Files\Java\jdk-17\bin;C:\WINDOWS\SYSTEM32;C:\WINDOWS\WinSxS\amd64_microsoft.windows.common-controls_6595b64144ccf1df_6.0.22000.120_none_9d947278b86cc467;C:\Program Files\Java\jdk-17\bin\server

VM Arguments:
jvm_args: -Dallure.results.directory=D:\QA\projects\Apteka\build\allure-results -Djunit.jupiter.extensions.autodetection.enabled=true -Dorg.gradle.internal.worker.tmpdir=D:\QA\projects\Apteka\build\tmp\test\work -Dorg.gradle.native=false -javaagent:C:\Users\aemcm\.gradle\caches\modules-2\files-2.1\org.aspectj\aspectjweaver\1.9.5\1740dc9140103b796d1722668805fd4cf852780c\aspectjweaver-1.9.5.jar -Xmx512m -Dfile.encoding=UTF-8 -Duser.country=RU -Duser.language=ru -Duser.variant -ea 
java_command: worker.org.gradle.process.internal.worker.GradleWorkerMain 'Gradle Test Executor 4'
java_class_path (initial): C:\\Users\\aemcm\\.gradle\\caches\\7.6\\workerMain\\gradle-worker.jar;D:\\QA\\projects\\Apteka\\build\\classes\\java\\test;C:\\Users\\aemcm\\.gradle\\caches\\modules-2\\files-2.1\\com.codeborne\\selenide\\6.11.0\\eaceeff0e392891e4f4d7d9552c7975f04e99d9\\selenide-6.11.0.jar;C:\\Users\\aemcm\\.gradle\\caches\\modules-2\\files-2.1\\io.qameta.allure\\allure-selenide\\2.20.1\\b8589aa857bbce84e6e64250e31b9ab9f921f2db\\allure-selenide-2.20.1.jar;C:\\Users\\aemcm\\.gradle\\caches\\modules-2\\files-2.1\\org.slf4j\\slf4j-simple\\2.0.6\\78c57967fe87a823697fe6cf0f5b394b0aa18337\\slf4j-simple-2.0.6.jar;C:\\Users\\aemcm\\.gradle\\caches\\modules-2\\files-2.1\\io.qameta.allure\\allure-junit5\\2.20.1\\4dd0476b2b3faf26719200407a2ecfd0cd3b4de9\\allure-junit5-2.20.1.jar;C:\\Users\\aemcm\\.gradle\\caches\\modules-2\\files-2.1\\io.qameta.allure\\allure-junit-platform\\2.20.1\\eed7d32afe119e7897123e4183921e311dae509f\\allure-junit-platform-2.20.1.jar;C:\\Users\\aemcm\\.gradle\\caches\\modules-2\\files-2.1\\org.junit.platform\\junit-platform-launcher\\1.9.1\\b4534f5130dcfb10e8ac41a5fba6ec656c9ede06\\junit-platform-launcher-1.9.1.jar;C:\\Users\\aemcm\\.gradle\\caches\\modules-2\\files-2.1\\org.junit.platform\\junit-platform-engine\\1.9.1\\83591e5089d6cea5f324aa3ecca9b19d5a275803\\junit-platform-engine-1.9.1.jar;C:\\Users\\aemcm\\.gradle\\caches\\modules-2\\files-2.1\\org.junit.platform\\junit-platform-commons\\1.9.1\\3145f821b5cd10abcdc5f925baa5fffa6f1b628f\\junit-platform-commons-1.9.1.jar;C:\\Users\\aemcm\\.gradle\\caches\\modules-2\\files-2.1\\org.junit.jupiter\\junit-jupiter-engine\\5.9.1\\1bf771097bde296c3ab174861954e8aafaaf2e94\\junit-jupiter-engine-5.9.1.jar;C:\\Users\\aemcm\\.gradle\\caches\\modules-2\\files-2.1\\org.junit.jupiter\\junit-jupiter-api\\5.9.1\\7bb53fbc0173e9f6a9d21d58297af94b1f2f9ce1\\junit-jupiter-api-5.9.1.jar;C:\\Users\\aemcm\\.gradle\\caches\\modules-2\\files-2.1\\org.awaitility\\awaitility\\4.2.0\\2c39784846001a9cffd6c6b89c78de62c0d80
Launcher Type: SUN_STANDARD

[Global flags]
     intx CICompilerCount                          = 3                                         {product} {ergonomic}
     uint ConcGCThreads                            = 1                                         {product} {ergonomic}
     uint G1ConcRefinementThreads                  = 4                                         {product} {ergonomic}
   size_t G1HeapRegionSize                         = 1048576                                   {product} {ergonomic}
    uintx GCDrainStackTargetSize                   = 64                                        {product} {ergonomic}
   size_t InitialHeapSize                          = 268435456                                 {product} {ergonomic}
   size_t MarkStackSize                            = 4194304                                   {product} {ergonomic}
   size_t MaxHeapSize                              = 536870912                                 {product} {command line}
   size_t MinHeapDeltaBytes                        = 1048576                                   {product} {ergonomic}
   size_t MinHeapSize                              = 8388608                                   {product} {ergonomic}
    uintx NonNMethodCodeHeapSize                   = 5832780                                {pd product} {ergonomic}
    uintx NonProfiledCodeHeapSize                  = 122912730                              {pd product} {ergonomic}
    uintx ProfiledCodeHeapSize                     = 122912730                              {pd product} {ergonomic}
    uintx ReservedCodeCacheSize                    = 251658240                              {pd product} {ergonomic}
     bool SegmentedCodeCache                       = true                                      {product} {ergonomic}
   size_t SoftMaxHeapSize                          = 536870912                              {manageable} {ergonomic}
     bool UseCompressedClassPointers               = true                           {product lp64_product} {ergonomic}
     bool UseCompressedOops                        = true                           {product lp64_product} {ergonomic}
     bool UseG1GC                                  = true                                      {product} {ergonomic}
     bool UseLargePagesIndividualAllocation        = false                                  {pd product} {ergonomic}

Logging:
Log output configuration:
 #0: stdout all=warning uptime,level,tags
 #1: stderr all=off uptime,level,tags

Environment Variables:
PATH=C:\Program Files\Common Files\Oracle\Java\javapath;C:\Program Files (x86)\Common Files\Oracle\Java\javapath;C:\WINDOWS\system32;C:\WINDOWS;C:\WINDOWS\System32\Wbem;C:\WINDOWS\System32\WindowsPowerShell\v1.0\;C:\WINDOWS\System32\OpenSSH\;C:\Program Files (x86)\NVIDIA Corporation\PhysX\Common;C:\Program Files\Git\cmd;C:\Program Files\dotnet\;C:\Users\aemcm\scoop\shims;C:\Program Files\MySQL\MySQL Shell 8.0\bin\;C:\Users\aemcm\AppData\Local\Microsoft\WindowsApps;;C:\Users\aemcm\AppData\Local\Programs\Fiddler;C:\Program Files\JetBrains\IntelliJ IDEA Community Edition 2021.3\bin;;C:\Program Files\JetBrains\IntelliJ IDEA 2022.1.1\bin;
USERNAME=aemcm
OS=Windows_NT
PROCESSOR_IDENTIFIER=Intel64 Family 6 Model 58 Stepping 9, GenuineIntel



---------------  S Y S T E M  ---------------

OS:
 Windows 11 , 64 bit Build 22000 (10.0.22000.2003)
OS uptime: 0 days 2:02 hours
Hyper-V role detected

CPU: total 4 (initial active 4) (4 cores per cpu, 1 threads per core) family 6 model 58 stepping 9 microcode 0x21, cx8, cmov, fxsr, mmx, sse, sse2, sse3, ssse3, sse4.1, sse4.2, popcnt, tsc, tscinvbit, avx, aes, erms, clmul, vzeroupper, clflush, hv

Memory: 4k page, system-wide physical 16328M (3710M free)
TotalPageFile size 31442M (AvailPageFile size 253M)
current process WorkingSet (physical memory assigned to process): 10M, peak: 10M
current process commit charge ("private bytes"): 51M, peak: 307M

vm_info: Java HotSpot(TM) 64-Bit Server VM (17.0.6+9-LTS-190) for windows-amd64 JRE (17.0.6+9-LTS-190), built on Dec  6 2022 15:53:54 by "mach5one" with MS VC++ 17.1 (VS2022)

END.
